Proc 0: range = [0, 68)
Proc 1: range = [60, 132)
20426.523438 -11189.071289 -14120.008789 18194.359375 -19008.119141 7449.831543 -32117.964844 -14536.532227 5870.926270 15027.083008 8344.556641 29624.509766 23750.562500 -22126.712891 32333.935547 -31083.173828 13934.287109 -6002.769531 
Proc 2: range = [124, 200)
13934.287109 -6002.769531 30835.427734 -18147.199219 17794.689453 -26400.710938 -543.894043 -10034.288086 -1121.709473 20367.748047 19721.718750 24435.716797 26045.666016 2602.093018 -13060.541016 13704.689453 24180.521484 5586.949707 -868.449646 
3293.504395 -5569.204102 29151.101562 686.012939 -8970.042969 -24468.636719 -15164.196289 4938.522461 -7488.499023 -11855.858398 -3011.495117 -7210.073730 -27089.582031 15647.874023 -4728.757812 20426.523438 -11189.071289 
(first)phase = 0
First process data after
-5569.204102 3293.504395 686.012939 29151.101562 -24468.636719 -8970.042969 -15164.196289 4938.522461 -11855.858398 -7488.499023 -7210.073730 -3011.495117 -27089.582031 15647.874023 -4728.757812 20426.523438 -11189.071289 (first)phase = 1
First : -14120.008789 
First process data after
(middle)phase = 0
middle process data after
20426.523438 -14120.008789 -11189.071289 -19008.119141 18194.359375 -32117.964844 7449.831543 -14536.532227 5870.926270 8344.556641 15027.083008 23750.562500 29624.509766 -22126.712891 32333.935547 -31083.173828 13934.287109 -6002.769531 (middle)phase = 1
middle process data after
(last)phase = 0
Last process data after
13934.287109 -6002.769531 30835.427734 -18147.199219 17794.689453 -26400.710938 -543.894043 -10034.288086 -1121.709473 19721.718750 20367.748047 24435.716797 26045.666016 -13060.541016 2602.093018 13704.689453 24180.521484 -868.449646 5586.949707 (last)phase = 1
Last process data after
-5569.204102 686.012939 3293.504395 -24468.636719 29151.101562 -15164.196289 -8970.042969 -11855.858398 4938.522461 -7488.499023 -7210.073730 -27089.582031 -3011.495117 -4728.757812 15647.874023 -14120.008789 20426.523438 (first)phase = 2
First : 20426.523438 
First process data after
-5569.204102 686.012939 -24468.636719 3293.504395 -15164.196289 29151.101562 -11855.858398 -8970.042969 -7488.499023 4938.522461 -27089.582031 -7210.073730 -4728.757812 -3011.495117 -14120.008789 15647.874023 20426.523438 (first)phase = 3
First : -19008.119141 
First process data after
-14120.008789 20426.523438 -19008.119141 -11189.071289 -32117.964844 18194.359375 -14536.532227 7449.831543 5870.926270 8344.556641 15027.083008 23750.562500 -22126.712891 29624.509766 -31083.173828 32333.935547 -6002.769531 13934.287109 (middle)phase = 2
middle process data after
-14120.008789 -19008.119141 20426.523438 -32117.964844 -11189.071289 -14536.532227 18194.359375 5870.926270 7449.831543 8344.556641 15027.083008 -22126.712891 23750.562500 -31083.173828 29624.509766 -6002.769531 32333.935547 13934.287109 (middle)phase = 3
middle process data after
-6002.769531 13934.287109 -18147.199219 30835.427734 -26400.710938 17794.689453 -10034.288086 -543.894043 -1121.709473 19721.718750 20367.748047 24435.716797 -13060.541016 26045.666016 2602.093018 13704.689453 -868.449646 24180.521484 5586.949707 (last)phase = 2
Last process data after
-6002.769531 -18147.199219 13934.287109 -26400.710938 30835.427734 -10034.288086 17794.689453 -1121.709473 -543.894043 19721.718750 20367.748047 -13060.541016 24435.716797 2602.093018 26045.666016 -868.449646 13704.689453 5586.949707 24180.521484 (last)phase = 3
Last process data after
-18147.199219 -6002.769531 -26400.710938 13934.287109 -10034.288086 30835.427734 -1121.709473 17794.689453 -543.894043 19721.718750 -13060.541016 20367.748047 2602.093018 24435.716797 -868.449646 26045.666016 5586.949707 13704.689453 24180.521484 (last)phase = 4
Last process data after
-5569.204102 -24468.636719 686.012939 -15164.196289 3293.504395 -11855.858398 29151.101562 -8970.042969 -7488.499023 -27089.582031 4938.522461 -7210.073730 -4728.757812 -14120.008789 -3011.495117 -19008.119141 15647.874023 (first)phase = 4
First : 15647.874023 
First process data after
-24468.636719 -5569.204102 -15164.196289 686.012939 -11855.858398 3293.504395 -8970.042969 29151.101562 -27089.582031 -7488.499023 -7210.073730 4938.522461 -14120.008789 -4728.757812 -19008.119141 -3011.495117 15647.874023 (first)phase = 5
First : -32117.964844 
First process data after
-19008.119141 15647.874023 -32117.964844 20426.523438 -14536.532227 -11189.071289 5870.926270 18194.359375 7449.831543 8344.556641 -22126.712891 15027.083008 -31083.173828 23750.562500 -6002.769531 29624.509766 -18147.199219 32333.935547 (middle)phase = 4
middle process data after
-19008.119141 -32117.964844 15647.874023 -14536.532227 20426.523438 -11189.071289 5870.926270 7449.831543 18194.359375 -22126.712891 8344.556641 -31083.173828 15027.083008 -6002.769531 23750.562500 -18147.199219 29624.509766 -6002.769531 (middle)phase = 5
middle process data after
-18147.199219 -26400.710938 -6002.769531 -10034.288086 13934.287109 -1121.709473 30835.427734 -543.894043 17794.689453 -13060.541016 19721.718750 2602.093018 20367.748047 -868.449646 24435.716797 5586.949707 26045.666016 13704.689453 24180.521484 (last)phase = 5
Last process data after
-26400.710938 -18147.199219 -10034.288086 -6002.769531 -1121.709473 13934.287109 -543.894043 30835.427734 -13060.541016 17794.689453 2602.093018 19721.718750 -868.449646 20367.748047 5586.949707 24435.716797 13704.689453 26045.666016 24180.521484 (last)phase = 6
Last process data after
-24468.636719 -15164.196289 -5569.204102 -11855.858398 686.012939 -8970.042969 3293.504395 -27089.582031 29151.101562 -7488.499023 -7210.073730 -14120.008789 4938.522461 -19008.119141 -4728.757812 -32117.964844 -3011.495117 (first)phase = 6
First : -3011.495117 
First process data after
-32117.964844 -3011.495117 -14536.532227 15647.874023 -11189.071289 20426.523438 5870.926270 7449.831543 -22126.712891 18194.359375 -31083.173828 8344.556641 -6002.769531 15027.083008 -18147.199219 23750.562500 -26400.710938 29624.509766 (middle)phase = 6
middle process data after
-32117.964844 -14536.532227 -3011.495117 -11189.071289 15647.874023 5870.926270 20426.523438 -22126.712891 7449.831543 -31083.173828 18194.359375 -6002.769531 8344.556641 -18147.199219 15027.083008 -26400.710938 23750.562500 -18147.199219 (middle)phase = 7
middle process data after
-26400.710938 -18147.199219 -10034.288086 -6002.769531 -1121.709473 -543.894043 13934.287109 -13060.541016 30835.427734 2602.093018 17794.689453 -868.449646 19721.718750 5586.949707 20367.748047 13704.689453 24435.716797 24180.521484 26045.666016 (last)phase = 7
Last process data after
-24468.636719 -15164.196289 -11855.858398 -5569.204102 -8970.042969 686.012939 -27089.582031 3293.504395 -7488.499023 29151.101562 -14120.008789 -7210.073730 -19008.119141 4938.522461 -32117.964844 -4728.757812 -3011.495117 (first)phase = 7
First : -14536.532227 
First process data after
-24468.636719 -15164.196289 -11855.858398 -8970.042969 -5569.204102 -27089.582031 686.012939 -7488.499023 3293.504395 -14120.008789 29151.101562 -19008.119141 -7210.073730 -32117.964844 4938.522461 -14536.532227 -4728.757812 (first)phase = 8
First : -4728.757812 
First process data after
-14536.532227 -4728.757812 -11189.071289 -3011.495117 5870.926270 15647.874023 -22126.712891 20426.523438 -31083.173828 7449.831543 -6002.769531 18194.359375 -18147.199219 8344.556641 -26400.710938 15027.083008 -18147.199219 23750.562500 (middle)phase = 8
middle process data after
-26400.710938 -18147.199219 -10034.288086 -6002.769531 -1121.709473 -543.894043 -13060.541016 13934.287109 2602.093018 30835.427734 -868.449646 17794.689453 5586.949707 19721.718750 13704.689453 20367.748047 24180.521484 24435.716797 26045.666016 (last)phase = 8
Last process data after
-26400.710938 -18147.199219 -10034.288086 -6002.769531 -1121.709473 -13060.541016 -543.894043 2602.093018 13934.287109 -868.449646 30835.427734 5586.949707 17794.689453 13704.689453 19721.718750 20367.748047 24180.521484 24435.716797 26045.666016 (last)phase = 9
Last process data after
-24468.636719 -15164.196289 -11855.858398 -8970.042969 -27089.582031 -5569.204102 -7488.499023 686.012939 -14120.008789 3293.504395 -19008.119141 29151.101562 -32117.964844 -7210.073730 -14536.532227 4938.522461 -4728.757812 (first)phase = 9
First : -11189.071289 
First process data after
-14536.532227 -11189.071289 -4728.757812 -3011.495117 5870.926270 -22126.712891 15647.874023 -31083.173828 20426.523438 -6002.769531 7449.831543 -18147.199219 18194.359375 -26400.710938 8344.556641 -18147.199219 15027.083008 -18147.199219 (middle)phase = 9
middle process data after
-11189.071289 4938.522461 -4728.757812 -3011.495117 -22126.712891 5870.926270 -31083.173828 15647.874023 -6002.769531 20426.523438 -18147.199219 7449.831543 -26400.710938 18194.359375 -18147.199219 8344.556641 -18147.199219 15027.083008 (middle)phase = 10
middle process data after
-26400.710938 -18147.199219 -10034.288086 -6002.769531 -13060.541016 -1121.709473 -543.894043 2602.093018 -868.449646 13934.287109 5586.949707 30835.427734 13704.689453 17794.689453 19721.718750 20367.748047 24180.521484 24435.716797 26045.666016 (last)phase = 10
Last process data after
-24468.636719 -15164.196289 -11855.858398 -27089.582031 -8970.042969 -7488.499023 -5569.204102 -14120.008789 686.012939 -19008.119141 3293.504395 -32117.964844 29151.101562 -14536.532227 -7210.073730 -11189.071289 4938.522461 (first)phase = 10
First : 4938.522461 
First process data after
-11189.071289 -4728.757812 4938.522461 -22126.712891 -3011.495117 -31083.173828 5870.926270 -6002.769531 15647.874023 -18147.199219 20426.523438 -26400.710938 7449.831543 -18147.199219 18194.359375 -18147.199219 8344.556641 -18147.199219 (middle)phase = 11
middle process data after
-26400.710938 -18147.199219 -10034.288086 -13060.541016 -6002.769531 -1121.709473 -543.894043 -868.449646 2602.093018 5586.949707 13934.287109 13704.689453 30835.427734 17794.689453 19721.718750 20367.748047 24180.521484 24435.716797 26045.666016 (last)phase = 11
Last process data after
-24468.636719 -15164.196289 -27089.582031 -11855.858398 -8970.042969 -7488.499023 -14120.008789 -5569.204102 -19008.119141 686.012939 -32117.964844 3293.504395 -14536.532227 29151.101562 -11189.071289 -7210.073730 4938.522461 (first)phase = 11
First : -4728.757812 
First process data after
-24468.636719 -27089.582031 -15164.196289 -11855.858398 -8970.042969 -14120.008789 -7488.499023 -19008.119141 -5569.204102 -32117.964844 686.012939 -14536.532227 3293.504395 -11189.071289 29151.101562 -7210.073730 -4728.757812 (first)phase = 12
-7210.073730 -4728.757812 -22126.712891 4938.522461 -31083.173828 -3011.495117 -6002.769531 5870.926270 -18147.199219 15647.874023 -26400.710938 20426.523438 -18147.199219 7449.831543 -18147.199219 18194.359375 -18147.199219 8344.556641 (middle)phase = 12
middle process data after
-26400.710938 -18147.199219 -13060.541016 -10034.288086 -6002.769531 -1121.709473 -868.449646 -543.894043 2602.093018 5586.949707 13704.689453 13934.287109 17794.689453 30835.427734 19721.718750 20367.748047 24180.521484 24435.716797 26045.666016 (last)phase = 12
Last process data after
First : -4728.757812 
First process data after
-27089.582031 -24468.636719 -15164.196289 -11855.858398 -14120.008789 -8970.042969 -19008.119141 -7488.499023 -32117.964844 -5569.204102 -14536.532227 686.012939 -11189.071289 3293.504395 -7210.073730 29151.101562 -4728.757812 (first)phase = 13
First : -22126.712891 
First process data after
-7210.073730 -22126.712891 -4728.757812 -31083.173828 4938.522461 -6002.769531 -3011.495117 -18147.199219 5870.926270 -26400.710938 15647.874023 -18147.199219 20426.523438 -18147.199219 7449.831543 -18147.199219 18194.359375 -18147.199219 (middle)phase = 13
middle process data after
-26400.710938 -18147.199219 -13060.541016 -10034.288086 -6002.769531 -1121.709473 -868.449646 -543.894043 2602.093018 5586.949707 13704.689453 13934.287109 17794.689453 19721.718750 30835.427734 20367.748047 24180.521484 24435.716797 26045.666016 (last)phase = 13
Last process data after
-27089.582031 -24468.636719 -15164.196289 -14120.008789 -11855.858398 -19008.119141 -8970.042969 -32117.964844 -7488.499023 -14536.532227 -5569.204102 -11189.071289 686.012939 -7210.073730 3293.504395 -22126.712891 29151.101562 (first)phase = 14
First : 29151.101562 
First process data after
-22126.712891 29151.101562 -31083.173828 -4728.757812 -6002.769531 4938.522461 -18147.199219 -3011.495117 -26400.710938 5870.926270 -18147.199219 15647.874023 -18147.199219 20426.523438 -18147.199219 7449.831543 -18147.199219 18194.359375 (middle)phase = 14
middle process data after
-26400.710938 -18147.199219 -13060.541016 -10034.288086 -6002.769531 -1121.709473 -868.449646 -543.894043 2602.093018 5586.949707 13704.689453 13934.287109 17794.689453 19721.718750 20367.748047 30835.427734 24180.521484 24435.716797 26045.666016 (last)phase = 14
Last process data after
-26400.710938 -18147.199219 -13060.541016 -10034.288086 -6002.769531 -1121.709473 -868.449646 -543.894043 2602.093018 5586.949707 13704.689453 13934.287109 17794.689453 19721.718750 20367.748047 24180.521484 30835.427734 24435.716797 26045.666016 (last)phase = 15
Last process data after
-27089.582031 -24468.636719 -15164.196289 -14120.008789 -19008.119141 -11855.858398 -32117.964844 -8970.042969 -14536.532227 -7488.499023 -11189.071289 -5569.204102 -7210.073730 686.012939 -22126.712891 3293.504395 29151.101562 (first)phase = 15
First : -31083.173828 
First process data after
-22126.712891 -31083.173828 29151.101562 -6002.769531 -4728.757812 -18147.199219 4938.522461 -26400.710938 -3011.495117 -18147.199219 5870.926270 -18147.199219 15647.874023 -18147.199219 20426.523438 -18147.199219 7449.831543 -18147.199219 (middle)phase = 15
middle process data after
-31083.173828 3293.504395 -6002.769531 29151.101562 -18147.199219 -4728.757812 -26400.710938 4938.522461 -18147.199219 -3011.495117 -18147.199219 5870.926270 -18147.199219 15647.874023 -18147.199219 20426.523438 -18147.199219 7449.831543 (middle)phase = 16
middle process data after
-26400.710938 -18147.199219 -13060.541016 -10034.288086 -6002.769531 -1121.709473 -868.449646 -543.894043 2602.093018 5586.949707 13704.689453 13934.287109 17794.689453 19721.718750 20367.748047 24180.521484 24435.716797 30835.427734 26045.666016 (last)phase = 16
Last process data after
-27089.582031 -24468.636719 -15164.196289 -19008.119141 -14120.008789 -32117.964844 -11855.858398 -14536.532227 -8970.042969 -11189.071289 -7488.499023 -7210.073730 -5569.204102 -22126.712891 686.012939 -31083.173828 3293.504395 (first)phase = 16
First : 3293.504395 
First process data after
-27089.582031 -24468.636719 -19008.119141 -15164.196289 -32117.964844 -14120.008789 -14536.532227 -11855.858398 -11189.071289 -8970.042969 -7488.499023 -7210.073730 -22126.712891 -5569.204102 -31083.173828 686.012939 3293.504395 (first)phase = 17
-31083.173828 -6002.769531 3293.504395 -18147.199219 29151.101562 -26400.710938 -4728.757812 -18147.199219 4938.522461 -18147.199219 -3011.495117 -18147.199219 5870.926270 -18147.199219 15647.874023 -18147.199219 20426.523438 -18147.199219 (middle)phase = 17
middle process data after
-26400.710938 -18147.199219 -13060.541016 -10034.288086 -6002.769531 -1121.709473 -868.449646 -543.894043 2602.093018 5586.949707 13704.689453 13934.287109 17794.689453 19721.718750 20367.748047 24180.521484 24435.716797 26045.666016 30835.427734 (last)phase = 17
Last process data after
First : -6002.769531 
First process data after
-27089.582031 -24468.636719 -19008.119141 -32117.964844 -15164.196289 -14536.532227 -14120.008789 -11855.858398 -11189.071289 -8970.042969 -7488.499023 -22126.712891 -7210.073730 -31083.173828 -5569.204102 -6002.769531 686.012939 (first)phase = 18
First : 686.012939 
First process data after
-6002.769531 686.012939 -18147.199219 3293.504395 -26400.710938 29151.101562 -18147.199219 -4728.757812 -18147.199219 4938.522461 -18147.199219 -3011.495117 -18147.199219 5870.926270 -18147.199219 15647.874023 -18147.199219 20426.523438 (middle)phase = 18
middle process data after
-26400.710938 -18147.199219 -13060.541016 -10034.288086 -6002.769531 -1121.709473 -868.449646 -543.894043 2602.093018 5586.949707 13704.689453 13934.287109 17794.689453 19721.718750 20367.748047 24180.521484 24435.716797 26045.666016 30835.427734 (last)phase = 18
Last process data after
-27089.582031 -24468.636719 -32117.964844 -19008.119141 -15164.196289 -14536.532227 -14120.008789 -11855.858398 -11189.071289 -8970.042969 -22126.712891 -7488.499023 -31083.173828 -7210.073730 -6002.769531 -5569.204102 686.012939 (first)phase = 19
First : -18147.199219 
First process data after
-6002.769531 -18147.199219 686.012939 -26400.710938 3293.504395 -18147.199219 29151.101562 -18147.199219 -4728.757812 -18147.199219 4938.522461 -18147.199219 -3011.495117 -18147.199219 5870.926270 -18147.199219 15647.874023 -18147.199219 (middle)phase = 19
middle process data after
-26400.710938 -18147.199219 -13060.541016 -10034.288086 -6002.769531 -1121.709473 -868.449646 -543.894043 2602.093018 5586.949707 13704.689453 13934.287109 17794.689453 19721.718750 20367.748047 24180.521484 24435.716797 26045.666016 30835.427734 (last)phase = 19
Last process data after
-27089.582031 -32117.964844 -24468.636719 -19008.119141 -15164.196289 -14536.532227 -14120.008789 -11855.858398 -11189.071289 -22126.712891 -8970.042969 -31083.173828 -7488.499023 -7210.073730 -6002.769531 -18147.199219 -5569.204102 (first)phase = 20
First : -5569.204102 
First process data after
-18147.199219 -5569.204102 -26400.710938 686.012939 -18147.199219 3293.504395 -18147.199219 29151.101562 -18147.199219 -4728.757812 -18147.199219 4938.522461 -18147.199219 -3011.495117 -18147.199219 5870.926270 -18147.199219 15647.874023 (middle)phase = 20
middle process data after
-26400.710938 -18147.199219 -13060.541016 -10034.288086 -6002.769531 -1121.709473 -868.449646 -543.894043 2602.093018 5586.949707 13704.689453 13934.287109 17794.689453 19721.718750 20367.748047 24180.521484 24435.716797 26045.666016 30835.427734 (last)phase = 20
Last process data after
-26400.710938 -18147.199219 -13060.541016 -10034.288086 -6002.769531 -1121.709473 -868.449646 -543.894043 2602.093018 5586.949707 13704.689453 13934.287109 17794.689453 19721.718750 20367.748047 24180.521484 24435.716797 26045.666016 30835.427734 (last)phase = 21
Last process data after
-32117.964844 -27089.582031 -24468.636719 -19008.119141 -15164.196289 -14536.532227 -14120.008789 -11855.858398 -22126.712891 -11189.071289 -31083.173828 -8970.042969 -7488.499023 -7210.073730 -18147.199219 -6002.769531 -5569.204102 (first)phase = 21
First : -26400.710938 
First process data after
-18147.199219 -26400.710938 -5569.204102 -18147.199219 686.012939 -18147.199219 3293.504395 -18147.199219 29151.101562 -18147.199219 -4728.757812 -18147.199219 4938.522461 -18147.199219 -3011.495117 -18147.199219 5870.926270 -18147.199219 (middle)phase = 21
middle process data after
-26400.710938 -6002.769531 -18147.199219 -5569.204102 -18147.199219 686.012939 -18147.199219 3293.504395 -18147.199219 29151.101562 -18147.199219 -4728.757812 -18147.199219 4938.522461 -18147.199219 -3011.495117 -18147.199219 5870.926270 (middle)phase = 22
middle process data after
-26400.710938 -18147.199219 -13060.541016 -10034.288086 -6002.769531 -1121.709473 -868.449646 -543.894043 2602.093018 5586.949707 13704.689453 13934.287109 17794.689453 19721.718750 20367.748047 24180.521484 24435.716797 26045.666016 30835.427734 (last)phase = 22
Last process data after
-32117.964844 -27089.582031 -24468.636719 -19008.119141 -15164.196289 -14536.532227 -14120.008789 -22126.712891 -11855.858398 -31083.173828 -11189.071289 -8970.042969 -7488.499023 -18147.199219 -7210.073730 -26400.710938 -6002.769531 (first)phase = 22
First : -6002.769531 
First process data after
-32117.964844 -27089.582031 -24468.636719 -19008.119141 -15164.196289 -14536.532227 -22126.712891 -14120.008789 -31083.173828 -11855.858398 -11189.071289 -8970.042969 -18147.199219 -7488.499023 -26400.710938 -7210.073730 -6002.769531 (first)phase = 23
First : -18147.199219 
First process data after
-26400.710938 -18147.199219 -6002.769531 -18147.199219 -5569.204102 -18147.199219 686.012939 -18147.199219 3293.504395 -18147.199219 29151.101562 -18147.199219 -4728.757812 -18147.199219 4938.522461 -18147.199219 -3011.495117 -18147.199219 (middle)phase = 23
middle process data after
-26400.710938 -18147.199219 -13060.541016 -10034.288086 -6002.769531 -1121.709473 -868.449646 -543.894043 2602.093018 5586.949707 13704.689453 13934.287109 17794.689453 19721.718750 20367.748047 24180.521484 24435.716797 26045.666016 30835.427734 (last)phase = 23
Last process data after
-26400.710938 -18147.199219 -13060.541016 -10034.288086 -6002.769531 -1121.709473 -868.449646 -543.894043 2602.093018 5586.949707 13704.689453 13934.287109 17794.689453 19721.718750 20367.748047 24180.521484 24435.716797 26045.666016 30835.427734 (last)phase = 24
Last process data after
-32117.964844 -27089.582031 -24468.636719 -19008.119141 -15164.196289 -22126.712891 -14536.532227 -31083.173828 -14120.008789 -11855.858398 -11189.071289 -18147.199219 -8970.042969 -26400.710938 -7488.499023 -18147.199219 -7210.073730 (first)phase = 24
First : -7210.073730 
First process data after
-18147.199219 -7210.073730 -18147.199219 -6002.769531 -18147.199219 -5569.204102 -18147.199219 686.012939 -18147.199219 3293.504395 -18147.199219 29151.101562 -18147.199219 -4728.757812 -18147.199219 4938.522461 -18147.199219 -3011.495117 (middle)phase = 24
middle process data after
-18147.199219 -18147.199219 -7210.073730 -18147.199219 -6002.769531 -18147.199219 -5569.204102 -18147.199219 686.012939 -18147.199219 3293.504395 -18147.199219 29151.101562 -18147.199219 -4728.757812 -18147.199219 4938.522461 -18147.199219 (middle)phase = 25
middle process data after
-26400.710938 -18147.199219 -13060.541016 -10034.288086 -6002.769531 -1121.709473 -868.449646 -543.894043 2602.093018 5586.949707 13704.689453 13934.287109 17794.689453 19721.718750 20367.748047 24180.521484 24435.716797 26045.666016 30835.427734 (last)phase = 25
Last process data after
-32117.964844 -27089.582031 -24468.636719 -19008.119141 -22126.712891 -15164.196289 -31083.173828 -14536.532227 -14120.008789 -11855.858398 -18147.199219 -11189.071289 -26400.710938 -8970.042969 -18147.199219 -7488.499023 -7210.073730 (first)phase = 25
First : -18147.199219 
First process data after
-32117.964844 -27089.582031 -24468.636719 -22126.712891 -19008.119141 -31083.173828 -15164.196289 -14536.532227 -14120.008789 -18147.199219 -11855.858398 -26400.710938 -11189.071289 -18147.199219 -8970.042969 -18147.199219 -7488.499023 (first)phase = 26
First : -7488.499023 
First process data after
-18147.199219 -7488.499023 -18147.199219 -7210.073730 -18147.199219 -6002.769531 -18147.199219 -5569.204102 -18147.199219 686.012939 -18147.199219 3293.504395 -18147.199219 29151.101562 -18147.199219 -4728.757812 -18147.199219 4938.522461 (middle)phase = 26
middle process data after
-26400.710938 -18147.199219 -13060.541016 -10034.288086 -6002.769531 -1121.709473 -868.449646 -543.894043 2602.093018 5586.949707 13704.689453 13934.287109 17794.689453 19721.718750 20367.748047 24180.521484 24435.716797 26045.666016 30835.427734 (last)phase = 26
Last process data after
-26400.710938 -18147.199219 -13060.541016 -10034.288086 -6002.769531 -1121.709473 -868.449646 -543.894043 2602.093018 5586.949707 13704.689453 13934.287109 17794.689453 19721.718750 20367.748047 24180.521484 24435.716797 26045.666016 30835.427734 (last)phase = 27
Last process data after
-32117.964844 -27089.582031 -24468.636719 -22126.712891 -31083.173828 -19008.119141 -15164.196289 -14536.532227 -18147.199219 -14120.008789 -26400.710938 -11855.858398 -18147.199219 -11189.071289 -18147.199219 -8970.042969 -7488.499023 (first)phase = 27
First : -18147.199219 
First process data after
-32117.964844 -27089.582031 -24468.636719 -31083.173828 -22126.712891 -19008.119141 -15164.196289 -18147.199219 -14536.532227 -26400.710938 -14120.008789 -18147.199219 -11855.858398 -18147.199219 -11189.071289 -18147.199219 -8970.042969 (first)phase = 28
-18147.199219 -18147.199219 -7488.499023 -18147.199219 -7210.073730 -18147.199219 -6002.769531 -18147.199219 -5569.204102 -18147.199219 686.012939 -18147.199219 3293.504395 -18147.199219 29151.101562 -18147.199219 -4728.757812 -18147.199219 (middle)phase = 27
middle process data after
-18147.199219 -8970.042969 -18147.199219 -7488.499023 -18147.199219 -7210.073730 -18147.199219 -6002.769531 -18147.199219 -5569.204102 -18147.199219 686.012939 -18147.199219 3293.504395 -18147.199219 29151.101562 -18147.199219 -4728.757812 (middle)phase = 28
middle process data after
-26400.710938 -18147.199219 -13060.541016 -10034.288086 -6002.769531 -1121.709473 -868.449646 -543.894043 2602.093018 5586.949707 13704.689453 13934.287109 17794.689453 19721.718750 20367.748047 24180.521484 24435.716797 26045.666016 30835.427734 (last)phase = 28
Last process data after
First : -8970.042969 
First process data after
-32117.964844 -27089.582031 -31083.173828 -24468.636719 -22126.712891 -19008.119141 -18147.199219 -15164.196289 -26400.710938 -14536.532227 -18147.199219 -14120.008789 -18147.199219 -11855.858398 -18147.199219 -11189.071289 -8970.042969 (first)phase = 29
First : -18147.199219 
First process data after
-18147.199219 -18147.199219 -8970.042969 -18147.199219 -7488.499023 -18147.199219 -7210.073730 -18147.199219 -6002.769531 -18147.199219 -5569.204102 -18147.199219 686.012939 -18147.199219 3293.504395 -18147.199219 29151.101562 -18147.199219 (middle)phase = 29
middle process data after
-26400.710938 -18147.199219 -13060.541016 -10034.288086 -6002.769531 -1121.709473 -868.449646 -543.894043 2602.093018 5586.949707 13704.689453 13934.287109 17794.689453 19721.718750 20367.748047 24180.521484 24435.716797 26045.666016 30835.427734 (last)phase = 29
Last process data after
-32117.964844 -31083.173828 -27089.582031 -24468.636719 -22126.712891 -19008.119141 -18147.199219 -26400.710938 -15164.196289 -18147.199219 -14536.532227 -18147.199219 -14120.008789 -18147.199219 -11855.858398 -18147.199219 -11189.071289 (first)phase = 30
First : -11189.071289 
First process data after
-18147.199219 -11189.071289 -18147.199219 -8970.042969 -18147.199219 -7488.499023 -18147.199219 -7210.073730 -18147.199219 -6002.769531 -18147.199219 -5569.204102 -18147.199219 686.012939 -18147.199219 3293.504395 -18147.199219 29151.101562 (middle)phase = 30
middle process data after
-26400.710938 -18147.199219 -13060.541016 -10034.288086 -6002.769531 -1121.709473 -868.449646 -543.894043 2602.093018 5586.949707 13704.689453 13934.287109 17794.689453 19721.718750 20367.748047 24180.521484 24435.716797 26045.666016 30835.427734 (last)phase = 30
Last process data after
-26400.710938 -18147.199219 -13060.541016 -10034.288086 -6002.769531 -1121.709473 -868.449646 -543.894043 2602.093018 5586.949707 13704.689453 13934.287109 17794.689453 19721.718750 20367.748047 24180.521484 24435.716797 26045.666016 30835.427734 (last)phase = 31
Last process data after
-32117.964844 -31083.173828 -27089.582031 -24468.636719 -22126.712891 -19008.119141 -26400.710938 -18147.199219 -18147.199219 -15164.196289 -18147.199219 -14536.532227 -18147.199219 -14120.008789 -18147.199219 -11855.858398 -11189.071289 (first)phase = 31
First : -18147.199219 
First process data after
-18147.199219 -18147.199219 -11189.071289 -18147.199219 -8970.042969 -18147.199219 -7488.499023 -18147.199219 -7210.073730 -18147.199219 -6002.769531 -18147.199219 -5569.204102 -18147.199219 686.012939 -18147.199219 3293.504395 -18147.199219 (middle)phase = 31
middle process data after
-18147.199219 -11855.858398 -18147.199219 -11189.071289 -18147.199219 -8970.042969 -18147.199219 -7488.499023 -18147.199219 -7210.073730 -18147.199219 -6002.769531 -18147.199219 -5569.204102 -18147.199219 686.012939 -18147.199219 3293.504395 (middle)phase = 32
middle process data after
-26400.710938 -18147.199219 -13060.541016 -10034.288086 -6002.769531 -1121.709473 -868.449646 -543.894043 2602.093018 5586.949707 13704.689453 13934.287109 17794.689453 19721.718750 20367.748047 24180.521484 24435.716797 26045.666016 30835.427734 (last)phase = 32
Last process data after
-32117.964844 -31083.173828 -27089.582031 -24468.636719 -22126.712891 -26400.710938 -19008.119141 -18147.199219 -18147.199219 -18147.199219 -15164.196289 -18147.199219 -14536.532227 -18147.199219 -14120.008789 -18147.199219 -11855.858398 (first)phase = 32
First : -11855.858398 
First process data after
-32117.964844 -31083.173828 -27089.582031 -24468.636719 -26400.710938 -22126.712891 -19008.119141 -18147.199219 -18147.199219 -18147.199219 -18147.199219 -15164.196289 -18147.199219 -14536.532227 -18147.199219 -14120.008789 -11855.858398 (first)phase = 33
First : -18147.199219 
First process data after
-18147.199219 -18147.199219 -11855.858398 -18147.199219 -11189.071289 -18147.199219 -8970.042969 -18147.199219 -7488.499023 -18147.199219 -7210.073730 -18147.199219 -6002.769531 -18147.199219 -5569.204102 -18147.199219 686.012939 -18147.199219 (middle)phase = 33
middle process data after
-26400.710938 -18147.199219 -13060.541016 -10034.288086 -6002.769531 -1121.709473 -868.449646 -543.894043 2602.093018 5586.949707 13704.689453 13934.287109 17794.689453 19721.718750 20367.748047 24180.521484 24435.716797 26045.666016 30835.427734 (last)phase = 33
Last process data after
-26400.710938 -18147.199219 -13060.541016 -10034.288086 -6002.769531 -1121.709473 -868.449646 -543.894043 2602.093018 5586.949707 13704.689453 13934.287109 17794.689453 19721.718750 20367.748047 24180.521484 24435.716797 26045.666016 30835.427734 (last)phase = 34
Last process data after
-32117.964844 -31083.173828 -27089.582031 -26400.710938 -24468.636719 -22126.712891 -19008.119141 -18147.199219 -18147.199219 -18147.199219 -18147.199219 -18147.199219 -15164.196289 -18147.199219 -14536.532227 -18147.199219 -14120.008789 (first)phase = 34
First : -14120.008789 
First process data after
-18147.199219 -14120.008789 -18147.199219 -11855.858398 -18147.199219 -11189.071289 -18147.199219 -8970.042969 -18147.199219 -7488.499023 -18147.199219 -7210.073730 -18147.199219 -6002.769531 -18147.199219 -5569.204102 -18147.199219 686.012939 (middle)phase = 34
middle process data after
-18147.199219 -18147.199219 -14120.008789 -18147.199219 -11855.858398 -18147.199219 -11189.071289 -18147.199219 -8970.042969 -18147.199219 -7488.499023 -18147.199219 -7210.073730 -18147.199219 -6002.769531 -18147.199219 -5569.204102 -18147.199219 (middle)phase = 35
middle process data after
-26400.710938 -18147.199219 -13060.541016 -10034.288086 -6002.769531 -1121.709473 -868.449646 -543.894043 2602.093018 5586.949707 13704.689453 13934.287109 17794.689453 19721.718750 20367.748047 24180.521484 24435.716797 26045.666016 30835.427734 (last)phase = 35
Last process data after
-32117.964844 -31083.173828 -27089.582031 -26400.710938 -24468.636719 -22126.712891 -19008.119141 -18147.199219 -18147.199219 -18147.199219 -18147.199219 -18147.199219 -18147.199219 -15164.196289 -18147.199219 -14536.532227 -14120.008789 (first)phase = 35
First : -18147.199219 
First process data after
-32117.964844 -31083.173828 -27089.582031 -26400.710938 -24468.636719 -22126.712891 -19008.119141 -18147.199219 -18147.199219 -18147.199219 -18147.199219 -18147.199219 -18147.199219 -18147.199219 -15164.196289 -18147.199219 -14536.532227 (first)phase = 36
First : -14536.532227 
First process data after
-18147.199219 -14536.532227 -18147.199219 -14120.008789 -18147.199219 -11855.858398 -18147.199219 -11189.071289 -18147.199219 -8970.042969 -18147.199219 -7488.499023 -18147.199219 -7210.073730 -18147.199219 -6002.769531 -18147.199219 -5569.204102 (middle)phase = 36
middle process data after
-26400.710938 -18147.199219 -13060.541016 -10034.288086 -6002.769531 -1121.709473 -868.449646 -543.894043 2602.093018 5586.949707 13704.689453 13934.287109 17794.689453 19721.718750 20367.748047 24180.521484 24435.716797 26045.666016 30835.427734 (last)phase = 36
Last process data after
-32117.964844 -31083.173828 -27089.582031 -26400.710938 -24468.636719 -22126.712891 -19008.119141 -18147.199219 -18147.199219 -18147.199219 -18147.199219 -18147.199219 -18147.199219 -18147.199219 -18147.199219 -15164.196289 -14536.532227 (first)phase = 37
First : -18147.199219 
First process data after
-18147.199219 -18147.199219 -14536.532227 -18147.199219 -14120.008789 -18147.199219 -11855.858398 -18147.199219 -11189.071289 -18147.199219 -8970.042969 -18147.199219 -7488.499023 -18147.199219 -7210.073730 -18147.199219 -6002.769531 -18147.199219 (middle)phase = 37
middle process data after
-26400.710938 -18147.199219 -13060.541016 -10034.288086 -6002.769531 -1121.709473 -868.449646 -543.894043 2602.093018 5586.949707 13704.689453 13934.287109 17794.689453 19721.718750 20367.748047 24180.521484 24435.716797 26045.666016 30835.427734 (last)phase = 37
Last process data after
-26400.710938 -18147.199219 -13060.541016 -10034.288086 -6002.769531 -1121.709473 -868.449646 -543.894043 2602.093018 5586.949707 13704.689453 13934.287109 17794.689453 19721.718750 20367.748047 24180.521484 24435.716797 26045.666016 30835.427734 (last)phase = 38
Last process data after
-32117.964844 -31083.173828 -27089.582031 -26400.710938 -24468.636719 -22126.712891 -19008.119141 -18147.199219 -18147.199219 -18147.199219 -18147.199219 -18147.199219 -18147.199219 -18147.199219 -18147.199219 -18147.199219 -15164.196289 (first)phase = 38
First : -15164.196289 
First process data after
-18147.199219 -15164.196289 -18147.199219 -14536.532227 -18147.199219 -14120.008789 -18147.199219 -11855.858398 -18147.199219 -11189.071289 -18147.199219 -8970.042969 -18147.199219 -7488.499023 -18147.199219 -7210.073730 -18147.199219 -6002.769531 (middle)phase = 38
middle process data after
-18147.199219 -18147.199219 -15164.196289 -18147.199219 -14536.532227 -18147.199219 -14120.008789 -18147.199219 -11855.858398 -18147.199219 -11189.071289 -18147.199219 -8970.042969 -18147.199219 -7488.499023 -18147.199219 -7210.073730 -18147.199219 (middle)phase = 39
-26400.710938 -18147.199219 -13060.541016 -10034.288086 -6002.769531 -1121.709473 -868.449646 -543.894043 2602.093018 5586.949707 13704.689453 13934.287109 17794.689453 19721.718750 20367.748047 24180.521484 24435.716797 26045.666016 30835.427734 (last)phase = 39
Last process data after
-32117.964844 -31083.173828 -27089.582031 -26400.710938 -24468.636719 -22126.712891 -19008.119141 -18147.199219 -18147.199219 -18147.199219 -18147.199219 -18147.199219 -18147.199219 -18147.199219 -18147.199219 -18147.199219 -15164.196289 (first)phase = 39
First : -18147.199219 
First process data after
middle process data after
-18147.199219 -18147.199219 -18147.199219 -15164.196289 -18147.199219 -14536.532227 -18147.199219 -14120.008789 -18147.199219 -11855.858398 -18147.199219 -11189.071289 -18147.199219 -8970.042969 -18147.199219 -7488.499023 -18147.199219 -7210.073730 (middle)phase = 40
middle process data after
-26400.710938 -18147.199219 -13060.541016 -10034.288086 -6002.769531 -1121.709473 -868.449646 -543.894043 2602.093018 5586.949707 13704.689453 13934.287109 17794.689453 19721.718750 20367.748047 24180.521484 24435.716797 26045.666016 30835.427734 (last)phase = 40
Last process data after
-32117.964844 -31083.173828 -27089.582031 -26400.710938 -24468.636719 -22126.712891 -19008.119141 -18147.199219 -18147.199219 -18147.199219 -18147.199219 -18147.199219 -18147.199219 -18147.199219 -18147.199219 -18147.199219 -18147.199219 (first)phase = 40
First : -18147.199219 
First process data after
-18147.199219 -18147.199219 -18147.199219 -18147.199219 -15164.196289 -18147.199219 -14536.532227 -18147.199219 -14120.008789 -18147.199219 -11855.858398 -18147.199219 -11189.071289 -18147.199219 -8970.042969 -18147.199219 -7488.499023 -18147.199219 (middle)phase = 41
middle process data after
-26400.710938 -18147.199219 -13060.541016 -10034.288086 -6002.769531 -1121.709473 -868.449646 -543.894043 2602.093018 5586.949707 13704.689453 13934.287109 17794.689453 19721.718750 20367.748047 24180.521484 24435.716797 26045.666016 30835.427734 (last)phase = 41
Last process data after
-32117.964844 -31083.173828 -27089.582031 -26400.710938 -24468.636719 -22126.712891 -19008.119141 -18147.199219 -18147.199219 -18147.199219 -18147.199219 -18147.199219 -18147.199219 -18147.199219 -18147.199219 -18147.199219 -18147.199219 (first)phase = 41
First : -18147.199219 
First process data after
-32117.964844 -31083.173828 -27089.582031 -26400.710938 -24468.636719 -22126.712891 -19008.119141 -18147.199219 -18147.199219 -18147.199219 -18147.199219 -18147.199219 -18147.199219 -18147.199219 -18147.199219 -18147.199219 -18147.199219 (first)phase = 42
First : -18147.199219 
First process data after
-18147.199219 -18147.199219 -18147.199219 -18147.199219 -18147.199219 -15164.196289 -18147.199219 -14536.532227 -18147.199219 -14120.008789 -18147.199219 -11855.858398 -18147.199219 -11189.071289 -18147.199219 -8970.042969 -18147.199219 -7488.499023 (middle)phase = 42
middle process data after
-26400.710938 -18147.199219 -13060.541016 -10034.288086 -6002.769531 -1121.709473 -868.449646 -543.894043 2602.093018 5586.949707 13704.689453 13934.287109 17794.689453 19721.718750 20367.748047 24180.521484 24435.716797 26045.666016 30835.427734 (last)phase = 42
Last process data after
-32117.964844 -31083.173828 -27089.582031 -26400.710938 -24468.636719 -22126.712891 -19008.119141 -18147.199219 -18147.199219 -18147.199219 -18147.199219 -18147.199219 -18147.199219 -18147.199219 -18147.199219 -18147.199219 -18147.199219 (first)phase = 43
First : -18147.199219 
First process data after
-18147.199219 -18147.199219 -18147.199219 -18147.199219 -18147.199219 -18147.199219 -15164.196289 -18147.199219 -14536.532227 -18147.199219 -14120.008789 -18147.199219 -11855.858398 -18147.199219 -11189.071289 -18147.199219 -8970.042969 -18147.199219 (middle)phase = 43
middle process data after
-26400.710938 -18147.199219 -13060.541016 -10034.288086 -6002.769531 -1121.709473 -868.449646 -543.894043 2602.093018 5586.949707 13704.689453 13934.287109 17794.689453 19721.718750 20367.748047 24180.521484 24435.716797 26045.666016 30835.427734 (last)phase = 43
Last process data after
-26400.710938 -18147.199219 -13060.541016 -10034.288086 -6002.769531 -1121.709473 -868.449646 -543.894043 2602.093018 5586.949707 13704.689453 13934.287109 17794.689453 19721.718750 20367.748047 24180.521484 24435.716797 26045.666016 30835.427734 (last)phase = 44
Last process data after
-32117.964844 -31083.173828 -27089.582031 -26400.710938 -24468.636719 -22126.712891 -19008.119141 -18147.199219 -18147.199219 -18147.199219 -18147.199219 -18147.199219 -18147.199219 -18147.199219 -18147.199219 -18147.199219 -18147.199219 (first)phase = 44
First : -18147.199219 
First process data after
-18147.199219 -18147.199219 -18147.199219 -18147.199219 -18147.199219 -18147.199219 -18147.199219 -15164.196289 -18147.199219 -14536.532227 -18147.199219 -14120.008789 -18147.199219 -11855.858398 -18147.199219 -11189.071289 -18147.199219 -8970.042969 (middle)phase = 44
middle process data after
-18147.199219 -18147.199219 -18147.199219 -18147.199219 -18147.199219 -18147.199219 -18147.199219 -18147.199219 -15164.196289 -18147.199219 -14536.532227 -18147.199219 -14120.008789 -18147.199219 -11855.858398 -18147.199219 -11189.071289 -18147.199219 (middle)phase = 45
middle process data after
-18147.199219 -18147.199219 -18147.199219 -18147.199219 -18147.199219 -18147.199219 -18147.199219 -18147.199219 -18147.199219 -15164.196289 -18147.199219 -14536.532227 -18147.199219 -14120.008789 -18147.199219 -11855.858398 -18147.199219 -11189.071289 (middle)phase = 46
middle process data after
-26400.710938 -18147.199219 -13060.541016 -10034.288086 -6002.769531 -1121.709473 -868.449646 -543.894043 2602.093018 5586.949707 13704.689453 13934.287109 17794.689453 19721.718750 20367.748047 24180.521484 24435.716797 26045.666016 30835.427734 (last)phase = 45
Last process data after
-26400.710938 -18147.199219 -13060.541016 -10034.288086 -6002.769531 -1121.709473 -868.449646 -543.894043 2602.093018 5586.949707 13704.689453 13934.287109 17794.689453 19721.718750 20367.748047 24180.521484 24435.716797 26045.666016 30835.427734 (last)phase = 46
Last process data after
-32117.964844 -31083.173828 -27089.582031 -26400.710938 -24468.636719 -22126.712891 -19008.119141 -18147.199219 -18147.199219 -18147.199219 -18147.199219 -18147.199219 -18147.199219 -18147.199219 -18147.199219 -18147.199219 -18147.199219 (first)phase = 45
First : -18147.199219 
First process data after
-32117.964844 -31083.173828 -27089.582031 -26400.710938 -24468.636719 -22126.712891 -19008.119141 -18147.199219 -18147.199219 -18147.199219 -18147.199219 -18147.199219 -18147.199219 -18147.199219 -18147.199219 -18147.199219 -18147.199219 (first)phase = 46
First : -18147.199219 
First process data after
-32117.964844 -31083.173828 -27089.582031 -26400.710938 -24468.636719 -22126.712891 -19008.119141 -18147.199219 -18147.199219 -18147.199219 -18147.199219 -18147.199219 -18147.199219 -18147.199219 -18147.199219 -18147.199219 -18147.199219 (first)phase = 47
First : -18147.199219 
First process data after
-18147.199219 -18147.199219 -18147.199219 -18147.199219 -18147.199219 -18147.199219 -18147.199219 -18147.199219 -18147.199219 -18147.199219 -15164.196289 -18147.199219 -14536.532227 -18147.199219 -14120.008789 -18147.199219 -11855.858398 -18147.199219 (middle)phase = 47
middle process data after
-18147.199219 -18147.199219 -18147.199219 -18147.199219 -18147.199219 -18147.199219 -18147.199219 -18147.199219 -18147.199219 -18147.199219 -18147.199219 -15164.196289 -18147.199219 -14536.532227 -18147.199219 -14120.008789 -18147.199219 -11855.858398 (middle)phase = 48
middle process data after
-26400.710938 -18147.199219 -13060.541016 -10034.288086 -6002.769531 -1121.709473 -868.449646 -543.894043 2602.093018 5586.949707 13704.689453 13934.287109 17794.689453 19721.718750 20367.748047 24180.521484 24435.716797 26045.666016 30835.427734 (last)phase = 47
Last process data after
-26400.710938 -18147.199219 -13060.541016 -10034.288086 -6002.769531 -1121.709473 -868.449646 -543.894043 2602.093018 5586.949707 13704.689453 13934.287109 17794.689453 19721.718750 20367.748047 24180.521484 24435.716797 26045.666016 30835.427734 (last)phase = 48
Last process data after
-32117.964844 -31083.173828 -27089.582031 -26400.710938 -24468.636719 -22126.712891 -19008.119141 -18147.199219 -18147.199219 -18147.199219 -18147.199219 -18147.199219 -18147.199219 -18147.199219 -18147.199219 -18147.199219 -18147.199219 (first)phase = 48
First : -18147.199219 
First process data after
-32117.964844 -31083.173828 -27089.582031 -26400.710938 -24468.636719 -22126.712891 -19008.119141 -18147.199219 -18147.199219 -18147.199219 -18147.199219 -18147.199219 -18147.199219 -18147.199219 -18147.199219 -18147.199219 -18147.199219 (first)phase = 49
First : -18147.199219 
-18147.199219 -18147.199219 -18147.199219 -18147.199219 -18147.199219 -18147.199219 -18147.199219 -18147.199219 -18147.199219 -18147.199219 -18147.199219 -18147.199219 -15164.196289 -18147.199219 -14536.532227 -18147.199219 -14120.008789 -18147.199219 (middle)phase = 49
middle process data after
-26400.710938 -18147.199219 -13060.541016 -10034.288086 -6002.769531 -1121.709473 -868.449646 -543.894043 2602.093018 5586.949707 13704.689453 13934.287109 17794.689453 19721.718750 20367.748047 24180.521484 24435.716797 26045.666016 30835.427734 (last)phase = 49
Last process data after
First process data after
-32117.964844 -31083.173828 -27089.582031 -26400.710938 -24468.636719 -22126.712891 -19008.119141 -18147.199219 -18147.199219 -18147.199219 -18147.199219 -18147.199219 -18147.199219 -18147.199219 -18147.199219 -18147.199219 -18147.199219 -18147.199219 -18147.199219 -18147.199219 -18147.199219 -18147.199219 -18147.199219 -18147.199219 -18147.199219 -18147.199219 -18147.199219 -18147.199219 -18147.199219 -18147.199219 -15164.196289 -18147.199219 -14536.532227 -18147.199219 -14120.008789 -26400.710938 -18147.199219 -13060.541016 -10034.288086 -6002.769531 -1121.709473 -868.449646 -543.894043 2602.093018 5586.949707 13704.689453 13934.287109 17794.689453 19721.718750 20367.748047 24180.521484 24435.716797 26045.666016 30835.427734 
real	0m0.216s
user	0m0.007s
sys	0m0.015s
