Information for /home/pp17/ta/hw1/samples/testcase02
---------------------------
File Size: 		60 bytes
the initial data 
Information for /home/pp17/ta/hw1/samples/testcase02
---------------------------
File Size: 		60 bytes
the initial data 
Information for /home/pp17/ta/hw1/samples/testcase02
---------------------------
File Size: 		60 bytes
the initial data 
22976.742188 -3565.328369 -9229.855469 6123.410645 -6881.037598 24220.068359 12229.836914 -30519.386719 -9970.113281 -30362.396484 -13902.499023 20308.919922 2977.763184 -3938.008301 14568.960938 5Number of tasks = 3 My rank = 0
22976.742188 -3565.328369 -9229.855469 6123.410645 -6881.037598 24220.068359 12229.836914 -30519.386719 -9970.113281 -30362.396484 -13902.499023 20308.919922 2977.763184 -3938.008301 14568.960938 5Number of tasks = 3 My rank = 1
22976.742188 -3565.328369 -9229.855469 6123.410645 -6881.037598 24220.068359 12229.836914 -30519.386719 -9970.113281 -30362.396484 -13902.499023 20308.919922 2977.763184 -3938.008301 14568.960938 5Number of tasks = 3 My rank = 2
*** Error in `/home/pp17/p103061108/hw1/./HW1_103061108_basic.o': malloc(): memory corruption: 0x0000000001fd96e0 ***
======= Backtrace: =========
/usr/lib64/libc.so.6(+0x7dd4d)[0x7f3fecf93d4d]
/usr/lib64/libc.so.6(__libc_malloc+0x4c)[0x7f3fecf95fbc]
/opt/intel/compilers_and_libraries_2017.4.196/linux/mpi/intel64/lib/libmpi.so.12(+0x168796)[0x7f3feda67796]
/opt/intel/compilers_and_libraries_2017.4.196/linux/mpi/intel64/lib/libmpi.so.12(PMPIDI_CH3I_Progress+0x19ff)[0x7f3feda4e76f]
/opt/intel/compilers_and_libraries_2017.4.196/linux/mpi/intel64/lib/libmpi.so.12(+0x2f23d0)[0x7f3fedbf13d0]
/opt/intel/compilers_and_libraries_2017.4.196/linux/mpi/intel64/lib/libmpi.so.12(+0x11670f)[0x7f3feda1570f]
/opt/intel/compilers_and_libraries_2017.4.196/linux/mpi/intel64/lib/libmpi.so.12(+0x115eb0)[0x7f3feda14eb0]
/opt/intel/compilers_and_libraries_2017.4.196/linux/mpi/intel64/lib/libmpi.so.12(MPI_Barrier+0x63d)[0x7f3feda18c2d]
/home/pp17/p103061108/hw1/./HW1_103061108_basic.o[0x401f41]
/usr/lib64/libc.so.6(__libc_start_main+0xf5)[0x7f3fecf37b35]
/home/pp17/p103061108/hw1/./HW1_103061108_basic.o[0x400c39]
======= Memory map: ========
00400000-00403000 r-xp 00000000 00:29 201372750                          /home/pp17/p103061108/hw1/HW1_103061108_basic.o
00602000-00603000 r--p 00002000 00:29 201372750                          /home/pp17/p103061108/hw1/HW1_103061108_basic.o
00603000-00604000 rw-p 00003000 00:29 201372750                          /home/pp17/p103061108/hw1/HW1_103061108_basic.o
01fa8000-01fea000 rw-p 00000000 00:00 0                                  [heap]
7f3fe4000000-7f3fe4021000 rw-p 00000000 00:00 0 
7f3fe4021000-7f3fe8000000 ---p 00000000 00:00 0 
7f3fea256000-7f3fea678000 rw-p 00000000 00:00 0 
7f3fea678000-7f3febed9000 rw-s 00000000 00:12 4433607                    /dev/shm/Intel_MPI_oa9iFQ (deleted)
7f3febed9000-7f3febee2000 r-xp 00000000 08:03 338685                     /usr/lib64/libmunge.so.2.0.0
7f3febee2000-7f3fec0e1000 ---p 00009000 08:03 338685                     /usr/lib64/libmunge.so.2.0.0
7f3fec0e1000-7f3fec0e2000 r--p 00008000 08:03 338685                     /usr/lib64/libmunge.so.2.0.0
7f3fec0e2000-7f3fec0e3000 rw-p 00009000 08:03 338685                     /usr/lib64/libmunge.so.2.0.0
7f3fec0e3000-7f3fec0e6000 r-xp 00000000 08:03 134464654                  /usr/lib64/slurm/auth_munge.so
7f3fec0e6000-7f3fec2e5000 ---p 00003000 08:03 134464654                  /usr/lib64/slurm/auth_munge.so
7f3fec2e5000-7f3fec2e6000 r--p 00002000 08:03 134464654                  /usr/lib64/slurm/auth_munge.so
7f3fec2e6000-7f3fec2e7000 rw-p 00003000 08:03 134464654                  /usr/lib64/slurm/auth_munge.so
7f3fec2e7000-7f3fec2f3000 r-xp 00000000 08:03 31737                      /usr/lib64/libnss_files-2.17.so
7f3fec2f3000-7f3fec4f2000 ---p 0000c000 08:03 31737                      /usr/lib64/libnss_files-2.17.so
7f3fec4f2000-7f3fec4f3000 r--p 0000b000 08:03 31737                      /usr/lib64/libnss_files-2.17.so
7f3fec4f3000-7f3fec4f4000 rw-p 0000c000 08:03 31737                      /usr/lib64/libnss_files-2.17.so
7f3fec4f4000-7f3fec4fa000 rw-p 00000000 00:00 0 
7f3fec4fa000-7f3fec6e1000 r-xp 00000000 08:03 389777                     /usr/lib64/libslurm.so.31.0.0
7f3fec6e1000-7f3fec8e0000 ---p 001e7000 08:03 389777                     /usr/lib64/libslurm.so.31.0.0
7f3fec8e0000-7f3fec8e1000 r--p 001e6000 08:03 389777                     /usr/lib64/libslurm.so.31.0.0
7f3fec8e1000-7f3fec8e8000 rw-p 001e7000 08:03 389777                     /usr/lib64/libslurm.so.31.0.0
7f3fec8e8000-7f3fec8ed000 rw-p 00000000 00:00 0 
7f3fec8ed000-7f3fec8f3000 r-xp 00000000 08:03 389771                     /usr/lib64/libpmi.so.0.0.0
7f3fec8f3000-7f3fecaf2000 ---p 00006000 08:03 389771                     /usr/lib64/libpmi.so.0.0.0
7f3fecaf2000-7f3fecaf3000 r--p 00005000 08:03 389771                     /usr/lib64/libpmi.so.0.0.0
7f3fecaf3000-7f3fecaf4000 rw-p 00006000 08:03 389771                     /usr/lib64/libpmi.so.0.0.0
7f3fecaf4000-7f3fecafe000 r-xp 00000000 08:03 337976                     /usr/lib64/libnuma.so.1
7f3fecafe000-7f3feccfe000 ---p 0000a000 08:03 337976                     /usr/lib64/libnuma.so.1
7f3feccfe000-7f3feccff000 r--p 0000a000 08:03 337976                     /usr/lib64/libnuma.so.1
7f3feccff000-7f3fecd00000 rw-p 0000b000 08:03 337976                     /usr/lib64/libnuma.so.1
7f3fecd00000-7f3fecd15000 r-xp 00000000 08:03 84                         /usr/lib64/libgcc_s-4.8.5-20150702.so.1
7f3fecd15000-7f3fecf14000 ---p 00015000 08:03 84                         /usr/lib64/libgcc_s-4.8.5-20150702.so.1
7f3fecf14000-7f3fecf15000 r--p 00014000 08:03 84                         /usr/lib64/libgcc_s-4.8.5-20150702.so.1
7f3fecf15000-7f3fecf16000 rw-p 00015000 08:03 84                         /usr/lib64/libgcc_s-4.8.5-20150702.so.1
7f3fecf16000-7f3fed0cd000 r-xp 00000000 08:03 31516                      /usr/lib64/libc-2.17.so
7f3fed0cd000-7f3fed2cc000 ---p 001b7000 08:03 31516                      /usr/lib64/libc-2.17.so
7f3fed2cc000-7f3fed2d0000 r--p 001b6000 08:03 31516                      /usr/lib64/libc-2.17.so
7f3fed2d0000-7f3fed2d2000 rw-p 001ba000 08:03 31516                      /usr/lib64/libc-2.17.so
7f3fed2d2000-7f3fed2d7000 rw-p 00000000 00:00 0 
7f3fed2d7000-7f3fed2ee000 r-xp 00000000 08:03 188597                     /usr/lib64/libpthread-2.17.so
7f3fed2ee000-7f3fed4ed000 ---p 00017000 08:03 188597                     /usr/lib64/libpthread-2.17.so
7f3fed4ed000-7f3fed4ee000 r--p 00016000 08:03 188597                     /usr/lib64/libpthread-2.17.so
7f3fed4ee000-7f3fed4ef000 rw-p 00017000 08:03 188597                     /usr/lib64/libpthread-2.17.so
7f3fed4ef000-7f3fed4f3000 rw-p 00000000 00:00 0 
7f3fed4f3000-7f3fed4fa000 r-xp 00000000 08:03 338359                     /usr/lib64/librt-2.17.so
7f3fed4fa000-7f3fed6f9000 ---p 00007000 08:03 338359                     /usr/lib64/librt-2.17.so
7f3fed6f9000-7f3fed6fa000 r--p 00006000 08:03 338359                     /usr/lib64/librt-2.17.so
7f3fed6fa000-7f3fed6fb000 rw-p 00007000 08:03 338359                     /usr/lib64/librt-2.17.so
7f3fed6fb000-7f3fed6fd000 r-xp 00000000 08:03 35333                      /usr/lib64/libdl-2.17.so
7f3fed6fd000-7f3fed8fd000 ---p 00002000 08:03 35333                      /usr/lib64/libdl-2.17.so
7f3fed8fd000-7f3fed8fe000 r--p 00002000 08:03 35333                      /usr/lib64/libdl-2.17.so
7f3fed8fe000-7f3fed8ff000 rw-p 00003000 08:03 35333                      /usr/lib64/libdl-2.17.so
7f3fed8ff000-7f3fee057000 r-xp 00000000 00:28 283567098                  /opt/intel/compilers_and_libraries_2017.4.196/linux/mpi/intel64/lib/release_mt/libmpi.so.12.0
7f3fee057000-7f3fee257000 ---p 00758000 00:28 283567098                  /opt/intel/compilers_and_libraries_2017.4.196/linux/mpi/intel64/lib/release_mt/libmpi.so.12.0
7f3fee257000-7f3fee290000 rw-p 00758000 00:28 283567098                  /opt/intel/compilers_and_libraries_2017.4.196/linux/mpi/intel64/lib/release_mt/libmpi.so.12.0
7f3fee290000-7f3fee627000 rw-p 00000000 00:00 0 
7f3fee627000-7f3fee7a5000 r-xp 00000000 00:28 14222483                   /opt/intel/compilers_and_libraries_2017.4.196/linux/mpi/intel64/lib/libmpifort.so.12.0
7f3fee7a5000-7f3fee9a5000 ---p 0017e000 00:28 14222483                   /opt/intel/compilers_and_libraries_2017.4.196/linux/mpi/intel64/lib/libmpifort.so.12.0
7f3fee9a5000-7f3fee9ac000 rw-p 0017e000 00:28 14222483                   /opt/intel/compilers_and_libraries_2017.4.196/linux/mpi/intel64/lib/libmpifort.so.12.0
7f3fee9ac000-7f3fee9d0000 rw-p 00000000 00:00 0 
7f3fee9d0000-7f3feead0000 r-xp 00000000 08:03 35336                      /usr/lib64/libm-2.17.so
7f3feead0000-7f3feecd0000 ---p 00100000 08:03 35336                      /usr/lib64/libm-2.17.so
7f3feecd0000-7f3feecd1000 r--p 00100000 08:03 35336                      /usr/lib64/libm-2.17.so
7f3feecd1000-7f3feecd2000 rw-p 00101000 08:03 35336                      /usr/lib64/libm-2.17.so
7f3feecd2000-7f3feecf2000 r-xp 00000000 08:03 32269                      /usr/lib64/ld-2.17.so
7f3feedab000-7f3feedba000 rw-s 00000000 00:12 4433639                    /dev/shm/shm-col-space-22583-12-55AE2205445B1
7f3feedba000-7f3feeee2000 rw-p 00000000 00:00 0 
7f3feeee2000-7f3feeef1000 rw-s 00000000 00:12 4433638                    /dev/shm/shm-col-space-22583-2-55AE220544542
7f3feeef1000-7f3feeef2000 rw-p 00000000 00:00 0 
7f3feeef2000-7f3feeef3000 r--p 00020000 08:03 32269                      /usr/lib64/ld-2.17.so
7f3feeef3000-7f3feeef4000 rw-p 00021000 08:03 32269                      /usr/lib64/ld-2.17.so
7f3feeef4000-7f3feeef5000 rw-p 00000000 00:00 0 
7fff093cb000-7fff093ed000 rw-p 00000000 00:00 0                          [stack]
7fff093f3000-7fff093f5000 r-xp 00000000 00:00 0                          [vdso]
ffffffffff600000-ffffffffff601000 r-xp 00000000 00:00 0                  [vsyscall]
srun: error: apollo33: task 1: Aborted
srun: Job step aborted: Waiting up to 32 seconds for job step to finish.
slurmstepd: error: *** JOB 6509 ON apollo33 CANCELLED AT 2017-10-06T23:04:28 ***
slurmstepd: error: *** STEP 6509.0 ON apollo33 CANCELLED AT 2017-10-06T23:04:28 ***
