Information for /home/pp17/ta/hw1/samples/testcase04
---------------------------
File Size: 		200 bytes
the initial data 
Information for /home/pp17/ta/hw1/samples/testcase04
---------------------------
File Size: 		200 bytes
the initial data 
Information for /home/pp17/ta/hw1/samples/testcase04
---------------------------
File Size: 		200 bytes
the initial data 
3293.504395 -5569.204102 29151.101562 686.012939 -8970.042969 -24468.636719 -15164.196289 4938.522461 -7488.499023 -11855.858398 -3011.495117 -7210.073730 -27089.582031 15647.874023 -4728.757812 20426.523438 -11189.071289 -14120.008789 18194.359375 -19008.119141 7449.831543 -32117.964844 -14536.532227 5870.926270 15027.083008 8344.556641 29624.509766 23750.562500 -22126.712891 32333.935547 -31083.173828 13934.287109 -6002.769531 30835.427734 -18147.199219 17794.689453 -26400.710938 -543.894043 -10034.288086 -1121.709473 20367.748047 19721.718750 24435.716797 26045.666016 2602.093018 -13060.541016 13704.689453 24180.521484 5586.949707 -868.449646 17Number of tasks = 3 My rank = 0
3293.504395 -5569.204102 29151.101562 686.012939 -8970.042969 -24468.636719 -15164.196289 4938.522461 -7488.499023 -11855.858398 -3011.495117 -7210.073730 -27089.582031 15647.874023 -4728.757812 20426.523438 -11189.071289 -14120.008789 18194.359375 -19008.119141 7449.831543 -32117.964844 -14536.532227 5870.926270 15027.083008 8344.556641 29624.509766 23750.562500 -22126.712891 32333.935547 -31083.173828 13934.287109 -6002.769531 30835.427734 -18147.199219 17794.689453 -26400.710938 -543.894043 -10034.288086 -1121.709473 20367.748047 19721.718750 24435.716797 26045.666016 2602.093018 -13060.541016 13704.689453 24180.521484 5586.949707 -868.449646 17Number of tasks = 3 My rank = 1
3293.504395 -5569.204102 29151.101562 686.012939 -8970.042969 -24468.636719 -15164.196289 4938.522461 -7488.499023 -11855.858398 -3011.495117 -7210.073730 -27089.582031 15647.874023 -4728.757812 20426.523438 -11189.071289 -14120.008789 18194.359375 -19008.119141 7449.831543 -32117.964844 -14536.532227 5870.926270 15027.083008 8344.556641 29624.509766 23750.562500 -22126.712891 32333.935547 -31083.173828 13934.287109 -6002.769531 30835.427734 -18147.199219 17794.689453 -26400.710938 -543.894043 -10034.288086 -1121.709473 20367.748047 19721.718750 24435.716797 26045.666016 2602.093018 -13060.541016 13704.689453 24180.521484 5586.949707 -868.449646 17Number of tasks = 3 My rank = 2

phase = 0:
-5569.204102 3293.504395 -8970.042969 29151.101562 -24468.636719 686.012939 -15164.196289 -7488.499023 -11855.858398 4938.522461 -27089.582031 -3011.495117 -7210.073730 -4728.757812 -11189.071289 15647.874023 -14120.008789 20426.523438 18194.359375 

Middle Process in phase 0 : -11189.071289 -14120.008789 20426.523438 -19008.119141 18194.359375 -32117.964844 7449.831543 -14536.532227 5870.926270 8344.556641 15027.083008 -22126.712891 29624.509766 -31083.173828 23750.562500 -6002.769531 32333.935547 -18147.199219 13934.287109 17794.689453 30835.427734 
Second process data in phase = 0
-18147.199219 -6002.769531 -26400.710938 30835.427734 -10034.288086 17794.689453 -1121.709473 -543.894043 19721.718750 20367.748047 2602.093018 24435.716797 -13060.541016 26045.666016 5586.949707 13704.689453 -868.449646 24180.521484 
Received data for process last:
-18147.199219 13934.287109  
Second process data in phase = 1
received data for process one : 20426.523438 -19008.119141

phase = 1:
Middle Process in phase 1 : -14120.008789 -19008.119141 15647.874023 -32117.964844 20426.523438 -14536.532227 18194.359375 5870.926270 7449.831543 -22126.712891 8344.556641 -31083.173828 15027.083008 -6002.769531 29624.509766 -18147.199219 23750.562500 -26400.710938 32333.935547 13934.287109 30835.427734 
-26400.710938 -18147.199219 -10034.288086 13934.287109 -1121.709473 30835.427734 -543.894043 17794.689453 2602.093018 19721.718750 -13060.541016 20367.748047 5586.949707 24435.716797 -868.449646 26045.666016 13704.689453 24180.521484 
Received data for process last:
-26400.710938 32333.935547  
Second process data in phase = 2
-8970.042969 -5569.204102 -24468.636719 3293.504395 -15164.196289 29151.101562 -11855.858398 686.012939 -27089.582031 -7488.499023 -7210.073730 4938.522461 -11189.071289 -3011.495117 -14120.008789 -4728.757812 -19008.119141 15647.874023 20426.523438 

received data for process one : 15647.874023 -32117.964844

phase = 2:
Middle Process in phase 2 : -19008.119141 -32117.964844 -4728.757812 -14536.532227 15647.874023 5870.926270 20426.523438 -22126.712891 18194.359375 -31083.173828 7449.831543 -6002.769531 8344.556641 -18147.199219 15027.083008 -26400.710938 29624.509766 -10034.288086 23750.562500 13934.287109 32333.935547 
-26400.710938 -10034.288086 -1121.709473 32333.935547 -543.894043 13934.287109 2602.093018 30835.427734 -13060.541016 17794.689453 5586.949707 19721.718750 -868.449646 20367.748047 13704.689453 24435.716797 24180.521484 26045.666016 
Received data for process last:
-10034.288086 23750.562500  
Second process data in phase = 3
-24468.636719 -8970.042969 -15164.196289 -5569.204102 -11855.858398 3293.504395 -27089.582031 29151.101562 -7488.499023 686.012939 -11189.071289 -7210.073730 -14120.008789 4938.522461 -19008.119141 -3011.495117 -32117.964844 -4728.757812 15647.874023 

received data for process one : -4728.757812 -14536.532227

phase = 3:
-24468.636719 -15164.196289 -11855.858398 -8970.042969 -27089.582031 -5569.204102 -7488.499023 3293.504395 -11189.071289 29151.101562 -14120.008789 686.012939 -19008.119141 -7210.073730 -32117.964844 4938.522461 -14536.532227 -3011.495117 -4728.757812 

received data for process one : -3011.495117 -4728.757812
Middle Process in phase 3 : -32117.964844 -14536.532227 -3011.495117 -4728.757812 5870.926270 -22126.712891 15647.874023 -31083.173828 20426.523438 -6002.769531 18194.359375 -18147.199219 7449.831543 -26400.710938 8344.556641 -10034.288086 15027.083008 -1121.709473 29624.509766 23750.562500 32333.935547 
-10034.288086 -1121.709473 -543.894043 23750.562500 2602.093018 32333.935547 -13060.541016 13934.287109 5586.949707 30835.427734 -868.449646 17794.689453 13704.689453 19721.718750 20367.748047 24180.521484 24435.716797 26045.666016 
Received data for process last:
-1121.709473 29624.509766  
Second process data in phase = 4
-1121.709473 -543.894043 2602.093018 29624.509766 -13060.541016 23750.562500 5586.949707 32333.935547 -868.449646 13934.287109 13704.689453 30835.427734 17794.689453 19721.718750 20367.748047 24180.521484 24435.716797 26045.666016 

phase = 4:
-24468.636719 -15164.196289 -27089.582031 -11855.858398 -8970.042969 -7488.499023 -11189.071289 -5569.204102 -14120.008789 3293.504395 -19008.119141 29151.101562 -32117.964844 686.012939 -14536.532227 -7210.073730 -4728.757812 4938.522461 -3011.495117 

received data for process one : 4938.522461 -22126.712891

phase = 5:
Middle Process in phase 4 : -14536.532227 -4728.757812 4938.522461 -22126.712891 -3011.495117 -31083.173828 5870.926270 -6002.769531 15647.874023 -18147.199219 20426.523438 -26400.710938 18194.359375 -10034.288086 7449.831543 -1121.709473 8344.556641 -543.894043 15027.083008 23750.562500 29624.509766 
Received data for process last:
-543.894043 15027.083008  
Second process data in phase = 5
-543.894043 2602.093018 -13060.541016 15027.083008 5586.949707 29624.509766 -868.449646 23750.562500 13704.689453 32333.935547 13934.287109 17794.689453 19721.718750 30835.427734 20367.748047 24180.521484 24435.716797 26045.666016 
Received data for process last:
2602.093018 8344.556641  
-27089.582031 -24468.636719 -15164.196289 -11855.858398 -11189.071289 -8970.042969 -14120.008789 -7488.499023 -19008.119141 -5569.204102 -32117.964844 3293.504395 -14536.532227 29151.101562 -7210.073730 686.012939 -22126.712891 -4728.757812 4938.522461 

received data for process one : -4728.757812 -31083.173828

phase = 6:
Middle Process in phase 5 : -7210.073730 -22126.712891 -4728.757812 -31083.173828 4938.522461 -6002.769531 -3011.495117 -18147.199219 5870.926270 -26400.710938 15647.874023 -10034.288086 20426.523438 -1121.709473 18194.359375 -543.894043 7449.831543 2602.093018 8344.556641 15027.083008 29624.509766 
Second process data in phase = 6
-13060.541016 2602.093018 5586.949707 8344.556641 -868.449646 15027.083008 13704.689453 29624.509766 13934.287109 23750.562500 17794.689453 32333.935547 19721.718750 20367.748047 24180.521484 30835.427734 24435.716797 26045.666016 
Received data for process last:
-13060.541016 7449.831543  
-27089.582031 -24468.636719 -15164.196289 -11855.858398 -14120.008789 -11189.071289 -19008.119141 -8970.042969 -32117.964844 -7488.499023 -14536.532227 -5569.204102 -7210.073730 3293.504395 -22126.712891 29151.101562 -31083.173828 686.012939 -4728.757812 

received data for process one : 686.012939 -6002.769531

phase = 7:
Middle Process in phase 6 : -22126.712891 -31083.173828 686.012939 -6002.769531 -4728.757812 -18147.199219 4938.522461 -26400.710938 -3011.495117 -10034.288086 5870.926270 -1121.709473 15647.874023 -543.894043 20426.523438 2602.093018 18194.359375 -13060.541016 7449.831543 8344.556641 15027.083008 
Second process data in phase = 7
-13060.541016 5586.949707 -868.449646 7449.831543 8344.556641 13704.689453 13934.287109 15027.083008 17794.689453 29624.509766 19721.718750 23750.562500 20367.748047 32333.935547 24180.521484 24435.716797 26045.666016 30835.427734 
Received data for process last:
5586.949707 18194.359375  
-27089.582031 -24468.636719 -15164.196289 -14120.008789 -19008.119141 -11855.858398 -32117.964844 -11189.071289 -14536.532227 -8970.042969 -7488.499023 -7210.073730 -22126.712891 -5569.204102 -31083.173828 3293.504395 -6002.769531 29151.101562 686.012939 

received data for process one : 29151.101562 -18147.199219

phase = 8:
Middle Process in phase 7 : -31083.173828 -6002.769531 29151.101562 -18147.199219 686.012939 -26400.710938 -4728.757812 -10034.288086 4938.522461 -3011.495117 -1121.709473 -543.894043 5870.926270 2602.093018 15647.874023 -13060.541016 20426.523438 5586.949707 18194.359375 7449.831543 8344.556641 
Second process data in phase = 8
-868.449646 5586.949707 7449.831543 18194.359375 8344.556641 13704.689453 13934.287109 15027.083008 17794.689453 19721.718750 20367.748047 29624.509766 23750.562500 24180.521484 24435.716797 32333.935547 26045.666016 30835.427734 
Received data for process last:
-868.449646 20426.523438  
-27089.582031 -24468.636719 -19008.119141 -15164.196289 -32117.964844 -14120.008789 -14536.532227 -11855.858398 -11189.071289 -8970.042969 -22126.712891 -7488.499023 -31083.173828 -7210.073730 -6002.769531 -5569.204102 -18147.199219 3293.504395 29151.101562 

received data for process one : 3293.504395 -26400.710938

phase = 9:
Middle Process in phase 8 : -6002.769531 -18147.199219 3293.504395 -26400.710938 29151.101562 -10034.288086 686.012939 -4728.757812 -3011.495117 -1121.709473 4938.522461 -543.894043 2602.093018 -13060.541016 5870.926270 5586.949707 15647.874023 -868.449646 20426.523438 7449.831543 18194.359375 
Second process data in phase = 9
-868.449646 7449.831543 8344.556641 20426.523438 13704.689453 18194.359375 13934.287109 15027.083008 17794.689453 19721.718750 20367.748047 23750.562500 24180.521484 29624.509766 24435.716797 26045.666016 30835.427734 32333.935547 
Received data for process last:
7449.831543 15647.874023  
-27089.582031 -24468.636719 -32117.964844 -19008.119141 -15164.196289 -14536.532227 -14120.008789 -11855.858398 -22126.712891 -11189.071289 -31083.173828 -8970.042969 -7488.499023 -7210.073730 -18147.199219 -6002.769531 -26400.710938 -5569.204102 3293.504395 

received data for process one : -5569.204102 -10034.288086

phase = 10:
Middle Process in phase 9 : -18147.199219 -26400.710938 -5569.204102 -10034.288086 3293.504395 -4728.757812 29151.101562 -3011.495117 686.012939 -1121.709473 -543.894043 -13060.541016 4938.522461 2602.093018 5586.949707 -868.449646 5870.926270 7449.831543 15647.874023 18194.359375 20426.523438 
Second process data in phase = 10
-32117.964844 -27089.582031 -24468.636719 -19008.119141 -15164.196289 -14536.532227 -22126.712891 -14120.008789 -31083.173828 -11855.858398 -11189.071289 -8970.042969 -18147.199219 -7488.499023 -26400.710938 -7210.073730 -10034.288086 -6002.769531 -5569.204102 

received data for process one : -6002.769531 -5569.204102

phase = 11:
Middle Process in phase 10 : -26400.710938 -10034.288086 -6002.769531 -5569.204102 -4728.757812 -3011.495117 3293.504395 -1121.709473 29151.101562 -13060.541016 686.012939 -543.894043 2602.093018 -868.449646 4938.522461 5586.949707 5870.926270 7449.831543 8344.556641 15647.874023 20426.523438 
7449.831543 8344.556641 13704.689453 15647.874023 13934.287109 20426.523438 15027.083008 18194.359375 17794.689453 19721.718750 20367.748047 23750.562500 24180.521484 24435.716797 26045.666016 29624.509766 30835.427734 32333.935547 
Received data for process last:
7449.831543 8344.556641  
Second process data in phase = 11
7449.831543 8344.556641 13704.689453 13934.287109 15027.083008 15647.874023 17794.689453 20426.523438 18194.359375 19721.718750 20367.748047 23750.562500 24180.521484 24435.716797 26045.666016 29624.509766 30835.427734 32333.935547 
Received data for process last:
-32117.964844 -27089.582031 -24468.636719 -19008.119141 -22126.712891 -15164.196289 -31083.173828 -14536.532227 -14120.008789 -11855.858398 -18147.199219 -11189.071289 -26400.710938 -8970.042969 -10034.288086 -7488.499023 -7210.073730 -6002.769531 -5569.204102 

received data for process one : -6002.769531 -5569.204102

phase = 12:
Middle Process in phase 11 : -10034.288086 -7210.073730 -6002.769531 -5569.204102 -4728.757812 -3011.495117 -1121.709473 -13060.541016 3293.504395 -543.894043 29151.101562 -868.449646 686.012939 2602.093018 4938.522461 5586.949707 5870.926270 7449.831543 8344.556641 13704.689453 15647.874023 
7449.831543 8344.556641  
Second process data in phase = 12
7449.831543 8344.556641 13704.689453 13934.287109 15027.083008 15647.874023 17794.689453 18194.359375 19721.718750 20426.523438 20367.748047 23750.562500 24180.521484 24435.716797 26045.666016 29624.509766 30835.427734 32333.935547 
Received data for process last:
7449.831543 8344.556641  
-32117.964844 -27089.582031 -24468.636719 -22126.712891 -31083.173828 -19008.119141 -15164.196289 -14536.532227 -18147.199219 -14120.008789 -26400.710938 -11855.858398 -11189.071289 -10034.288086 -8970.042969 -7488.499023 -7210.073730 -6002.769531 -5569.204102 

received data for process one : -6002.769531 -5569.204102

phase = 13:
Middle Process in phase 12 : -7488.499023 -7210.073730 -6002.769531 -5569.204102 -4728.757812 -13060.541016 -3011.495117 -1121.709473 -543.894043 -868.449646 3293.504395 686.012939 29151.101562 2602.093018 4938.522461 5586.949707 5870.926270 7449.831543 8344.556641 13704.689453 13934.287109 
Second process data in phase = 13
7449.831543 8344.556641 13704.689453 13934.287109 15027.083008 15647.874023 17794.689453 18194.359375 19721.718750 20367.748047 20426.523438 23750.562500 24180.521484 24435.716797 26045.666016 29624.509766 30835.427734 32333.935547 
Received data for process last:
7449.831543 8344.556641  
-32117.964844 -27089.582031 -31083.173828 -24468.636719 -22126.712891 -19008.119141 -18147.199219 -15164.196289 -26400.710938 -14536.532227 -14120.008789 -11855.858398 -11189.071289 -10034.288086 -8970.042969 -7488.499023 -7210.073730 -6002.769531 -5569.204102 

received data for process one : -6002.769531 -13060.541016

phase = 14:
Middle Process in phase 13 : -7488.499023 -7210.073730 -6002.769531 -13060.541016 -5569.204102 -4728.757812 -3011.495117 -1121.709473 -868.449646 -543.894043 686.012939 2602.093018 3293.504395 4938.522461 29151.101562 5586.949707 5870.926270 7449.831543 8344.556641 13704.689453 13934.287109 
Second process data in phase = 14
7449.831543 8344.556641 13704.689453 13934.287109 15027.083008 15647.874023 17794.689453 18194.359375 19721.718750 20367.748047 20426.523438 23750.562500 24180.521484 24435.716797 26045.666016 29624.509766 30835.427734 32333.935547 
Received data for process last:
7449.831543 8344.556641  
Second process data in phase = 15
-32117.964844 -31083.173828 -27089.582031 -24468.636719 -22126.712891 -19008.119141 -26400.710938 -18147.199219 -15164.196289 -14536.532227 -14120.008789 -11855.858398 -11189.071289 -10034.288086 -8970.042969 -7488.499023 -13060.541016 -7210.073730 -6002.769531 

received data for process one : -7210.073730 -6002.769531

phase = 15:
Middle Process in phase 14 : -7488.499023 -13060.541016 -7210.073730 -6002.769531 -5569.204102 -4728.757812 -3011.495117 -1121.709473 -868.449646 -543.894043 686.012939 2602.093018 3293.504395 4938.522461 5586.949707 5870.926270 29151.101562 7449.831543 8344.556641 13704.689453 13934.287109 
7449.831543 8344.556641 13704.689453 13934.287109 15027.083008 15647.874023 17794.689453 18194.359375 19721.718750 20367.748047 20426.523438 23750.562500 24180.521484 24435.716797 26045.666016 29624.509766 30835.427734 32333.935547 
Received data for process last:
8344.556641 29151.101562  
Second process data in phase = 16
-32117.964844 -31083.173828 -27089.582031 -24468.636719 -26400.710938 -22126.712891 -19008.119141 -18147.199219 -15164.196289 -14536.532227 -14120.008789 -11855.858398 -11189.071289 -10034.288086 -13060.541016 -8970.042969 -7488.499023 -7210.073730 -6002.769531 

received data for process one : -7210.073730 -6002.769531

phase = 16:
Middle Process in phase 15 : -13060.541016 -7488.499023 -7210.073730 -6002.769531 -5569.204102 -4728.757812 -3011.495117 -1121.709473 -868.449646 -543.894043 686.012939 2602.093018 3293.504395 4938.522461 5586.949707 5870.926270 7449.831543 8344.556641 29151.101562 13704.689453 13934.287109 
Middle Process in phase 16 : -8970.042969 -7488.499023 -7210.073730 -6002.769531 -5569.204102 -4728.757812 -3011.495117 -1121.709473 -868.449646 -543.894043 686.012939 2602.093018 3293.504395 4938.522461 5586.949707 5870.926270 7449.831543 8344.556641 13704.689453 13934.287109 29151.101562 
8344.556641 13704.689453 13934.287109 29151.101562 15027.083008 15647.874023 17794.689453 18194.359375 19721.718750 20367.748047 20426.523438 23750.562500 24180.521484 24435.716797 26045.666016 29624.509766 30835.427734 32333.935547 
Received data for process last:
8344.556641 13704.689453  
Second process data in phase = 17
-32117.964844 -31083.173828 -27089.582031 -26400.710938 -24468.636719 -22126.712891 -19008.119141 -18147.199219 -15164.196289 -14536.532227 -14120.008789 -11855.858398 -13060.541016 -11189.071289 -10034.288086 -8970.042969 -7488.499023 -7210.073730 -6002.769531 

received data for process one : -7210.073730 -6002.769531

phase = 17:
-32117.964844 -31083.173828 -27089.582031 -26400.710938 -24468.636719 -22126.712891 -19008.119141 -18147.199219 -15164.196289 -14536.532227 -14120.008789 -13060.541016 -11855.858398 -11189.071289 -10034.288086 -8970.042969 -7488.499023 -7210.073730 -6002.769531 

received data for process one : -7210.073730 -6002.769531

phase = 18:
Middle Process in phase 17 : -8970.042969 -7488.499023 -7210.073730 -6002.769531 -5569.204102 -4728.757812 -3011.495117 -1121.709473 -868.449646 -543.894043 686.012939 2602.093018 3293.504395 4938.522461 5586.949707 5870.926270 7449.831543 8344.556641 13704.689453 13934.287109 29151.101562 
8344.556641 13704.689453 13934.287109 15027.083008 15647.874023 29151.101562 17794.689453 18194.359375 19721.718750 20367.748047 20426.523438 23750.562500 24180.521484 24435.716797 26045.666016 29624.509766 30835.427734 32333.935547 
Received data for process last:
8344.556641 13704.689453  
Second process data in phase = 18
8344.556641 13704.689453 13934.287109 15027.083008 15647.874023 17794.689453 18194.359375 29151.101562 19721.718750 20367.748047 20426.523438 23750.562500 24180.521484 24435.716797 26045.666016 29624.509766 30835.427734 32333.935547 
Received data for process last:
8344.556641 13704.689453  
-32117.964844 -31083.173828 -27089.582031 -26400.710938 -24468.636719 -22126.712891 -19008.119141 -18147.199219 -15164.196289 -14536.532227 -14120.008789 -13060.541016 -11855.858398 -11189.071289 -10034.288086 -8970.042969 -7488.499023 -7210.073730 -6002.769531 

received data for process one : -7210.073730 -6002.769531

phase = 19:
Middle Process in phase 18 : -8970.042969 -7488.499023 -7210.073730 -6002.769531 -5569.204102 -4728.757812 -3011.495117 -1121.709473 -868.449646 -543.894043 686.012939 2602.093018 3293.504395 4938.522461 5586.949707 5870.926270 7449.831543 8344.556641 13704.689453 13934.287109 15027.083008 
Second process data in phase = 19
8344.556641 13704.689453 13934.287109 15027.083008 15647.874023 17794.689453 18194.359375 19721.718750 20367.748047 29151.101562 20426.523438 23750.562500 24180.521484 24435.716797 26045.666016 29624.509766 30835.427734 32333.935547 
Received data for process last:
8344.556641 13704.689453  
Second process data in phase = 20
-32117.964844 -31083.173828 -27089.582031 -26400.710938 -24468.636719 -22126.712891 -19008.119141 -18147.199219 -15164.196289 -14536.532227 -14120.008789 -13060.541016 -11855.858398 -11189.071289 -10034.288086 -8970.042969 -7488.499023 -7210.073730 -6002.769531 

received data for process one : -7210.073730 -6002.769531

phase = 20:
Middle Process in phase 19 : -8970.042969 -7488.499023 -7210.073730 -6002.769531 -5569.204102 -4728.757812 -3011.495117 -1121.709473 -868.449646 -543.894043 686.012939 2602.093018 3293.504395 4938.522461 5586.949707 5870.926270 7449.831543 8344.556641 13704.689453 13934.287109 15027.083008 
Middle Process in phase 20 : -8970.042969 -7488.499023 -7210.073730 -6002.769531 -5569.204102 -4728.757812 -3011.495117 -1121.709473 -868.449646 -543.894043 686.012939 2602.093018 3293.504395 4938.522461 5586.949707 5870.926270 7449.831543 8344.556641 13704.689453 13934.287109 15027.083008 
8344.556641 13704.689453 13934.287109 15027.083008 15647.874023 17794.689453 18194.359375 19721.718750 20367.748047 20426.523438 23750.562500 29151.101562 24180.521484 24435.716797 26045.666016 29624.509766 30835.427734 32333.935547 
Received data for process last:
8344.556641 13704.689453  
Second process data in phase = 21
-32117.964844 -31083.173828 -27089.582031 -26400.710938 -24468.636719 -22126.712891 -19008.119141 -18147.199219 -15164.196289 -14536.532227 -14120.008789 -13060.541016 -11855.858398 -11189.071289 -10034.288086 -8970.042969 -7488.499023 -7210.073730 -6002.769531 

received data for process one : -7210.073730 -6002.769531

phase = 21:
Middle Process in phase 21 : -8970.042969 -7488.499023 -7210.073730 -6002.769531 -5569.204102 -4728.757812 -3011.495117 -1121.709473 -868.449646 -543.894043 686.012939 2602.093018 3293.504395 4938.522461 5586.949707 5870.926270 7449.831543 8344.556641 13704.689453 13934.287109 15027.083008 
8344.556641 13704.689453 13934.287109 15027.083008 15647.874023 17794.689453 18194.359375 19721.718750 20367.748047 20426.523438 23750.562500 24180.521484 24435.716797 29151.101562 26045.666016 29624.509766 30835.427734 32333.935547 
Received data for process last:
8344.556641 13704.689453  
Second process data in phase = 22
-32117.964844 -31083.173828 -27089.582031 -26400.710938 -24468.636719 -22126.712891 -19008.119141 -18147.199219 -15164.196289 -14536.532227 -14120.008789 -13060.541016 -11855.858398 -11189.071289 -10034.288086 -8970.042969 -7488.499023 -7210.073730 -6002.769531 

received data for process one : -7210.073730 -6002.769531

phase = 22:
-32117.964844 -31083.173828 -27089.582031 -26400.710938 -24468.636719 -22126.712891 -19008.119141 -18147.199219 -15164.196289 -14536.532227 -14120.008789 -13060.541016 -11855.858398 -11189.071289 -10034.288086 -8970.042969 -7488.499023 -7210.073730 -6002.769531 

Middle Process in phase 22 : -8970.042969 -7488.499023 -7210.073730 -6002.769531 -5569.204102 -4728.757812 -3011.495117 -1121.709473 -868.449646 -543.894043 686.012939 2602.093018 3293.504395 4938.522461 5586.949707 5870.926270 7449.831543 8344.556641 13704.689453 13934.287109 15027.083008 
8344.556641 13704.689453 13934.287109 15027.083008 15647.874023 17794.689453 18194.359375 19721.718750 20367.748047 20426.523438 23750.562500 24180.521484 24435.716797 26045.666016 29151.101562 29624.509766 30835.427734 32333.935547 
Received data for process last:
8344.556641 13704.689453  
received data for process one : -7210.073730 -6002.769531

phase = 23:
-32117.964844 -31083.173828 -27089.582031 -26400.710938 -24468.636719 -22126.712891 -19008.119141 -18147.199219 -15164.196289 -14536.532227 -14120.008789 -13060.541016 -11855.858398 -11189.071289 -10034.288086 -8970.042969 -7488.499023 -7210.073730 -6002.769531 
Middle Process in phase 23 : -8970.042969 -7488.499023 -7210.073730 -6002.769531 -5569.204102 -4728.757812 -3011.495117 -1121.709473 -868.449646 -543.894043 686.012939 2602.093018 3293.504395 4938.522461 5586.949707 5870.926270 7449.831543 8344.556641 13704.689453 13934.287109 15027.083008 
Middle Process' Results: -7210.073730 -6002.769531 -5569.204102 -4728.757812 -3011.495117 -1121.709473 -868.449646 -543.894043 686.012939 2602.093018 3293.504395 4938.522461 5586.949707 5870.926270 7449.831543 8344.556641 13704.689453 
Final Answer:-32117.964844 -31083.173828 -27089.582031 -26400.710938 -24468.636719 -22126.712891 -19008.119141 -18147.199219 -15164.196289 -14536.532227 -14120.008789 -13060.541016 -11855.858398 -11189.071289 -10034.288086 -8970.042969 -7488.499023 -7210.073730 -6002.769531 -5569.204102 -4728.757812 -3011.495117 -1121.709473 -868.449646 -543.894043 686.012939 2602.093018 3293.504395 4938.522461 5586.949707 5870.926270 7449.831543 8344.556641 13704.689453 13934.287109 15027.083008 15647.874023 17794.689453 18194.359375 19721.718750 20367.748047 20426.523438 23750.562500 24180.521484 24435.716797 26045.666016 29151.101562 29624.509766 30835.427734 32333.935547 
Second process data in phase = 23
8344.556641 13704.689453 13934.287109 15027.083008 15647.874023 17794.689453 18194.359375 19721.718750 20367.748047 20426.523438 23750.562500 24180.521484 24435.716797 26045.666016 29151.101562 29624.509766 30835.427734 32333.935547 

real	0m0.198s
user	0m0.010s
sys	0m0.010s
