Proc 0: range = [0, 20)
Proc 1: range = [20, 40)
Proc 2: range = [40, 60)
Proc 3: range = [60, 84)
phase=0
phase=0
middle(2) local_buf:
-25720.439453 -10845.235352 -7091.641602 -5240.214844 20886.302734 
middle(2) Received(right):
phase=1
-29329.533203 -22763.521484 -3532.090576 4248.712402 9038.991211 31330.298828 
phase=1
middle(2) local_buf:
-29329.533203 -25720.439453 -22763.521484 -10845.235352 -7091.641602 
middle(2) Received(left):
-5240.214844 -3532.090576 4248.712402 9038.991211 20886.302734 31330.298828 
phase=2
5330.070801 16857.742188 18393.089844 31354.748047 32359.974609 
phase=2
middle(2) local_buf:
5330.070801 16857.742188 18393.089844 31354.748047 32359.974609 
middle(2) Received(right):
16857.742188 18393.089844 20886.302734 31330.298828 31354.748047 32359.974609 
phase=3
-5240.214844 -3532.090576 4248.712402 9038.991211 20886.302734 31330.298828 
phase=3
middle(2) local_buf:
-5240.214844 -3532.090576 4248.712402 5330.070801 9038.991211 
middle(2) Received(left):
-25720.439453 -22763.521484 -14799.581055 -10845.235352 -7091.641602 

real	0m0.221s
user	0m0.007s
sys	0m0.015s
