Proc 0: range = [0, 52)
Proc 1: range = [36, 84)
31354.748047 18393.089844 32359.974609 5330.070801 -29165.416016 16857.742188 -29639.796875 -29430.537109 -14799.581055 -27992.589844 -5240.214844 20886.302734 -25720.439453 
-27992.589844 -5240.214844 20886.302734 -25720.439453 -10845.235352 -7091.641602 4248.712402 -22763.521484 31330.298828 -3532.090576 9038.991211 -29329.533203 
Received data for process last:
-5240.214844 -10845.235352  
Received data for process last:
20886.302734 -22763.521484  
Received data for process last:
Received data for process last:
20886.302734 -25720.439453  
Received data for process last:
-5240.214844 -10845.235352  
Received data for process last:
20886.302734 -22763.521484  
Received data for process last:
16857.742188 -7091.641602  
-5240.214844 -7091.641602  
Received data for process last:
20886.302734 -29329.533203  
Received data for process last:
16857.742188 -5240.214844  
Received data for process last:
Received data for process last:
32359.974609 -29329.533203  
Received data for process last:
31354.748047 -5240.214844  
Received data for process last:
32359.974609 -5240.214844  
32359.974609 -5240.214844  
Received data for process last:
31354.748047 -3532.090576  
Received data for process last:
32359.974609 4248.712402  
Received data for process last:
31354.748047 -3532.090576  
Received data for process last:
Received data for process last:
31354.748047 9038.991211  
32359.974609 4248.712402  

real	0m0.194s
user	0m0.006s
sys	0m0.013s
