Proc 0: range = [0, 83332)
Proc 24: range = [1999968, 2083300)
Proc 12: range = [999984, 1083316)
Proc 36: range = [2999952, 3083284)
Proc 1: range = [83332, 166664)
Proc 2: range = [166664, 249996)
Proc 3: range = [249996, 333328)
Proc 4: range = [333328, 416660)
Proc 5: range = [416660, 499992)
Proc 6: range = [499992, 583324)
Proc 45: range = [3749940, 3833272)
Proc 34: range = [2833288, 2916620)
Proc 15: range = [1249980, 1333312)
Proc 7: range = [583324, 666656)
Proc 47: range = [3916604, 4000000)
Proc 25: range = [2083300, 2166632)
Proc 21: range = [1749972, 1833304)
Proc 8: range = [666656, 749988)
Proc 37: range = [3083284, 3166616)
Proc 26: range = [2166632, 2249964)
Proc 22: range = [1833304, 1916636)
Proc 10: range = [833320, 916652)
Proc 38: range = [3166616, 3249948)
Proc 27: range = [2249964, 2333296)
Proc 13: range = [1083316, 1166648)
Proc 11: range = [916652, 999984)
Proc 39: range = [3249948, 3333280)
Proc 28: range = [2333296, 2416628)
Proc 14: range = [1166648, 1249980)
Proc 9: range = [749988, 833320)
Proc 40: range = [3333280, 3416612)
Proc 29: range = [2416628, 2499960)
Proc 17: range = [1416644, 1499976)
Proc 42: range = [3499944, 3583276)
Proc 31: range = [2583292, 2666624)
Proc 18: range = [1499976, 1583308)
Proc 43: range = [3583276, 3666608)
Proc 32: range = [2666624, 2749956)
Proc 19: range = [1583308, 1666640)
Proc 44: range = [3666608, 3749940)
Proc 33: range = [2749956, 2833288)
Proc 20: range = [1666640, 1749972)
Proc 46: range = [3833272, 3916604)
Proc 35: range = [2916620, 2999952)
Proc 23: range = [1916636, 1999968)
Proc 41: range = [3416612, 3499944)
Proc 30: range = [2499960, 2583292)
Proc 16: range = [1333312, 1416644)
process(6) IO time = 0.000000
process(6) logic time = 0.040000
process(6) comm time = 0.010000
process(47) IO time = 0.000000
process(47) logic time = 0.050000
process(47) comm time = 0.030000
process(5) IO time = 0.000000
process(5) logic time = 0.050000
process(5) comm time = 0.020000
process(13) IO time = 0.000000
process(13) logic time = 0.050000
process(13) comm time = 0.030000
process(11) IO time = 0.000000
process(11) logic time = 0.040000
process(11) comm time = 0.010000
process(30) IO time = 0.010000
process(30) logic time = 0.050000
process(30) comm time = 0.030000
process(39) IO time = 0.010000
process(39) logic time = 0.050000
process(39) comm time = 0.000000
process(8) IO time = 0.010000
process(8) logic time = 0.050000
process(8) comm time = 0.010000
process(19) IO time = 0.000000
process(19) logic time = 0.040000
process(19) comm time = 0.000000
process(0) IO time = 0.000000
process(0) logic time = 0.050000
process(0) comm time = 0.040000
process(4) IO time = 0.000000
process(4) logic time = 0.040000
process(4) comm time = 0.010000
process(25) IO time = 0.010000
process(25) logic time = 0.060000
process(25) comm time = 0.000000
process(32) IO time = 0.000000
process(32) logic time = 0.040000
process(32) comm time = 0.010000
process(44) IO time = 0.000000
process(44) logic time = 0.040000
process(44) comm time = 0.020000
process(1) IO time = 0.010000
process(1) logic time = 0.050000
process(1) comm time = 0.010000
process(41) IO time = 0.000000
process(41) logic time = 0.040000
process(41) comm time = 0.000000
process(20) IO time = 0.000000
process(20) logic time = 0.040000
process(20) comm time = 0.010000
process(10) IO time = 0.010000
process(10) logic time = 0.050000
process(10) comm time = 0.030000
process(14) IO time = 0.010000
process(14) logic time = 0.050000
process(14) comm time = 0.010000
process(7) IO time = 0.000000
process(7) logic time = 0.050000
process(7) comm time = 0.020000
process(9) IO time = 0.010000
process(9) logic time = 0.050000
process(9) comm time = 0.040000
process(2) IO time = 0.010000
process(2) logic time = 0.050000
process(2) comm time = 0.020000
process(34) IO time = 0.000000
process(34) logic time = 0.040000
process(34) comm time = 0.010000
process(31) IO time = 0.000000
process(31) logic time = 0.050000
process(31) comm time = 0.020000
process(3) IO time = 0.010000
process(37) IO time = 0.010000
process(37) logic time = 0.060000
process(37) comm time = 0.010000
process(3) logic time = 0.050000
process(38) IO time = 0.000000
process(38) logic time = 0.040000
process(38) comm time = 0.000000
process(3) comm time = 0.020000
process(16) IO time = 0.010000
process(16) logic time = 0.050000
process(16) comm time = 0.010000
process(12) IO time = 0.010000
process(12) logic time = 0.050000
process(12) comm time = 0.010000
process(33) IO time = 0.000000
process(33) logic time = 0.050000
process(33) comm time = 0.030000
process(35) IO time = 0.000000
process(35) logic time = 0.040000
process(35) comm time = 0.010000
process(46) IO time = 0.000000
process(46) logic time = 0.040000
process(46) comm time = 0.000000
process(45) IO time = 0.010000
process(45) logic time = 0.050000
process(45) comm time = 0.020000
process(28) IO time = 0.000000
process(28) logic time = 0.050000
process(28) comm time = 0.020000
process(29) IO time = 0.010000
process(29) logic time = 0.050000
process(29) comm time = 0.000000
process(15) IO time = 0.010000
process(15) logic time = 0.050000
process(15) comm time = 0.020000
process(18) IO time = 0.010000
process(18) logic time = 0.050000
process(18) comm time = 0.020000
process(42) IO time = 0.010000
process(42) logic time = 0.050000
process(42) comm time = 0.010000
process(40) IO time = 0.000000
process(40) logic time = 0.050000
process(40) comm time = 0.010000
process(27) IO time = 0.010000
process(27) logic time = 0.060000
process(27) comm time = 0.030000
process(23) IO time = 0.000000
process(23) logic time = 0.040000
process(23) comm time = 0.010000
process(36) IO time = 0.000000
process(36) logic time = 0.050000
process(36) comm time = 0.000000
process(24) IO time = 0.010000
process(24) logic time = 0.050000
process(24) comm time = 0.030000
process(21) IO time = 0.000000
process(21) logic time = 0.040000
process(21) comm time = 0.020000
process(43) IO time = 0.000000
process(43) logic time = 0.040000
process(26) IO time = 0.010000
process(43) comm time = 0.010000
process(26) logic time = 0.050000
process(26) comm time = 0.010000
process(17) IO time = 0.000000
process(17) logic time = 0.040000
process(17) comm time = 0.010000
process(22) IO time = 0.000000
process(22) logic time = 0.050000
process(22) comm time = 0.020000

real	0m0.990s
user	0m0.031s
sys	0m0.069s
