Proc 0: range = [0, 4)
Proc 1: range = [4, 8)
Proc 2: range = [8, 12)
Proc 3: range = [12, 16)
phase=0
phase=1
phase=2
phase=0
middle(2) local_buf:
-14053.322266 
middle(2) Received(right):
-13574.291016 
phase=1
middle(2) local_buf:
-14053.322266 
middle(2) Received(left):
23779.464844 
phase=2
middle(2) local_buf:
23779.464844 
middle(2) Received(right):
-13574.291016 
phase=3
middle(2) local_buf:
-13574.291016 
23779.464844 
phase=3
-13574.291016 
middle(2) Received(left):
-14053.322266 

real	0m0.209s
user	0m0.011s
sys	0m0.010s
