Proc 0: range = [0, 24)
22976.742188 -3565.328369 -9229.855469 6123.410645 -6881.037598 24220.068359 
Proc 1: range = [16, 44)
-6881.037598 24220.068359 12229.836914 -30519.386719 -9970.113281 -30362.396484 -13902.499023 
Proc 2: range = [36, 60)
-30362.396484 -13902.499023 20308.919922 2977.763184 -3938.008301 14568.960938 
(first)phase = 0
First process data after
-3565.328369 22976.742188 -9229.855469 6123.410645 -6881.037598 24220.068359 (first)phase = 1
First : 24220.068359 
First process data after
(middle)phase = 0
middle process data after
-6881.037598 24220.068359 -30519.386719 12229.836914 -30362.396484 -9970.113281 -13902.499023 (middle)phase = 1
middle process data after
(last)phase = 0
Last process data after
-30362.396484 -13902.499023 20308.919922 -3938.008301 2977.763184 14568.960938 (last)phase = 1
Last process data after
-3565.328369 -9229.855469 22976.742188 -6881.037598 6123.410645 24220.068359 (first)phase = 2
First : -30519.386719 
First process data after
-9229.855469 -3565.328369 -6881.037598 22976.742188 -30519.386719 6123.410645 (first)phase = 3
First : 6123.410645 
First process data after
-6881.037598 -30519.386719 24220.068359 -30362.396484 12229.836914 -13902.499023 -9970.113281 (middle)phase = 2
middle process data after
-30519.386719 6123.410645 -30362.396484 24220.068359 -13902.499023 12229.836914 -13902.499023 (middle)phase = 3
middle process data after
-30519.386719 -30362.396484 6123.410645 -13902.499023 24220.068359 -13902.499023 12229.836914 (middle)phase = 4
middle process data after
-30362.396484 -13902.499023 -3938.008301 20308.919922 2977.763184 14568.960938 (last)phase = 2
Last process data after
-30362.396484 -13902.499023 -3938.008301 2977.763184 20308.919922 14568.960938 (last)phase = 3
Last process data after
-30362.396484 -13902.499023 -3938.008301 2977.763184 14568.960938 20308.919922 (last)phase = 4
Last process data after
-9229.855469 -6881.037598 -3565.328369 -30519.386719 22976.742188 6123.410645 (first)phase = 4
First : -30362.396484 
First process data after
-9229.855469 -6881.037598 -30519.386719 -3565.328369 -30362.396484 22976.742188 (first)phase = 5
First : 22976.742188 
First process data after
-30362.396484 22976.742188 -13902.499023 6123.410645 -13902.499023 24220.068359 -13902.499023 (middle)phase = 5
middle process data after
-30362.396484 -13902.499023 22976.742188 -13902.499023 6123.410645 -13902.499023 24220.068359 (middle)phase = 6
middle process data after
-30362.396484 -13902.499023 -3938.008301 2977.763184 14568.960938 20308.919922 (last)phase = 5
Last process data after
-30362.396484 -13902.499023 -3938.008301 2977.763184 14568.960938 20308.919922 (last)phase = 6
Last process data after
-9229.855469 -30519.386719 -6881.037598 -30362.396484 -3565.328369 22976.742188 (first)phase = 6
First : -13902.499023 
First process data after
-30519.386719 -9229.855469 -30362.396484 -6881.037598 -13902.499023 -3565.328369 (first)phase = 7
First : -3565.328369 
First process data after
-13902.499023 -3565.328369 -13902.499023 22976.742188 -13902.499023 6123.410645 -13902.499023 (middle)phase = 7
middle process data after
-13902.499023 -13902.499023 -3565.328369 -13902.499023 22976.742188 -13902.499023 6123.410645 (middle)phase = 8
-30362.396484 -13902.499023 -3938.008301 2977.763184 14568.960938 20308.919922 (last)phase = 7
Last process data after
-30362.396484 -13902.499023 -3938.008301 2977.763184 14568.960938 20308.919922 (last)phase = 8
Last process data after
-30519.386719 -30362.396484 -9229.855469 -13902.499023 -6881.037598 -3565.328369 (first)phase = 8
First : -13902.499023 
First process data after
-30519.386719 -30362.396484 -13902.499023 -9229.855469 -13902.499023 -6881.037598 (first)phase = 9
First : -6881.037598 
middle process data after
-13902.499023 -6881.037598 -13902.499023 -3565.328369 -13902.499023 22976.742188 -13902.499023 (middle)phase = 9
middle process data after
-30362.396484 -13902.499023 -3938.008301 2977.763184 14568.960938 20308.919922 (last)phase = 9
Last process data after
First process data after
-30519.386719 -30362.396484 -13902.499023 -13902.499023 -9229.855469 -6881.037598 (first)phase = 10
First : -13902.499023 
First process data after
-13902.499023 -13902.499023 -6881.037598 -13902.499023 -3565.328369 -13902.499023 22976.742188 (middle)phase = 10
middle process data after
-30362.396484 -13902.499023 -3938.008301 2977.763184 14568.960938 20308.919922 (last)phase = 10
Last process data after
-30362.396484 -13902.499023 -3938.008301 2977.763184 14568.960938 20308.919922 (last)phase = 11
Last process data after
-30519.386719 -30362.396484 -13902.499023 -13902.499023 -13902.499023 -9229.855469 (first)phase = 11
First : -9229.855469 
First process data after
-30519.386719 -30362.396484 -13902.499023 -13902.499023 -13902.499023 -9229.855469 (first)phase = 12
First : -13902.499023 
-13902.499023 -9229.855469 -13902.499023 -6881.037598 -13902.499023 -3565.328369 -13902.499023 (middle)phase = 11
middle process data after
-13902.499023 -13902.499023 -9229.855469 -13902.499023 -6881.037598 -13902.499023 -3565.328369 (middle)phase = 12
middle process data after
-30362.396484 -13902.499023 -3938.008301 2977.763184 14568.960938 20308.919922 (last)phase = 12
Last process data after
-30362.396484 -13902.499023 -3938.008301 2977.763184 14568.960938 20308.919922 (last)phase = 13
Last process data after
First process data after
-30519.386719 -30362.396484 -13902.499023 -13902.499023 -13902.499023 -13902.499023 (first)phase = 13
First : -13902.499023 
First process data after
-13902.499023 -13902.499023 -13902.499023 -9229.855469 -13902.499023 -6881.037598 -13902.499023 (middle)phase = 13
middle process data after
-13902.499023 -13902.499023 -13902.499023 -13902.499023 -9229.855469 -13902.499023 -6881.037598 (middle)phase = 14
middle process data after
-30362.396484 -13902.499023 -3938.008301 2977.763184 14568.960938 20308.919922 (last)phase = 14
Last process data after
-30519.386719 -30362.396484 -13902.499023 -13902.499023 -13902.499023 -13902.499023 (first)phase = 14
First : -13902.499023 
First process data after
-13902.499023 -13902.499023 -13902.499023 -13902.499023 -13902.499023 -9229.855469 -13902.499023 -30362.396484 -13902.499023 -3938.008301 2977.763184 14568.960938 20308.919922 -30519.386719 -30362.396484 -13902.499023 -13902.499023 -13902.499023 -13902.499023 
real	0m0.199s
user	0m0.008s
sys	0m0.012s
