34Number of tasks = 3 My rank = 0
34Number of tasks = 3 My rank = 1
34Number of tasks = 3 My rank = 2
Second process data in phase = 0

received data for process one : -11310.247070 -10762.724609
3924.280029 4963.111816 5681.127930 5892.812500 6745.291504 8055.322266 8120.911133 9522.303711 11328.952148 12033.113281 12439.216797 13354.264648 13381.940430 13663.444336 15993.021484 17742.939453 19640.205078 20054.267578 20298.849609 22399.279297 22730.707031 23418.732422 23832.015625 23963.736328 24907.865234 27069.373047 27464.365234 28508.486328 28909.187500 29606.837891 31371.900391 31391.880859 32069.845703 32250.492188 
Received data for process last:

received data for process one : -11310.247070 -10762.724609
3924.280029 4963.111816  
Second process data in phase = 1

3924.280029 4963.111816 5681.127930 5892.812500 6745.291504 8055.322266 8120.911133 9522.303711 11328.952148 12033.113281 12439.216797 13354.264648 13381.940430 13663.444336 15993.021484 17742.939453 19640.205078 20054.267578 20298.849609 22399.279297 22730.707031 23418.732422 23832.015625 23963.736328 24907.865234 27069.373047 27464.365234 28508.486328 28909.187500 29606.837891 31371.900391 31391.880859 32069.845703 32250.492188 
Received data for process last:
3924.280029 4963.111816  
Second process data in phase = 2
received data for process one : -11310.247070 -10762.724609
3924.280029 4963.111816 5681.127930 5892.812500 6745.291504 8055.322266 8120.911133 9522.303711 11328.952148 12033.113281 12439.216797 13354.264648 13381.940430 13663.444336 15993.021484 17742.939453 19640.205078 20054.267578 20298.849609 22399.279297 22730.707031 23418.732422 23832.015625 23963.736328 24907.865234 27069.373047 27464.365234 28508.486328 28909.187500 29606.837891 31371.900391 31391.880859 32069.845703 32250.492188 
Received data for process last:
3924.280029 4963.111816  

received data for process one : -11310.247070 -10762.724609
Second process data in phase = 3
3924.280029 4963.111816 5681.127930 5892.812500 6745.291504 8055.322266 8120.911133 9522.303711 11328.952148 12033.113281 12439.216797 13354.264648 13381.940430 13663.444336 15993.021484 17742.939453 19640.205078 20054.267578 20298.849609 22399.279297 22730.707031 23418.732422 23832.015625 23963.736328 24907.865234 27069.373047 27464.365234 28508.486328 28909.187500 29606.837891 31371.900391 31391.880859 32069.845703 32250.492188 
Received data for process last:
3924.280029 4963.111816  
Second process data in phase = 4

received data for process one : -11310.247070 -10762.724609
3924.280029 4963.111816 5681.127930 5892.812500 6745.291504 8055.322266 8120.911133 9522.303711 11328.952148 12033.113281 12439.216797 13354.264648 13381.940430 13663.444336 15993.021484 17742.939453 19640.205078 20054.267578 20298.849609 22399.279297 22730.707031 23418.732422 23832.015625 23963.736328 24907.865234 27069.373047 27464.365234 28508.486328 28909.187500 29606.837891 31371.900391 31391.880859 32069.845703 32250.492188 
Received data for process last:
3924.280029 4963.111816  

received data for process one : -11310.247070 -10762.724609
Second process data in phase = 5

3924.280029 4963.111816 5681.127930 5892.812500 6745.291504 8055.322266 8120.911133 9522.303711 11328.952148 12033.113281 12439.216797 13354.264648 13381.940430 13663.444336 15993.021484 17742.939453 19640.205078 20054.267578 20298.849609 22399.279297 22730.707031 23418.732422 23832.015625 23963.736328 24907.865234 27069.373047 27464.365234 28508.486328 28909.187500 29606.837891 31371.900391 31391.880859 32069.845703 32250.492188 
Received data for process last:
3924.280029 4963.111816  
Second process data in phase = 6
received data for process one : -11310.247070 -10762.724609
3924.280029 4963.111816 5681.127930 5892.812500 6745.291504 8055.322266 8120.911133 9522.303711 11328.952148 12033.113281 12439.216797 13354.264648 13381.940430 13663.444336 15993.021484 17742.939453 19640.205078 20054.267578 20298.849609 22399.279297 22730.707031 23418.732422 23832.015625 23963.736328 24907.865234 27069.373047 27464.365234 28508.486328 28909.187500 29606.837891 31371.900391 31391.880859 32069.845703 32250.492188 
Received data for process last:
3924.280029 4963.111816  

received data for process one : -11310.247070 -10762.724609
Second process data in phase = 7
3924.280029 4963.111816 5681.127930 5892.812500 6745.291504 8055.322266 8120.911133 9522.303711 11328.952148 12033.113281 12439.216797 13354.264648 13381.940430 13663.444336 15993.021484 17742.939453 19640.205078 20054.267578 20298.849609 22399.279297 22730.707031 23418.732422 23832.015625 23963.736328 24907.865234 27069.373047 27464.365234 28508.486328 28909.187500 29606.837891 31371.900391 31391.880859 32069.845703 32250.492188 
Received data for process last:
3924.280029 4963.111816  

received data for process one : -11310.247070 -10762.724609
Second process data in phase = 8
3924.280029 4963.111816 5681.127930 5892.812500 6745.291504 8055.322266 8120.911133 9522.303711 11328.952148 12033.113281 12439.216797 13354.264648 13381.940430 13663.444336 15993.021484 17742.939453 19640.205078 20054.267578 20298.849609 22399.279297 22730.707031 23418.732422 23832.015625 23963.736328 24907.865234 27069.373047 27464.365234 28508.486328 28909.187500 29606.837891 31371.900391 31391.880859 32069.845703 32250.492188 
Received data for process last:
3924.280029 4963.111816  

received data for process one : -11310.247070 -10762.724609
Second process data in phase = 9
3924.280029 4963.111816 5681.127930 5892.812500 6745.291504 8055.322266 8120.911133 9522.303711 11328.952148 12033.113281 12439.216797 13354.264648 13381.940430 13663.444336 15993.021484 17742.939453 19640.205078 20054.267578 20298.849609 22399.279297 22730.707031 23418.732422 23832.015625 23963.736328 24907.865234 27069.373047 27464.365234 28508.486328 28909.187500 29606.837891 31371.900391 31391.880859 32069.845703 32250.492188 
Received data for process last:
3924.280029 4963.111816  

received data for process one : -11310.247070 -10762.724609
Second process data in phase = 10
3924.280029 4963.111816 5681.127930 5892.812500 6745.291504 8055.322266 8120.911133 9522.303711 11328.952148 12033.113281 12439.216797 13354.264648 13381.940430 13663.444336 15993.021484 17742.939453 19640.205078 20054.267578 20298.849609 22399.279297 22730.707031 23418.732422 23832.015625 23963.736328 24907.865234 27069.373047 27464.365234 28508.486328 28909.187500 29606.837891 31371.900391 31391.880859 32069.845703 32250.492188 
Received data for process last:

received data for process one : -11310.247070 -10762.724609
3924.280029 4963.111816  
Second process data in phase = 11
3924.280029 4963.111816 5681.127930 5892.812500 6745.291504 8055.322266 8120.911133 9522.303711 11328.952148 12033.113281 12439.216797 13354.264648 13381.940430 13663.444336 15993.021484 17742.939453 19640.205078 20054.267578 20298.849609 22399.279297 22730.707031 23418.732422 23832.015625 23963.736328 24907.865234 27069.373047 27464.365234 28508.486328 28909.187500 29606.837891 31371.900391 31391.880859 32069.845703 32250.492188 

received data for process one : -11310.247070 -10762.724609
Received data for process last:
3924.280029 4963.111816  
Second process data in phase = 12
3924.280029 4963.111816 5681.127930 5892.812500 6745.291504 8055.322266 8120.911133 9522.303711 11328.952148 12033.113281 12439.216797 13354.264648 13381.940430 13663.444336 15993.021484 17742.939453 19640.205078 20054.267578 20298.849609 22399.279297 22730.707031 23418.732422 23832.015625 23963.736328 24907.865234 27069.373047 27464.365234 28508.486328 28909.187500 29606.837891 31371.900391 31391.880859 32069.845703 32250.492188 
Received data for process last:
3924.280029 4963.111816  

received data for process one : -11310.247070 -10762.724609
Second process data in phase = 13
3924.280029 4963.111816 5681.127930 5892.812500 6745.291504 8055.322266 8120.911133 9522.303711 11328.952148 12033.113281 12439.216797 13354.264648 13381.940430 13663.444336 15993.021484 17742.939453 19640.205078 20054.267578 20298.849609 22399.279297 22730.707031 23418.732422 23832.015625 23963.736328 24907.865234 27069.373047 27464.365234 28508.486328 28909.187500 29606.837891 31371.900391 31391.880859 32069.845703 32250.492188 
Received data for process last:

received data for process one : -11310.247070 -10762.724609
3924.280029 4963.111816  
Second process data in phase = 14
3924.280029 4963.111816 5681.127930 5892.812500 6745.291504 8055.322266 8120.911133 9522.303711 11328.952148 12033.113281 12439.216797 13354.264648 13381.940430 13663.444336 15993.021484 17742.939453 19640.205078 20054.267578 20298.849609 22399.279297 22730.707031 23418.732422 23832.015625 23963.736328 24907.865234 27069.373047 27464.365234 28508.486328 28909.187500 29606.837891 31371.900391 31391.880859 32069.845703 32250.492188 
Received data for process last:
3924.280029 4963.111816  

received data for process one : -11310.247070 -10762.724609
Second process data in phase = 15
3924.280029 4963.111816 5681.127930 5892.812500 6745.291504 8055.322266 8120.911133 9522.303711 11328.952148 12033.113281 12439.216797 13354.264648 13381.940430 13663.444336 15993.021484 17742.939453 19640.205078 20054.267578 20298.849609 22399.279297 22730.707031 23418.732422 23832.015625 23963.736328 24907.865234 27069.373047 27464.365234 28508.486328 28909.187500 29606.837891 31371.900391 31391.880859 32069.845703 32250.492188 
Received data for process last:
3924.280029 4963.111816  

received data for process one : -11310.247070 -10762.724609
Second process data in phase = 16
3924.280029 4963.111816 5681.127930 5892.812500 6745.291504 8055.322266 8120.911133 9522.303711 11328.952148 12033.113281 12439.216797 13354.264648 13381.940430 13663.444336 15993.021484 17742.939453 19640.205078 20054.267578 20298.849609 22399.279297 22730.707031 23418.732422 23832.015625 23963.736328 24907.865234 27069.373047 27464.365234 28508.486328 28909.187500 29606.837891 31371.900391 31391.880859 32069.845703 32250.492188 

received data for process one : -10762.724609 0.000000
Received data for process last:
3924.280029 4963.111816  
Second process data in phase = 17
3924.280029 4963.111816 5681.127930 5892.812500 6745.291504 8055.322266 8120.911133 9522.303711 11328.952148 12033.113281 12439.216797 13354.264648 13381.940430 13663.444336 15993.021484 17742.939453 19640.205078 20054.267578 20298.849609 22399.279297 22730.707031 23418.732422 23832.015625 23963.736328 24907.865234 27069.373047 27464.365234 28508.486328 28909.187500 29606.837891 31371.900391 31391.880859 32069.845703 32250.492188 
Received data for process last:
3924.280029 4963.111816  

received data for process one : -10672.803711 0.000000
Second process data in phase = 18

3924.280029 4963.111816 5681.127930 5892.812500 6745.291504 8055.322266 8120.911133 9522.303711 11328.952148 12033.113281 12439.216797 13354.264648 13381.940430 13663.444336 15993.021484 17742.939453 19640.205078 20054.267578 20298.849609 22399.279297 22730.707031 23418.732422 23832.015625 23963.736328 24907.865234 27069.373047 27464.365234 28508.486328 28909.187500 29606.837891 31371.900391 31391.880859 32069.845703 32250.492188 
Received data for process last:
3924.280029 4963.111816  
Second process data in phase = 19
received data for process one : -10245.718750 0.000000
3924.280029 4963.111816 5681.127930 5892.812500 6745.291504 8055.322266 8120.911133 9522.303711 11328.952148 12033.113281 12439.216797 13354.264648 13381.940430 13663.444336 15993.021484 17742.939453 19640.205078 20054.267578 20298.849609 22399.279297 22730.707031 23418.732422 23832.015625 23963.736328 24907.865234 27069.373047 27464.365234 28508.486328 28909.187500 29606.837891 31371.900391 31391.880859 32069.845703 32250.492188 

received data for process one : -10200.112305 0.000000
Received data for process last:
3924.280029 4963.111816  
Second process data in phase = 20
3924.280029 4963.111816 5681.127930 5892.812500 6745.291504 8055.322266 8120.911133 9522.303711 11328.952148 12033.113281 12439.216797 13354.264648 13381.940430 13663.444336 15993.021484 17742.939453 19640.205078 20054.267578 20298.849609 22399.279297 22730.707031 23418.732422 23832.015625 23963.736328 24907.865234 27069.373047 27464.365234 28508.486328 28909.187500 29606.837891 31371.900391 31391.880859 32069.845703 32250.492188 
Received data for process last:

received data for process one : -9457.714844 0.000000
3924.280029 4963.111816  
Second process data in phase = 21
3924.280029 4963.111816 5681.127930 5892.812500 6745.291504 8055.322266 8120.911133 9522.303711 11328.952148 12033.113281 12439.216797 13354.264648 13381.940430 13663.444336 15993.021484 17742.939453 19640.205078 20054.267578 20298.849609 22399.279297 22730.707031 23418.732422 23832.015625 23963.736328 24907.865234 27069.373047 27464.365234 28508.486328 28909.187500 29606.837891 31371.900391 31391.880859 32069.845703 32250.492188 
Received data for process last:
3924.280029 4963.111816  

received data for process one : -9213.125000 0.000000
Second process data in phase = 22
3924.280029 4963.111816 5681.127930 5892.812500 6745.291504 8055.322266 8120.911133 9522.303711 11328.952148 12033.113281 12439.216797 13354.264648 13381.940430 13663.444336 15993.021484 17742.939453 19640.205078 20054.267578 20298.849609 22399.279297 22730.707031 23418.732422 23832.015625 23963.736328 24907.865234 27069.373047 27464.365234 28508.486328 28909.187500 29606.837891 31371.900391 31391.880859 32069.845703 32250.492188 
Received data for process last:
3924.280029 4963.111816  
Second process data in phase = 23

received data for process one : -8558.648438 0.000000
3924.280029 4963.111816 5681.127930 5892.812500 6745.291504 8055.322266 8120.911133 9522.303711 11328.952148 12033.113281 12439.216797 13354.264648 13381.940430 13663.444336 15993.021484 17742.939453 19640.205078 20054.267578 20298.849609 22399.279297 22730.707031 23418.732422 23832.015625 23963.736328 24907.865234 27069.373047 27464.365234 28508.486328 28909.187500 29606.837891 31371.900391 31391.880859 32069.845703 32250.492188 
Received data for process last:
3924.280029 4963.111816  

received data for process one : -7604.163086 0.000000
Second process data in phase = 24
3924.280029 4963.111816 5681.127930 5892.812500 6745.291504 8055.322266 8120.911133 9522.303711 11328.952148 12033.113281 12439.216797 13354.264648 13381.940430 13663.444336 15993.021484 17742.939453 19640.205078 20054.267578 20298.849609 22399.279297 22730.707031 23418.732422 23832.015625 23963.736328 24907.865234 27069.373047 27464.365234 28508.486328 28909.187500 29606.837891 31371.900391 31391.880859 32069.845703 32250.492188 
Received data for process last:
3924.280029 4963.111816  

received data for process one : -7196.007324 0.000000
Second process data in phase = 25
3924.280029 4963.111816 5681.127930 5892.812500 6745.291504 8055.322266 8120.911133 9522.303711 11328.952148 12033.113281 12439.216797 13354.264648 13381.940430 13663.444336 15993.021484 17742.939453 19640.205078 20054.267578 20298.849609 22399.279297 22730.707031 23418.732422 23832.015625 23963.736328 24907.865234 27069.373047 27464.365234 28508.486328 28909.187500 29606.837891 31371.900391 31391.880859 32069.845703 32250.492188 
Received data for process last:
3924.280029 4963.111816  

received data for process one : -7103.141602 0.000000
Second process data in phase = 26
3924.280029 4963.111816 5681.127930 5892.812500 6745.291504 8055.322266 8120.911133 9522.303711 11328.952148 12033.113281 12439.216797 13354.264648 13381.940430 13663.444336 15993.021484 17742.939453 19640.205078 20054.267578 20298.849609 22399.279297 22730.707031 23418.732422 23832.015625 23963.736328 24907.865234 27069.373047 27464.365234 28508.486328 28909.187500 29606.837891 31371.900391 31391.880859 32069.845703 32250.492188 
Received data for process last:

received data for process one : -6338.731445 0.000000
3924.280029 4963.111816  
Second process data in phase = 27
3924.280029 4963.111816 5681.127930 5892.812500 6745.291504 8055.322266 8120.911133 9522.303711 11328.952148 12033.113281 12439.216797 13354.264648 13381.940430 13663.444336 15993.021484 17742.939453 19640.205078 20054.267578 20298.849609 22399.279297 22730.707031 23418.732422 23832.015625 23963.736328 24907.865234 27069.373047 27464.365234 28508.486328 28909.187500 29606.837891 31371.900391 31391.880859 32069.845703 32250.492188 
Received data for process last:
3924.280029 4963.111816  
Second process data in phase = 28

received data for process one : -5979.432129 0.000000
3924.280029 4963.111816 5681.127930 5892.812500 6745.291504 8055.322266 8120.911133 9522.303711 11328.952148 12033.113281 12439.216797 13354.264648 13381.940430 13663.444336 15993.021484 17742.939453 19640.205078 20054.267578 20298.849609 22399.279297 22730.707031 23418.732422 23832.015625 23963.736328 24907.865234 27069.373047 27464.365234 28508.486328 28909.187500 29606.837891 31371.900391 31391.880859 32069.845703 32250.492188 
Received data for process last:
3924.280029 4963.111816  

received data for process one : -5655.317871 0.000000
Second process data in phase = 29
3924.280029 4963.111816 5681.127930 5892.812500 6745.291504 8055.322266 8120.911133 9522.303711 11328.952148 12033.113281 12439.216797 13354.264648 13381.940430 13663.444336 15993.021484 17742.939453 19640.205078 20054.267578 20298.849609 22399.279297 22730.707031 23418.732422 23832.015625 23963.736328 24907.865234 27069.373047 27464.365234 28508.486328 28909.187500 29606.837891 31371.900391 31391.880859 32069.845703 32250.492188 
Received data for process last:
3924.280029 4963.111816  

received data for process one : -4154.583008 0.000000
Second process data in phase = 30
3924.280029 4963.111816 5681.127930 5892.812500 6745.291504 8055.322266 8120.911133 9522.303711 11328.952148 12033.113281 12439.216797 13354.264648 13381.940430 13663.444336 15993.021484 17742.939453 19640.205078 20054.267578 20298.849609 22399.279297 22730.707031 23418.732422 23832.015625 23963.736328 24907.865234 27069.373047 27464.365234 28508.486328 28909.187500 29606.837891 31371.900391 31391.880859 32069.845703 32250.492188 
Received data for process last:
3924.280029 4963.111816  

received data for process one : -3695.607666 0.000000
Second process data in phase = 31
3924.280029 4963.111816 5681.127930 5892.812500 6745.291504 8055.322266 8120.911133 9522.303711 11328.952148 12033.113281 12439.216797 13354.264648 13381.940430 13663.444336 15993.021484 17742.939453 19640.205078 20054.267578 20298.849609 22399.279297 22730.707031 23418.732422 23832.015625 23963.736328 24907.865234 27069.373047 27464.365234 28508.486328 28909.187500 29606.837891 31371.900391 31391.880859 32069.845703 32250.492188 
Received data for process last:

received data for process one : -1773.847900 0.000000
3924.280029 4963.111816  
Second process data in phase = 32
3924.280029 4963.111816 5681.127930 5892.812500 6745.291504 8055.322266 8120.911133 9522.303711 11328.952148 12033.113281 12439.216797 13354.264648 13381.940430 13663.444336 15993.021484 17742.939453 19640.205078 20054.267578 20298.849609 22399.279297 22730.707031 23418.732422 23832.015625 23963.736328 24907.865234 27069.373047 27464.365234 28508.486328 28909.187500 29606.837891 31371.900391 31391.880859 32069.845703 32250.492188 
Received data for process last:
3924.280029 4963.111816  
Second process data in phase = 33

received data for process one : -1293.447021 0.000000
3924.280029 4963.111816 5681.127930 5892.812500 6745.291504 8055.322266 8120.911133 9522.303711 11328.952148 12033.113281 12439.216797 13354.264648 13381.940430 13663.444336 15993.021484 17742.939453 19640.205078 20054.267578 20298.849609 22399.279297 22730.707031 23418.732422 23832.015625 23963.736328 24907.865234 27069.373047 27464.365234 28508.486328 28909.187500 29606.837891 31371.900391 31391.880859 32069.845703 32250.492188 
Received data for process last:
3924.280029 4963.111816  
Second process data in phase = 34

received data for process one : 0.000000 0.000000

received data for process one : 0.000000 0.000000
3924.280029 4963.111816 5681.127930 5892.812500 6745.291504 8055.322266 8120.911133 9522.303711 11328.952148 12033.113281 12439.216797 13354.264648 13381.940430 13663.444336 15993.021484 17742.939453 19640.205078 20054.267578 20298.849609 22399.279297 22730.707031 23418.732422 23832.015625 23963.736328 24907.865234 27069.373047 27464.365234 28508.486328 28909.187500 29606.837891 31371.900391 31391.880859 32069.845703 32250.492188 
Received data for process last:
3924.280029 4963.111816  
Second process data in phase = 35

received data for process one : 0.000000 0.000000
3924.280029 4963.111816 5681.127930 5892.812500 6745.291504 8055.322266 8120.911133 9522.303711 11328.952148 12033.113281 12439.216797 13354.264648 13381.940430 13663.444336 15993.021484 17742.939453 19640.205078 20054.267578 20298.849609 22399.279297 22730.707031 23418.732422 23832.015625 23963.736328 24907.865234 27069.373047 27464.365234 28508.486328 28909.187500 29606.837891 31371.900391 31391.880859 32069.845703 32250.492188 
Received data for process last:
3924.280029 4963.111816  
Second process data in phase = 36

received data for process one : 0.000000 0.000000
3924.280029 4963.111816 5681.127930 5892.812500 6745.291504 8055.322266 8120.911133 9522.303711 11328.952148 12033.113281 12439.216797 13354.264648 13381.940430 13663.444336 15993.021484 17742.939453 19640.205078 20054.267578 20298.849609 22399.279297 22730.707031 23418.732422 23832.015625 23963.736328 24907.865234 27069.373047 27464.365234 28508.486328 28909.187500 29606.837891 31371.900391 31391.880859 32069.845703 32250.492188 
Received data for process last:
3924.280029 4963.111816  
Second process data in phase = 37

received data for process one : 0.000000 0.000000
3924.280029 4963.111816 5681.127930 5892.812500 6745.291504 8055.322266 8120.911133 9522.303711 11328.952148 12033.113281 12439.216797 13354.264648 13381.940430 13663.444336 15993.021484 17742.939453 19640.205078 20054.267578 20298.849609 22399.279297 22730.707031 23418.732422 23832.015625 23963.736328 24907.865234 27069.373047 27464.365234 28508.486328 28909.187500 29606.837891 31371.900391 31391.880859 32069.845703 32250.492188 
Received data for process last:
3924.280029 4963.111816  
Second process data in phase = 38

received data for process one : 0.000000 0.000000
3924.280029 4963.111816 5681.127930 5892.812500 6745.291504 8055.322266 8120.911133 9522.303711 11328.952148 12033.113281 12439.216797 13354.264648 13381.940430 13663.444336 15993.021484 17742.939453 19640.205078 20054.267578 20298.849609 22399.279297 22730.707031 23418.732422 23832.015625 23963.736328 24907.865234 27069.373047 27464.365234 28508.486328 28909.187500 29606.837891 31371.900391 31391.880859 32069.845703 32250.492188 
Received data for process last:
3924.280029 4963.111816  
Second process data in phase = 39
3924.280029 4963.111816 5681.127930 5892.812500 6745.291504 8055.322266 8120.911133 9522.303711 11328.952148 12033.113281 12439.216797 13354.264648 13381.940430 13663.444336 15993.021484 17742.939453 19640.205078 20054.267578 20298.849609 22399.279297 22730.707031 23418.732422 23832.015625 23963.736328 24907.865234 27069.373047 27464.365234 28508.486328 28909.187500 29606.837891 31371.900391 31391.880859 32069.845703 32250.492188 
Received data for process last:

received data for process one : 0.000000 0.000000
3924.280029 4963.111816  
Second process data in phase = 40
3924.280029 4963.111816 5681.127930 5892.812500 6745.291504 8055.322266 8120.911133 9522.303711 11328.952148 12033.113281 12439.216797 13354.264648 13381.940430 13663.444336 15993.021484 17742.939453 19640.205078 20054.267578 20298.849609 22399.279297 22730.707031 23418.732422 23832.015625 23963.736328 24907.865234 27069.373047 27464.365234 28508.486328 28909.187500 29606.837891 31371.900391 31391.880859 32069.845703 32250.492188 
Received data for process last:

received data for process one : 0.000000 0.000000
3924.280029 4963.111816  
Second process data in phase = 41
3924.280029 4963.111816 5681.127930 5892.812500 6745.291504 8055.322266 8120.911133 9522.303711 11328.952148 12033.113281 12439.216797 13354.264648 13381.940430 13663.444336 15993.021484 17742.939453 19640.205078 20054.267578 20298.849609 22399.279297 22730.707031 23418.732422 23832.015625 23963.736328 24907.865234 27069.373047 27464.365234 28508.486328 28909.187500 29606.837891 31371.900391 31391.880859 32069.845703 32250.492188 
Received data for process last:
3924.280029 4963.111816  

received data for process one : 0.000000 0.000000
Second process data in phase = 42
3924.280029 4963.111816 5681.127930 5892.812500 6745.291504 8055.322266 8120.911133 9522.303711 11328.952148 12033.113281 12439.216797 13354.264648 13381.940430 13663.444336 15993.021484 17742.939453 19640.205078 20054.267578 20298.849609 22399.279297 22730.707031 23418.732422 23832.015625 23963.736328 24907.865234 27069.373047 27464.365234 28508.486328 28909.187500 29606.837891 31371.900391 31391.880859 32069.845703 32250.492188 
Received data for process last:
3924.280029 4963.111816  
Second process data in phase = 43

received data for process one : 0.000000 0.000000
3924.280029 4963.111816 5681.127930 5892.812500 6745.291504 8055.322266 8120.911133 9522.303711 11328.952148 12033.113281 12439.216797 13354.264648 13381.940430 13663.444336 15993.021484 17742.939453 19640.205078 20054.267578 20298.849609 22399.279297 22730.707031 23418.732422 23832.015625 23963.736328 24907.865234 27069.373047 27464.365234 28508.486328 28909.187500 29606.837891 31371.900391 31391.880859 32069.845703 32250.492188 
Received data for process last:
3924.280029 4963.111816  
Second process data in phase = 44

received data for process one : 0.000000 0.000000
3924.280029 4963.111816 5681.127930 5892.812500 6745.291504 8055.322266 8120.911133 9522.303711 11328.952148 12033.113281 12439.216797 13354.264648 13381.940430 13663.444336 15993.021484 17742.939453 19640.205078 20054.267578 20298.849609 22399.279297 22730.707031 23418.732422 23832.015625 23963.736328 24907.865234 27069.373047 27464.365234 28508.486328 28909.187500 29606.837891 31371.900391 31391.880859 32069.845703 32250.492188 
Received data for process last:
3924.280029 4963.111816  

received data for process one : 0.000000 0.000000
Second process data in phase = 45
3924.280029 4963.111816 5681.127930 5892.812500 6745.291504 8055.322266 8120.911133 9522.303711 11328.952148 12033.113281 12439.216797 13354.264648 13381.940430 13663.444336 15993.021484 17742.939453 19640.205078 20054.267578 20298.849609 22399.279297 22730.707031 23418.732422 23832.015625 23963.736328 24907.865234 27069.373047 27464.365234 28508.486328 28909.187500 29606.837891 31371.900391 31391.880859 32069.845703 32250.492188 
Received data for process last:

received data for process one : 0.000000 0.000000
3924.280029 4963.111816  
Second process data in phase = 46
3924.280029 4963.111816 5681.127930 5892.812500 6745.291504 8055.322266 8120.911133 9522.303711 11328.952148 12033.113281 12439.216797 13354.264648 13381.940430 13663.444336 15993.021484 17742.939453 19640.205078 20054.267578 20298.849609 22399.279297 22730.707031 23418.732422 23832.015625 23963.736328 24907.865234 27069.373047 27464.365234 28508.486328 28909.187500 29606.837891 31371.900391 31391.880859 32069.845703 32250.492188 
Received data for process last:
3924.280029 4963.111816  

received data for process one : 0.000000 0.000000
Second process data in phase = 47

received data for process one : 0.000000 0.000000
3924.280029 4963.111816 5681.127930 5892.812500 6745.291504 8055.322266 8120.911133 9522.303711 11328.952148 12033.113281 12439.216797 13354.264648 13381.940430 13663.444336 15993.021484 17742.939453 19640.205078 20054.267578 20298.849609 22399.279297 22730.707031 23418.732422 23832.015625 23963.736328 24907.865234 27069.373047 27464.365234 28508.486328 28909.187500 29606.837891 31371.900391 31391.880859 32069.845703 32250.492188 
Received data for process last:
3924.280029 4963.111816  
Second process data in phase = 48
3924.280029 4963.111816 5681.127930 5892.812500 6745.291504 8055.322266 8120.911133 9522.303711 11328.952148 12033.113281 12439.216797 13354.264648 13381.940430 13663.444336 15993.021484 17742.939453 19640.205078 20054.267578 20298.849609 22399.279297 22730.707031 23418.732422 23832.015625 23963.736328 24907.865234 27069.373047 27464.365234 28508.486328 28909.187500 29606.837891 31371.900391 31391.880859 32069.845703 32250.492188 
Received data for process last:
3924.280029 4963.111816  
Second process data in phase = 49
3924.280029 4963.111816 5681.127930 5892.812500 6745.291504 8055.322266 8120.911133 9522.303711 11328.952148 12033.113281 12439.216797 13354.264648 13381.940430 13663.444336 15993.021484 17742.939453 19640.205078 20054.267578 20298.849609 22399.279297 22730.707031 23418.732422 23832.015625 23963.736328 24907.865234 27069.373047 27464.365234 28508.486328 28909.187500 29606.837891 31371.900391 31391.880859 32069.845703 32250.492188 
First Process' result: -1773.847900 0.000000 -1293.447021 0.000000 0.000000 0.000000 0.000000 0.000000 0.000000 0.000000 0.000000 0.000000 0.000000 0.000000 0.000000 0.000000 0.000000 0.000000 0.000000 0.000000 0.000000 0.000000 0.000000 0.000000 0.000000 0.000000 0.000000 0.000000 0.000000 0.000000 0.000000 0.000000 0.000000 0.000000 
Middle Process' Results: 0.000000 0.000000 0.000000 0.000000 0.000000 0.000000 0.000000 0.000000 0.000000 0.000000 0.000000 0.000000 0.000000 0.000000 0.000000 0.000000 0.000000 0.000000 530.202820 731.145081 1288.308472 1850.046021 2268.988770 2764.055420 2875.616211 2881.577148 3184.799072 3378.835205 3450.611328 3452.080078 3723.337646 3896.545898 3924.280029 4963.111816 
Last Processor's Result :5681.127930 5892.812500 6745.291504 8055.322266 8120.911133 9522.303711 11328.952148 12033.113281 12439.216797 13354.264648 13381.940430 13663.444336 15993.021484 17742.939453 19640.205078 20054.267578 20298.849609 22399.279297 22730.707031 23418.732422 23832.015625 23963.736328 24907.865234 27069.373047 27464.365234 28508.486328 28909.187500 29606.837891 31371.900391 31391.880859 32069.845703 32250.492188 

real	0m0.209s
user	0m0.009s
sys	0m0.013s
