15 
15 
-30519.386719 -30362.396484 -13902.499023 -9970.113281 -9229.855469 -6881.037598 -3938.008301 -3565.328369 2977.763184 6123.410645 12229.836914 14568.960938 20308.919922 22976.742188 24220.068359 8Number of tasks = 2 My rank = 0
-30519.386719 -30362.396484 -13902.499023 -9970.113281 -9229.855469 -6881.037598 -3938.008301 -3565.328369 2977.763184 6123.410645 12229.836914 14568.960938 20308.919922 22976.742188 24220.068359 8Number of tasks = 2 My rank = 1
Second process data in phase = 0

received data for process one : 2977.763184 6123.410645
-3565.328369 0.000000 2977.763184 6123.410645 12229.836914 14568.960938 20308.919922 22976.742188 24220.068359 
Received data for process last:
-3938.008301 -3565.328369  

Second process data in phase = 1
received data for process one : 2977.763184 6123.410645
-3938.008301 -3565.328369 2977.763184 6123.410645 12229.836914 14568.960938 20308.919922 22976.742188 24220.068359 
Received data for process last:
-3938.008301 -3565.328369  

received data for process one : 2977.763184 6123.410645

received data for process one : 2977.763184 6123.410645
Second process data in phase = 2
-3938.008301 -3565.328369 2977.763184 6123.410645 12229.836914 14568.960938 20308.919922 22976.742188 24220.068359 
Received data for process last:
-3938.008301 -3565.328369  
Second process data in phase = 3
-3938.008301 -3565.328369 2977.763184 6123.410645 12229.836914 14568.960938 20308.919922 22976.742188 24220.068359 
Received data for process last:
-3565.328369 0.000000  
Second process data in phase = 4

received data for process one : 2977.763184 6123.410645

received data for process one : 2977.763184 6123.410645
-3565.328369 0.000000 2977.763184 6123.410645 12229.836914 14568.960938 20308.919922 22976.742188 24220.068359 
Received data for process last:
0.000000 0.000000  
Second process data in phase = 5
0.000000 0.000000 2977.763184 6123.410645 12229.836914 14568.960938 20308.919922 22976.742188 24220.068359 
Received data for process last:
0.000000 0.000000  
Second process data in phase = 6
First Process' result: -3565.328369 0.000000 0.000000 0.000000 0.000000 0.000000 0.000000 0.000000 
0.000000 0.000000 2977.763184 6123.410645 12229.836914 14568.960938 20308.919922 22976.742188 24220.068359 
Last Processor's Result :2977.763184 6123.410645 12229.836914 14568.960938 20308.919922 22976.742188 24220.068359 

real	0m0.190s
user	0m0.007s
sys	0m0.013s
