Information for /home/pp17/ta/hw1/samples/testcase02
---------------------------
File Size: 		60 bytes
the initial data 
Information for /home/pp17/ta/hw1/samples/testcase02
---------------------------
File Size: 		60 bytes
the initial data 
22976.742188 -3565.328369 -9229.855469 6123.410645 -6881.037598 24220.068359 12229.836914 -30519.386719 -9970.113281 -30362.396484 -13902.499023 20308.919922 2977.763184 -3938.008301 14568.960938 8Number of tasks = 2 My rank = 0
22976.742188 -3565.328369 -9229.855469 6123.410645 -6881.037598 24220.068359 12229.836914 -30519.386719 -9970.113281 -30362.396484 -13902.499023 20308.919922 2977.763184 -3938.008301 14568.960938 8Number of tasks = 2 My rank = 1

phase = 0:
-9229.855469 22976.742188 -6881.037598 -3565.328369 6123.410645 12229.836914 -30519.386719 24220.068359 -30362.396484 -9970.113281 
Second process data in phase = 0
-30519.386719 12229.836914 -30362.396484 -9970.113281 -13902.499023 2977.763184 -3938.008301 20308.919922 14568.960938 
Received data for process last:
-30519.386719 24220.068359  

received data for process one : -30362.396484 -9970.113281

phase = 1:
Second process data in phase = 1
-30519.386719 -30362.396484 -13902.499023 24220.068359 -9970.113281 -3938.008301 2977.763184 14568.960938 20308.919922 
Received data for process last:
-30362.396484 12229.836914  
-9229.855469 -6881.037598 -3565.328369 22976.742188 -30519.386719 6123.410645 -30362.396484 12229.836914 -9970.113281 24220.068359 

received data for process one : -13902.499023 24220.068359

phase = 2:
Second process data in phase = 2
-30362.396484 -13902.499023 -9970.113281 12229.836914 -3938.008301 24220.068359 2977.763184 14568.960938 20308.919922 
Received data for process last:
-9229.855469 -6881.037598 -30519.386719 -3565.328369 -30362.396484 22976.742188 -13902.499023 6123.410645 12229.836914 24220.068359 

received data for process one : -9970.113281 12229.836914

phase = 3:
-13902.499023 6123.410645  
Second process data in phase = 3
-30519.386719 -9229.855469 -30362.396484 -6881.037598 -13902.499023 -3565.328369 -9970.113281 22976.742188 6123.410645 12229.836914 

received data for process one : -3938.008301 6123.410645
-13902.499023 -9970.113281 -3938.008301 6123.410645 2977.763184 12229.836914 14568.960938 24220.068359 20308.919922 
Received data for process last:
-9970.113281 22976.742188  
Second process data in phase = 4

phase = 4:
-30519.386719 -30362.396484 -13902.499023 -9229.855469 -9970.113281 -6881.037598 -3938.008301 -3565.328369 6123.410645 22976.742188 
-9970.113281 -3938.008301 2977.763184 22976.742188 6123.410645 12229.836914 14568.960938 20308.919922 24220.068359 
Received data for process last:
-3938.008301 -3565.328369  

received data for process one : 2977.763184 22976.742188

phase = 5:
Second process data in phase = 5
-30519.386719 -30362.396484 -13902.499023 -9970.113281 -9229.855469 -6881.037598 -3938.008301 -3565.328369 2977.763184 22976.742188 

received data for process one : 2977.763184 6123.410645
-3938.008301 -3565.328369 2977.763184 6123.410645 12229.836914 22976.742188 14568.960938 20308.919922 24220.068359 
Received data for process last:
-3938.008301 -3565.328369  

phase = 6:
-30519.386719 -30362.396484 -13902.499023 -9970.113281 -9229.855469 -6881.037598 -3938.008301 -3565.328369 2977.763184 6123.410645 
Final Answer:-30519.386719 -30362.396484 -13902.499023 -9970.113281 -9229.855469 -6881.037598 -3938.008301 -3565.328369 2977.763184 6123.410645 12229.836914 14568.960938 20308.919922 22976.742188 24220.068359 
Second process data in phase = 6
-3938.008301 -3565.328369 2977.763184 6123.410645 12229.836914 14568.960938 20308.919922 22976.742188 24220.068359 

real	0m0.192s
user	0m0.009s
sys	0m0.010s
