6Number of tasks = 2 My rank = 0
srun: Job step aborted: Waiting up to 32 seconds for job step to finish.
6Number of tasks = 2 My rank = 1
Fatal error in MPI_Recv: Message truncated, error stack:
MPI_Recv(224)...........................: MPI_Recv(buf=0x7fff1b33b1f8, count=1, MPI_INT, src=1, tag=MPI_ANY_TAG, MPI_COMM_WORLD, status=0x7fff1b33b200) failed
MPIDI_CH3_PktHandler_EagerShortSend(455): Message from rank 1 and tag 0 truncated; 8 bytes received but buffer size is 4
Fatal error in MPI_Recv: Message truncated, error stack:
MPI_Recv(224)...........................: MPI_Recv(buf=0x7ffd461cec08, count=1, MPI_INT, src=0, tag=MPI_ANY_TAG, MPI_COMM_WORLD, status=0x7ffd461ced60) failed
MPIDI_CH3_PktHandler_EagerShortSend(455): Message from rank 0 and tag 0 truncated; 8 bytes received but buffer size is 4
In: PMI_Abort(805956366, Fatal error in MPI_Recv: Message truncated, error stack:
MPI_Recv(224)...........................: MPI_Recv(buf=0x7ffd461cec08, count=1, MPI_INT, src=0, tag=MPI_ANY_TAG, MPI_COMM_WORLD, status=0x7ffd461ced60) failed
MPIDI_CH3_PktHandler_EagerShortSend(455): Message from rank 0 and tag 0 truncated; 8 bytes received but buffer size is 4)
In: PMI_Abort(873065230, Fatal error in MPI_Recv: Message truncated, error stack:
MPI_Recv(224)...........................: MPI_Recv(buf=0x7fff1b33b1f8, count=1, MPI_INT, src=1, tag=MPI_ANY_TAG, MPI_COMM_WORLD, status=0x7fff1b33b200) failed
MPIDI_CH3_PktHandler_EagerShortSend(455): Message from rank 1 and tag 0 truncated; 8 bytes received but buffer size is 4)
slurmstepd: error: *** STEP 4857.0 ON apollo32 CANCELLED AT 2017-10-01T23:34:48 ***
srun: error: apollo32: tasks 0-1: Exited with exit code 14

real	0m0.193s
user	0m0.010s
sys	0m0.010s
