Information for /home/pp17/ta/hw1/samples/testcase02
---------------------------
File Size: 		60 bytes
the initial data 
Information for /home/pp17/ta/hw1/samples/testcase02
---------------------------
File Size: 		60 bytes
the initial data 
Information for /home/pp17/ta/hw1/samples/testcase02
---------------------------
File Size: 		60 bytes
the initial data 
22976.742188 -3565.328369 -9229.855469 6123.410645 -6881.037598 24220.068359 12229.836914 -30519.386719 -9970.113281 -30362.396484 -13902.499023 20308.919922 2977.763184 -3938.008301 14568.960938 5Number of tasks = 3 My rank = 0
22976.742188 -3565.328369 -9229.855469 6123.410645 -6881.037598 24220.068359 12229.836914 -30519.386719 -9970.113281 -30362.396484 -13902.499023 20308.919922 2977.763184 -3938.008301 14568.960938 5Number of tasks = 3 My rank = 1
22976.742188 -3565.328369 -9229.855469 6123.410645 -6881.037598 24220.068359 12229.836914 -30519.386719 -9970.113281 -30362.396484 -13902.499023 20308.919922 2977.763184 -3938.008301 14568.960938 5Number of tasks = 3 My rank = 2

phase = 0:
-9229.855469 22976.742188 -6881.037598 -3565.328369 6123.410645 12229.836914 24220.068359 

received data for process one : 12229.836914 -30519.386719
Middle Process in phase 0 : -6881.037598 6123.410645 12229.836914 -30519.386719 24220.068359 -30362.396484 -9970.113281 -13902.499023 20308.919922 
Middle Process in phase 1 : -3565.328369 -30519.386719 6123.410645 -30362.396484 12229.836914 -13902.499023 24220.068359 -9970.113281 2977.763184 
Second process data in phase = 0
-30362.396484 -9970.113281 -13902.499023 2977.763184 -3938.008301 20308.919922 14568.960938 
Received data for process last:
-30362.396484 -9970.113281  
Second process data in phase = 1
-30362.396484 -13902.499023 -9970.113281 -3938.008301 2977.763184 14568.960938 20308.919922 
Received data for process last:
-13902.499023 24220.068359  
Second process data in phase = 2

phase = 1:
-9229.855469 -6881.037598 -3565.328369 22976.742188 -30519.386719 6123.410645 12229.836914 

received data for process one : 6123.410645 -30362.396484

phase = 2:
-9229.855469 -6881.037598 -30519.386719 -3565.328369 -30362.396484 22976.742188 6123.410645 

received data for process one : 22976.742188 -13902.499023
Middle Process in phase 2 : -30519.386719 -30362.396484 22976.742188 -13902.499023 6123.410645 -9970.113281 12229.836914 -3938.008301 24220.068359 
-13902.499023 -9970.113281 -3938.008301 24220.068359 2977.763184 14568.960938 20308.919922 
Received data for process last:
-9970.113281 12229.836914  
Second process data in phase = 3
-9970.113281 -3938.008301 2977.763184 12229.836914 14568.960938 24220.068359 20308.919922 
Received data for process last:
-3938.008301 6123.410645  

phase = 3:
-30519.386719 -9229.855469 -30362.396484 -6881.037598 -13902.499023 -3565.328369 22976.742188 

received data for process one : -3565.328369 -9970.113281

phase = 4:
-30519.386719 -30362.396484 -13902.499023 -9229.855469 -9970.113281 -6881.037598 -3565.328369 

Middle Process in phase 3 : -30362.396484 -13902.499023 -3565.328369 -9970.113281 22976.742188 -3938.008301 6123.410645 12229.836914 24220.068359 
Middle Process in phase 4 : -13902.499023 -9970.113281 -6881.037598 -3938.008301 -3565.328369 2977.763184 22976.742188 6123.410645 12229.836914 
Second process data in phase = 4
-3938.008301 2977.763184 6123.410645 12229.836914 14568.960938 20308.919922 24220.068359 
Received data for process last:
2977.763184 22976.742188  
Second process data in phase = 5
received data for process one : -6881.037598 -3938.008301

phase = 5:
-30519.386719 -30362.396484 -13902.499023 -9970.113281 -9229.855469 -6881.037598 -3938.008301 

received data for process one : -6881.037598 -3938.008301
Middle Process in phase 5 : -9970.113281 -9229.855469 -6881.037598 -3938.008301 -3565.328369 2977.763184 6123.410645 12229.836914 22976.742188 
2977.763184 6123.410645 12229.836914 22976.742188 14568.960938 20308.919922 24220.068359 
Received data for process last:
2977.763184 6123.410645  

phase = 6:
-30519.386719 -30362.396484 -13902.499023 -9970.113281 -9229.855469 -6881.037598 -3938.008301 
Middle Process in phase 6 : -9970.113281 -9229.855469 -6881.037598 -3938.008301 -3565.328369 2977.763184 6123.410645 12229.836914 22976.742188 
Middle Process' Results: -6881.037598 -3938.008301 -3565.328369 2977.763184 6123.410645 
Final Answer:-30519.386719 -30362.396484 -13902.499023 -9970.113281 -9229.855469 -6881.037598 -3938.008301 -3565.328369 2977.763184 6123.410645 12229.836914 14568.960938 20308.919922 22976.742188 24220.068359 
Second process data in phase = 6
2977.763184 6123.410645 12229.836914 14568.960938 20308.919922 22976.742188 24220.068359 

real	0m0.206s
user	0m0.006s
sys	0m0.014s
