Proc 0: range = [0, 16)
Proc 1: range = [16, 32)
Proc 2: range = [32, 48)
Proc 3: range = [48, 64)
Proc 4: range = [64, 84)
phase=0
phase=1
phase=0
middle(2) local_buf:
-27992.589844 -14799.581055 -5240.214844 20886.302734 
middle(2) Received(right):
-25720.439453 -10845.235352 -7091.641602 4248.712402 
phase=1
middle(2) local_buf:
-27992.589844 -25720.439453 -14799.581055 -10845.235352 
middle(2) Received(left):
16857.742188 18393.089844 31354.748047 32359.974609 
phase=0
phase=1
phase=2
phase=2
phase=2
middle(2) local_buf:
16857.742188 18393.089844 31354.748047 32359.974609 
middle(2) Received(right):
-29329.533203 -22763.521484 -7091.641602 -5240.214844 
phase=3
-3532.090576 4248.712402 9038.991211 20886.302734 31330.298828 
phase=3
phase=4
middle(2) local_buf:
-29329.533203 -22763.521484 -7091.641602 -5240.214844 
middle(2) Received(left):
-25720.439453 -14799.581055 -10845.235352 5330.070801 
phase=4
middle(2) local_buf:
phase=3
phase=4
18393.089844 20886.302734 31330.298828 31354.748047 32359.974609 
-10845.235352 -7091.641602 -5240.214844 5330.070801 
middle(2) Received(right):
-3532.090576 4248.712402 9038.991211 16857.742188 

real	0m0.228s
user	0m0.007s
sys	0m0.015s
