Information for /home/pp17/ta/hw1/samples/testcase02
---------------------------
File Size: 		60 bytes
the initial data 
Information for /home/pp17/ta/hw1/samples/testcase02
---------------------------
File Size: 		60 bytes
the initial data 
Information for /home/pp17/ta/hw1/samples/testcase02
---------------------------
File Size: 		60 bytes
the initial data 
22976.742188 -3565.328369 -9229.855469 6123.410645 -6881.037598 24220.068359 12229.836914 -30519.386719 -9970.113281 -30362.396484 -13902.499023 20308.919922 2977.763184 -3938.008301 14568.960938 5Number of tasks = 3 My rank = 0
22976.742188 -3565.328369 -9229.855469 6123.410645 -6881.037598 24220.068359 12229.836914 -30519.386719 -9970.113281 -30362.396484 -13902.499023 20308.919922 2977.763184 -3938.008301 14568.960938 5Number of tasks = 3 My rank = 1
22976.742188 -3565.328369 -9229.855469 6123.410645 -6881.037598 24220.068359 12229.836914 -30519.386719 -9970.113281 -30362.396484 -13902.499023 20308.919922 2977.763184 -3938.008301 14568.960938 5Number of tasks = 3 My rank = 2
*** Error in `/home/pp17/p103061108/hw1/./HW1_103061108_basic.o': malloc(): memory corruption: 0x0000000000c89760 ***
======= Backtrace: =========
/usr/lib64/libc.so.6(+0x7dd4d)[0x7fc2d57acd4d]
/usr/lib64/libc.so.6(__libc_malloc+0x4c)[0x7fc2d57aefbc]
/opt/intel/compilers_and_libraries_2017.4.196/linux/mpi/intel64/lib/libmpi.so.12(+0x168796)[0x7fc2d6280796]
/opt/intel/compilers_and_libraries_2017.4.196/linux/mpi/intel64/lib/libmpi.so.12(PMPIDI_CH3I_Progress+0x19ff)[0x7fc2d626776f]
/opt/intel/compilers_and_libraries_2017.4.196/linux/mpi/intel64/lib/libmpi.so.12(+0x2f23d0)[0x7fc2d640a3d0]
/opt/intel/compilers_and_libraries_2017.4.196/linux/mpi/intel64/lib/libmpi.so.12(+0x11670f)[0x7fc2d622e70f]
/opt/intel/compilers_and_libraries_2017.4.196/linux/mpi/intel64/lib/libmpi.so.12(+0x115eb0)[0x7fc2d622deb0]
/opt/intel/compilers_and_libraries_2017.4.196/linux/mpi/intel64/lib/libmpi.so.12(MPI_Barrier+0x63d)[0x7fc2d6231c2d]
/home/pp17/p103061108/hw1/./HW1_103061108_basic.o[0x401f41]
/usr/lib64/libc.so.6(__libc_start_main+0xf5)[0x7fc2d5750b35]
/home/pp17/p103061108/hw1/./HW1_103061108_basic.o[0x400c39]
======= Memory map: ========
00400000-00403000 r-xp 00000000 00:29 201372746                          /home/pp17/p103061108/hw1/HW1_103061108_basic.o
00602000-00603000 r--p 00002000 00:29 201372746                          /home/pp17/p103061108/hw1/HW1_103061108_basic.o
00603000-00604000 rw-p 00003000 00:29 201372746                          /home/pp17/p103061108/hw1/HW1_103061108_basic.o
00c58000-00c9a000 rw-p 00000000 00:00 0                                  [heap]
7fc2cc000000-7fc2cc021000 rw-p 00000000 00:00 0 
7fc2cc021000-7fc2d0000000 ---p 00000000 00:00 0 
7fc2d2a6f000-7fc2d2e91000 rw-p 00000000 00:00 0 
7fc2d2e91000-7fc2d46f2000 rw-s 00000000 00:12 6017686                    /dev/shm/Intel_MPI_KTJsnC (deleted)
7fc2d46f2000-7fc2d46fb000 r-xp 00000000 08:03 338885                     /usr/lib64/libmunge.so.2.0.0
7fc2d46fb000-7fc2d48fa000 ---p 00009000 08:03 338885                     /usr/lib64/libmunge.so.2.0.0
7fc2d48fa000-7fc2d48fb000 r--p 00008000 08:03 338885                     /usr/lib64/libmunge.so.2.0.0
7fc2d48fb000-7fc2d48fc000 rw-p 00009000 08:03 338885                     /usr/lib64/libmunge.so.2.0.0
7fc2d48fc000-7fc2d48ff000 r-xp 00000000 08:03 67302514                   /usr/lib64/slurm/auth_munge.so
7fc2d48ff000-7fc2d4afe000 ---p 00003000 08:03 67302514                   /usr/lib64/slurm/auth_munge.so
7fc2d4afe000-7fc2d4aff000 r--p 00002000 08:03 67302514                   /usr/lib64/slurm/auth_munge.so
7fc2d4aff000-7fc2d4b00000 rw-p 00003000 08:03 67302514                   /usr/lib64/slurm/auth_munge.so
7fc2d4b00000-7fc2d4b0c000 r-xp 00000000 08:03 338906                     /usr/lib64/libnss_files-2.17.so
7fc2d4b0c000-7fc2d4d0b000 ---p 0000c000 08:03 338906                     /usr/lib64/libnss_files-2.17.so
7fc2d4d0b000-7fc2d4d0c000 r--p 0000b000 08:03 338906                     /usr/lib64/libnss_files-2.17.so
7fc2d4d0c000-7fc2d4d0d000 rw-p 0000c000 08:03 338906                     /usr/lib64/libnss_files-2.17.so
7fc2d4d0d000-7fc2d4d13000 rw-p 00000000 00:00 0 
7fc2d4d13000-7fc2d4efa000 r-xp 00000000 08:03 338957                     /usr/lib64/libslurm.so.31.0.0
7fc2d4efa000-7fc2d50f9000 ---p 001e7000 08:03 338957                     /usr/lib64/libslurm.so.31.0.0
7fc2d50f9000-7fc2d50fa000 r--p 001e6000 08:03 338957                     /usr/lib64/libslurm.so.31.0.0
7fc2d50fa000-7fc2d5101000 rw-p 001e7000 08:03 338957                     /usr/lib64/libslurm.so.31.0.0
7fc2d5101000-7fc2d5106000 rw-p 00000000 00:00 0 
7fc2d5106000-7fc2d510c000 r-xp 00000000 08:03 338951                     /usr/lib64/libpmi.so.0.0.0
7fc2d510c000-7fc2d530b000 ---p 00006000 08:03 338951                     /usr/lib64/libpmi.so.0.0.0
7fc2d530b000-7fc2d530c000 r--p 00005000 08:03 338951                     /usr/lib64/libpmi.so.0.0.0
7fc2d530c000-7fc2d530d000 rw-p 00006000 08:03 338951                     /usr/lib64/libpmi.so.0.0.0
7fc2d530d000-7fc2d5317000 r-xp 00000000 08:03 327640                     /usr/lib64/libnuma.so.1
7fc2d5317000-7fc2d5517000 ---p 0000a000 08:03 327640                     /usr/lib64/libnuma.so.1
7fc2d5517000-7fc2d5518000 r--p 0000a000 08:03 327640                     /usr/lib64/libnuma.so.1
7fc2d5518000-7fc2d5519000 rw-p 0000b000 08:03 327640                     /usr/lib64/libnuma.so.1
7fc2d5519000-7fc2d552e000 r-xp 00000000 08:03 84                         /usr/lib64/libgcc_s-4.8.5-20150702.so.1
7fc2d552e000-7fc2d572d000 ---p 00015000 08:03 84                         /usr/lib64/libgcc_s-4.8.5-20150702.so.1
7fc2d572d000-7fc2d572e000 r--p 00014000 08:03 84                         /usr/lib64/libgcc_s-4.8.5-20150702.so.1
7fc2d572e000-7fc2d572f000 rw-p 00015000 08:03 84                         /usr/lib64/libgcc_s-4.8.5-20150702.so.1
7fc2d572f000-7fc2d58e6000 r-xp 00000000 08:03 31516                      /usr/lib64/libc-2.17.so
7fc2d58e6000-7fc2d5ae5000 ---p 001b7000 08:03 31516                      /usr/lib64/libc-2.17.so
7fc2d5ae5000-7fc2d5ae9000 r--p 001b6000 08:03 31516                      /usr/lib64/libc-2.17.so
7fc2d5ae9000-7fc2d5aeb000 rw-p 001ba000 08:03 31516                      /usr/lib64/libc-2.17.so
7fc2d5aeb000-7fc2d5af0000 rw-p 00000000 00:00 0 
7fc2d5af0000-7fc2d5b07000 r-xp 00000000 08:03 338914                     /usr/lib64/libpthread-2.17.so
7fc2d5b07000-7fc2d5d06000 ---p 00017000 08:03 338914                     /usr/lib64/libpthread-2.17.so
7fc2d5d06000-7fc2d5d07000 r--p 00016000 08:03 338914                     /usr/lib64/libpthread-2.17.so
7fc2d5d07000-7fc2d5d08000 rw-p 00017000 08:03 338914                     /usr/lib64/libpthread-2.17.so
7fc2d5d08000-7fc2d5d0c000 rw-p 00000000 00:00 0 
7fc2d5d0c000-7fc2d5d13000 r-xp 00000000 08:03 338918                     /usr/lib64/librt-2.17.so
7fc2d5d13000-7fc2d5f12000 ---p 00007000 08:03 338918                     /usr/lib64/librt-2.17.so
7fc2d5f12000-7fc2d5f13000 r--p 00006000 08:03 338918                     /usr/lib64/librt-2.17.so
7fc2d5f13000-7fc2d5f14000 rw-p 00007000 08:03 338918                     /usr/lib64/librt-2.17.so
7fc2d5f14000-7fc2d5f16000 r-xp 00000000 08:03 31739                      /usr/lib64/libdl-2.17.so
7fc2d5f16000-7fc2d6116000 ---p 00002000 08:03 31739                      /usr/lib64/libdl-2.17.so
7fc2d6116000-7fc2d6117000 r--p 00002000 08:03 31739                      /usr/lib64/libdl-2.17.so
7fc2d6117000-7fc2d6118000 rw-p 00003000 08:03 31739                      /usr/lib64/libdl-2.17.so
7fc2d6118000-7fc2d6870000 r-xp 00000000 00:28 283567098                  /opt/intel/compilers_and_libraries_2017.4.196/linux/mpi/intel64/lib/release_mt/libmpi.so.12.0
7fc2d6870000-7fc2d6a70000 ---p 00758000 00:28 283567098                  /opt/intel/compilers_and_libraries_2017.4.196/linux/mpi/intel64/lib/release_mt/libmpi.so.12.0
7fc2d6a70000-7fc2d6aa9000 rw-p 00758000 00:28 283567098                  /opt/intel/compilers_and_libraries_2017.4.196/linux/mpi/intel64/lib/release_mt/libmpi.so.12.0
7fc2d6aa9000-7fc2d6e40000 rw-p 00000000 00:00 0 
7fc2d6e40000-7fc2d6fbe000 r-xp 00000000 00:28 14222483                   /opt/intel/compilers_and_libraries_2017.4.196/linux/mpi/intel64/lib/libmpifort.so.12.0
7fc2d6fbe000-7fc2d71be000 ---p 0017e000 00:28 14222483                   /opt/intel/compilers_and_libraries_2017.4.196/linux/mpi/intel64/lib/libmpifort.so.12.0
7fc2d71be000-7fc2d71c5000 rw-p 0017e000 00:28 14222483                   /opt/intel/compilers_and_libraries_2017.4.196/linux/mpi/intel64/lib/libmpifort.so.12.0
7fc2d71c5000-7fc2d71e9000 rw-p 00000000 00:00 0 
7fc2d71e9000-7fc2d72e9000 r-xp 00000000 08:03 31741                      /usr/lib64/libm-2.17.so
7fc2d72e9000-7fc2d74e9000 ---p 00100000 08:03 31741                      /usr/lib64/libm-2.17.so
7fc2d74e9000-7fc2d74ea000 r--p 00100000 08:03 31741                      /usr/lib64/libm-2.17.so
7fc2d74ea000-7fc2d74eb000 rw-p 00101000 08:03 31741                      /usr/lib64/libm-2.17.so
7fc2d74eb000-7fc2d750b000 r-xp 00000000 08:03 32269                      /usr/lib64/ld-2.17.so
7fc2d75c4000-7fc2d75d3000 rw-s 00000000 00:12 6017718                    /dev/shm/shm-col-space-9288-12-55AE20FE0C8D4
7fc2d75d3000-7fc2d76fb000 rw-p 00000000 00:00 0 
7fc2d76fb000-7fc2d770a000 rw-s 00000000 00:12 6017717                    /dev/shm/shm-col-space-9288-2-55AE20FE0C85B
7fc2d770a000-7fc2d770b000 rw-p 00000000 00:00 0 
7fc2d770b000-7fc2d770c000 r--p 00020000 08:03 32269                      /usr/lib64/ld-2.17.so
7fc2d770c000-7fc2d770d000 rw-p 00021000 08:03 32269                      /usr/lib64/ld-2.17.so
7fc2d770d000-7fc2d770e000 rw-p 00000000 00:00 0 
7ffdce92a000-7ffdce94c000 rw-p 00000000 00:00 0                          [stack]
7ffdce9fc000-7ffdce9fe000 r-xp 00000000 00:00 0                          [vdso]
ffffffffff600000-ffffffffff601000 r-xp 00000000 00:00 0                  [vsyscall]
srun: error: apollo32: task 1: Aborted
srun: Job step aborted: Waiting up to 32 seconds for job step to finish.
slurmstepd: error: *** JOB 6506 ON apollo32 CANCELLED AT 2017-10-06T23:04:30 ***
slurmstepd: error: *** STEP 6506.0 ON apollo32 CANCELLED AT 2017-10-06T23:04:30 ***
