Proc 0: range = [0, 32)
Proc 1: range = [32, 64)
Proc 2: range = [64, 96)
Proc 3: range = [96, 128)
Proc 4: range = [128, 160)
Proc 5: range = [160, 200)
phase=0
phase=0
middle(2) local_buf:
-32117.964844 -19008.119141 -14536.532227 -14120.008789 -11189.071289 5870.926270 7449.831543 18194.359375 
middle(2) Received(right):
-31083.173828 -22126.712891 8344.556641 13934.287109 15027.083008 23750.562500 29624.509766 32333.935547 
phase=0
phase=0
middle(2) local_buf:
-26400.710938 -18147.199219 -10034.288086 -6002.769531 -1121.709473 -543.894043 17794.689453 30835.427734 
middle(2) Received(right):
-13060.541016 -868.449646 2602.093018 5586.949707 13704.689453 19721.718750 20367.748047 24180.521484 24435.716797 26045.666016 
phase=1
2602.093018 5586.949707 13704.689453 17794.689453 19721.718750 20367.748047 24180.521484 24435.716797 26045.666016 30835.427734 
phase=1
phase=2
phase=1
middle(2) local_buf:
-32117.964844 -31083.173828 -22126.712891 -19008.119141 -14536.532227 -14120.008789 -11189.071289 5870.926270 
middle(2) Received(left):
-4728.757812 -3011.495117 686.012939 3293.504395 4938.522461 15647.874023 20426.523438 29151.101562 
phase=2
middle(2) local_buf:
-3011.495117 686.012939 3293.504395 4938.522461 5870.926270 15647.874023 20426.523438 29151.101562 
middle(2) Received(right):
phase=1
phase=2
middle(2) local_buf:
-26400.710938 -18147.199219 -13060.541016 -10034.288086 -6002.769531 -1121.709473 -868.449646 -543.894043 
middle(2) Received(left):
7449.831543 8344.556641 13934.287109 15027.083008 18194.359375 23750.562500 29624.509766 32333.935547 
phase=2
middle(2) local_buf:
7449.831543 8344.556641 13934.287109 15027.083008 18194.359375 23750.562500 29624.509766 32333.935547 
middle(2) Received(right):
2602.093018 5586.949707 13704.689453 17794.689453 19721.718750 20367.748047 24180.521484 24435.716797 26045.666016 30835.427734 
phase=3
middle(2) local_buf:
18194.359375 19721.718750 20367.748047 23750.562500 24180.521484 24435.716797 26045.666016 29624.509766 30835.427734 32333.935547 
phase=3
-26400.710938 -18147.199219 -13060.541016 -10034.288086 -6002.769531 -1121.709473 -868.449646 -543.894043 
phase=3
middle(2) local_buf:
-26400.710938 -18147.199219 -13060.541016 -10034.288086 -6002.769531 -3011.495117 -1121.709473 -868.449646 
middle(2) Received(left):
-14120.008789 -11855.858398 -11189.071289 -8970.042969 -7488.499023 -7210.073730 -5569.204102 -4728.757812 
phase=4
phase=3
phase=4
2602.093018 5586.949707 7449.831543 8344.556641 13704.689453 13934.287109 15027.083008 17794.689453 
middle(2) Received(left):
-543.894043 686.012939 3293.504395 4938.522461 5870.926270 15647.874023 20426.523438 29151.101562 
phase=4
middle(2) local_buf:
phase=4
middle(2) local_buf:
-7488.499023 -7210.073730 -6002.769531 -5569.204102 -4728.757812 -3011.495117 -1121.709473 -868.449646 
middle(2) Received(right):
-543.894043 686.012939 2602.093018 3293.504395 4938.522461 5586.949707 5870.926270 7449.831543 
phase=5
8344.556641 13704.689453 13934.287109 15027.083008 15647.874023 17794.689453 20426.523438 29151.101562 
middle(2) Received(right):
18194.359375 19721.718750 20367.748047 23750.562500 24180.521484 24435.716797 26045.666016 29624.509766 30835.427734 32333.935547 
phase=5
middle(2) local_buf:
20367.748047 20426.523438 23750.562500 24180.521484 24435.716797 26045.666016 29151.101562 29624.509766 30835.427734 32333.935547 
phase=5
middle(2) local_buf:
-7488.499023 -7210.073730 -6002.769531 -5569.204102 -4728.757812 -3011.495117 -1121.709473 -868.449646 
middle(2) Received(left):
-15164.196289 -14536.532227 -14120.008789 -13060.541016 -11855.858398 -11189.071289 -10034.288086 -8970.042969 
phase=5
8344.556641 13704.689453 13934.287109 15027.083008 15647.874023 17794.689453 18194.359375 19721.718750 
middle(2) Received(left):
-543.894043 686.012939 2602.093018 3293.504395 4938.522461 5586.949707 5870.926270 7449.831543 

real	0m0.236s
user	0m0.006s
sys	0m0.018s
