Information for /home/pp17/ta/hw1/samples/testcase01
---------------------------
File Size: 		16 bytes
the initial data 
Information for /home/pp17/ta/hw1/samples/testcase01
---------------------------
File Size: 		16 bytes
the initial data 
-17513.746094 23779.464844 -14053.322266 -13574.291016 2Number of tasks = 2 My rank = 0
-17513.746094 23779.464844 -14053.322266 -13574.291016 2Number of tasks = 2 My rank = 1

phase = 0:
-17513.746094 -14053.322266 -13574.291016 23779.464844 

received data for process one : -13574.291016 23779.464844

phase = 1:
-17513.746094 -14053.322266 -13574.291016 23779.464844 
Second process data in phase = 0
-17513.746094 -14053.322266 -13574.291016 23779.464844 
Received data for process last:
-17513.746094 -14053.322266  
Final Answer:-17513.746094 -14053.322266 -13574.291016 23779.464844 
Second process data in phase = 1
-17513.746094 -14053.322266 -13574.291016 23779.464844 

real	0m0.198s
user	0m0.008s
sys	0m0.012s
