5Number of tasks = 3 My rank = 0
5Number of tasks = 3 My rank = 1
5Number of tasks = 3 My rank = 2

received data for process one : -6881.037598 -3938.008301

received data for process one : -6881.037598 -3938.008301
Second process data in phase = 0
2977.763184 6123.410645 12229.836914 14568.960938 20308.919922 22976.742188 24220.068359 
Received data for process last:
2977.763184 6123.410645  
Second process data in phase = 1
2977.763184 6123.410645 12229.836914 14568.960938 20308.919922 22976.742188 24220.068359 
Received data for process last:
2977.763184 6123.410645  
Second process data in phase = 2

received data for process one : 0.000000 -3938.008301

received data for process one : 0.000000 -3565.328369
2977.763184 6123.410645 12229.836914 14568.960938 20308.919922 22976.742188 24220.068359 
Received data for process last:
2977.763184 6123.410645  
Second process data in phase = 3

received data for process one : 0.000000 0.000000
2977.763184 6123.410645 12229.836914 14568.960938 20308.919922 22976.742188 24220.068359 
Received data for process last:
2977.763184 6123.410645  
Second process data in phase = 4

2977.763184 6123.410645 12229.836914 14568.960938 20308.919922 22976.742188 24220.068359 
Received data for process last:
2977.763184 6123.410645  
Second process data in phase = 5
received data for process one : 0.000000 0.000000
2977.763184 6123.410645 12229.836914 14568.960938 20308.919922 22976.742188 24220.068359 
Received data for process last:
2977.763184 6123.410645  
Second process data in phase = 6
2977.763184 6123.410645 12229.836914 14568.960938 20308.919922 22976.742188 24220.068359 
First Process' result: -3565.328369 0.000000 0.000000 0.000000 0.000000 
Middle Process' Results: 0.000000 0.000000 0.000000 2977.763184 6123.410645 
Last Processor's Result :12229.836914 14568.960938 20308.919922 22976.742188 24220.068359 

real	0m0.203s
user	0m0.005s
sys	0m0.014s
