Proc 0: range = [0, 250000)
Proc 4: range = [1000000, 1250000)
Proc 12: range = [3000000, 3250000)
Proc 8: range = [2000000, 2250000)
Proc 1: range = [250000, 500000)
Proc 5: range = [1250000, 1500000)
Proc 13: range = [3250000, 3500000)
Proc 9: range = [2250000, 2500000)
Proc 2: range = [500000, 750000)
Proc 6: range = [1500000, 1750000)
Proc 14: range = [3500000, 3750000)
Proc 10: range = [2500000, 2750000)
Proc 3: range = [750000, 1000000)
Proc 7: range = [1750000, 2000000)
Proc 15: range = [3750000, 4000000)
Proc 11: range = [2750000, 3000000)
process(6) IO time = 0.000000
process(6) logic time = 0.060000
process(6) comm time = 0.010000
process(9) IO time = 0.000000
process(9) logic time = 0.050000
process(9) comm time = 0.010000
process(0) IO time = 0.000000
process(0) logic time = 0.040000
process(0) comm time = 0.010000
process(3) IO time = 0.000000
process(3) logic time = 0.050000
process(3) comm time = 0.000000
process(2) IO time = 0.010000
process(2) logic time = 0.060000
process(2) comm time = 0.000000
process(1) IO time = 0.000000
process(1) logic time = 0.050000
process(1) comm time = 0.010000
process(15) IO time = 0.010000
process(15) logic time = 0.050000
process(15) comm time = 0.010000
process(13) IO time = 0.000000
process(13) logic time = 0.040000
process(13) comm time = 0.010000
process(4) IO time = 0.000000
process(4) logic time = 0.040000
process(4) comm time = 0.010000
process(8) IO time = 0.000000
process(8) logic time = 0.050000
process(8) comm time = 0.000000
process(11) IO time = 0.000000
process(11) logic time = 0.040000
process(11) comm time = 0.000000
process(14) IO time = 0.010000
process(14) logic time = 0.060000
process(14) comm time = 0.000000
process(12) IO time = 0.000000
process(12) logic time = 0.050000
process(12) comm time = 0.000000
process(5) IO time = 0.000000
process(5) logic time = 0.050000
process(5) comm time = 0.030000
process(7) IO time = 0.010000
process(7) logic time = 0.060000
process(7) comm time = 0.010000
process(10) IO time = 0.010000
process(10) logic time = 0.050000
process(10) comm time = 0.000000

real	0m0.491s
user	0m0.023s
sys	0m0.032s
