Proc 0: range = [0, 24)
31354.748047 18393.089844 32359.974609 5330.070801 -29165.416016 16857.742188 
Proc 1: range = [16, 44)
-29165.416016 16857.742188 -29639.796875 -29430.537109 -14799.581055 -27992.589844 -5240.214844 
Proc 2: range = [36, 64)
-27992.589844 -5240.214844 20886.302734 -25720.439453 -10845.235352 -7091.641602 4248.712402 
Proc 3: range = [56, 84)
-7091.641602 4248.712402 -22763.521484 31330.298828 -3532.090576 9038.991211 -29329.533203 
(first)phase = 0
First process data after
18393.089844 31354.748047 5330.070801 32359.974609 -29165.416016 16857.742188 (first)phase = 1
First : 16857.742188 
First process data after
(middle)phase = 0
middle process data after
-29165.416016 16857.742188 -29639.796875 -29430.537109 -27992.589844 -14799.581055 -5240.214844 (middle)phase = 1
middle process data after
(middle)phase = 0
middle process data after
-27992.589844 -5240.214844 20886.302734 -25720.439453 -10845.235352 -7091.641602 4248.712402 (middle)phase = 1
middle process data after
-14799.581055 -5240.214844 -25720.439453 20886.302734 -10845.235352 -7091.641602 4248.712402 (middle)phase = 2
middle process data after
(last)phase = 0
Last process data after
-7091.641602 4248.712402 -22763.521484 31330.298828 -3532.090576 9038.991211 -29329.533203 First : -7091.641602 
(last)phase = 1
Last process data after
-7091.641602 -22763.521484 4248.712402 -3532.090576 31330.298828 -29329.533203 9038.991211 First : -7091.641602 
(last)phase = 2
Last process data after
-22763.521484 -7091.641602 -3532.090576 4248.712402 -29329.533203 31330.298828 9038.991211 First : -22763.521484 
(last)phase = 3
18393.089844 5330.070801 31354.748047 -29165.416016 32359.974609 16857.742188 (first)phase = 2
First : -29639.796875 
First process data after
5330.070801 18393.089844 -29165.416016 31354.748047 -29639.796875 32359.974609 (first)phase = 3
First : 32359.974609 
First process data after
-29165.416016 -29639.796875 16857.742188 -29430.537109 -27992.589844 -14799.581055 -5240.214844 (middle)phase = 2
middle process data after
-29639.796875 32359.974609 -29430.537109 16857.742188 -27992.589844 -14799.581055 -5240.214844 (middle)phase = 3
middle process data after
-29639.796875 -29430.537109 32359.974609 -27992.589844 16857.742188 -25720.439453 -14799.581055 (middle)phase = 4
middle process data after
-14799.581055 -25720.439453 -5240.214844 -10845.235352 20886.302734 -22763.521484 -7091.641602 (middle)phase = 3
middle process data after
-25720.439453 -14799.581055 -10845.235352 -5240.214844 -22763.521484 20886.302734 -7091.641602 (middle)phase = 4
middle process data after
Last process data after
-22763.521484 -7091.641602 -3532.090576 -29329.533203 4248.712402 9038.991211 31330.298828 First : 20886.302734 
(last)phase = 4
Last process data after
-7091.641602 20886.302734 -29329.533203 -3532.090576 4248.712402 9038.991211 31330.298828 First : -7091.641602 
(last)phase = 5
Last process data after
5330.070801 -29165.416016 18393.089844 -29639.796875 31354.748047 32359.974609 (first)phase = 4
First : -29430.537109 
First process data after
-29165.416016 5330.070801 -29639.796875 18393.089844 -29430.537109 31354.748047 (first)phase = 5
First : 31354.748047 
First process data after
-29165.416016 -29639.796875 5330.070801 -29430.537109 18393.089844 31354.748047 (first)phase = 6
-29430.537109 31354.748047 -27992.589844 32359.974609 -25720.439453 16857.742188 -14799.581055 (middle)phase = 5
middle process data after
-29430.537109 -27992.589844 31354.748047 -25720.439453 32359.974609 -14799.581055 16857.742188 (middle)phase = 6
middle process data after
-25720.439453 -14799.581055 -10845.235352 -22763.521484 -5240.214844 -7091.641602 20886.302734 (middle)phase = 5
middle process data after
-14799.581055 16857.742188 -22763.521484 -10845.235352 -7091.641602 -5240.214844 20886.302734 (middle)phase = 6
middle process data after
-7091.641602 -29329.533203 20886.302734 -3532.090576 4248.712402 9038.991211 31330.298828 First : -5240.214844 
(last)phase = 6
Last process data after
-29329.533203 -5240.214844 -3532.090576 20886.302734 4248.712402 9038.991211 31330.298828 First : -29329.533203 
(last)phase = 7
Last process data after
First : -27992.589844 
First process data after
-29639.796875 -29165.416016 -29430.537109 5330.070801 -27992.589844 18393.089844 (first)phase = 7
First : 18393.089844 
First process data after
-29639.796875 -29430.537109 -29165.416016 -27992.589844 5330.070801 18393.089844 (first)phase = 8
First : -25720.439453 
First process data after
-27992.589844 18393.089844 -25720.439453 31354.748047 -14799.581055 32359.974609 16857.742188 (middle)phase = 7
middle process data after
-27992.589844 -25720.439453 18393.089844 -14799.581055 31354.748047 -22763.521484 32359.974609 (middle)phase = 8
middle process data after
-14799.581055 -22763.521484 16857.742188 -10845.235352 -7091.641602 -29329.533203 -5240.214844 (middle)phase = 7
middle process data after
-22763.521484 32359.974609 -10845.235352 16857.742188 -29329.533203 -7091.641602 -5240.214844 (middle)phase = 8
middle process data after
-22763.521484 -10845.235352 32359.974609 -29329.533203 16857.742188 -7091.641602 -5240.214844 (middle)phase = 9
middle process data after
-29329.533203 -5240.214844 -3532.090576 4248.712402 20886.302734 9038.991211 31330.298828 First : -7091.641602 
(last)phase = 8
Last process data after
-7091.641602 -5240.214844 -3532.090576 4248.712402 9038.991211 20886.302734 31330.298828 First : -7091.641602 
(last)phase = 9
Last process data after
-29639.796875 -29430.537109 -29165.416016 -27992.589844 -25720.439453 5330.070801 (first)phase = 9
First : 5330.070801 
First process data after
-29639.796875 -29430.537109 -29165.416016 -27992.589844 -25720.439453 5330.070801 (first)phase = 10
First : -14799.581055 
First process data after
-25720.439453 5330.070801 -14799.581055 18393.089844 -22763.521484 31354.748047 32359.974609 (middle)phase = 9
middle process data after
-25720.439453 -14799.581055 5330.070801 -22763.521484 18393.089844 -10845.235352 31354.748047 (middle)phase = 10
middle process data after
-25720.439453 -14799.581055 -22763.521484 5330.070801 -10845.235352 18393.089844 31354.748047 (middle)phase = 11
middle process data after
-10845.235352 31354.748047 -29329.533203 32359.974609 -7091.641602 16857.742188 -5240.214844 (middle)phase = 10
middle process data after
-10845.235352 -29329.533203 31354.748047 -7091.641602 32359.974609 -5240.214844 16857.742188 (middle)phase = 11
middle process data after
-7091.641602 -5240.214844 -3532.090576 4248.712402 9038.991211 20886.302734 31330.298828 First : 16857.742188 
(last)phase = 10
Last process data after
-5240.214844 16857.742188 -3532.090576 4248.712402 9038.991211 20886.302734 31330.298828 First : -5240.214844 
(last)phase = 11
Last process data after
-5240.214844 -3532.090576 16857.742188 4248.712402 9038.991211 20886.302734 31330.298828 First : 32359.974609 
(last)phase = 12
Last process data after
-29639.796875 -29430.537109 -29165.416016 -27992.589844 -25720.439453 -14799.581055 (first)phase = 11
First : -14799.581055 
First process data after
-29639.796875 -29430.537109 -29165.416016 -27992.589844 -25720.439453 -14799.581055 (first)phase = 12
First : -22763.521484 
First process data after
-25720.439453 -22763.521484 -14799.581055 -10845.235352 5330.070801 -29329.533203 18393.089844 (middle)phase = 12
middle process data after
-25720.439453 -22763.521484 -14799.581055 -10845.235352 -29329.533203 5330.070801 18393.089844 (middle)phase = 13
middle process data after
-29329.533203 18393.089844 -7091.641602 31354.748047 -5240.214844 32359.974609 16857.742188 (middle)phase = 12
middle process data after
-29329.533203 -7091.641602 18393.089844 -5240.214844 31354.748047 -3532.090576 32359.974609 (middle)phase = 13
middle process data after
-7091.641602 5330.070801 -5240.214844 18393.089844 -3532.090576 31354.748047 32359.974609 (middle)phase = 14
middle process data after
-3532.090576 32359.974609 4248.712402 16857.742188 9038.991211 20886.302734 31330.298828 First : -3532.090576 
(last)phase = 13
Last process data after
-3532.090576 4248.712402 32359.974609 9038.991211 16857.742188 20886.302734 31330.298828 First : 31354.748047 
(last)phase = 14
Last process data after
-29639.796875 -29430.537109 -29165.416016 -27992.589844 -25720.439453 -22763.521484 (first)phase = 13
First : -22763.521484 
First process data after
-29639.796875 -29430.537109 -29165.416016 -27992.589844 -25720.439453 -22763.521484 (first)phase = 14
First : -22763.521484 
First process data after
-29639.796875 -29430.537109 -29165.416016 -27992.589844 -25720.439453 -22763.521484 (first)phase = 15
First : -22763.521484 
First process data after
-25720.439453 -22763.521484 -14799.581055 -29329.533203 -10845.235352 -7091.641602 5330.070801 (middle)phase = 14
middle process data after
-25720.439453 -22763.521484 -29329.533203 -14799.581055 -10845.235352 -7091.641602 5330.070801 (middle)phase = 15
middle process data after
-25720.439453 -29329.533203 -22763.521484 -14799.581055 -10845.235352 -7091.641602 -5240.214844 (middle)phase = 16
middle process data after
-7091.641602 -5240.214844 5330.070801 -3532.090576 18393.089844 4248.712402 31354.748047 (middle)phase = 15
middle process data after
-7091.641602 -5240.214844 -3532.090576 5330.070801 4248.712402 18393.089844 31354.748047 (middle)phase = 16
middle process data after
4248.712402 31354.748047 9038.991211 32359.974609 16857.742188 20886.302734 31330.298828 First : 4248.712402 
(last)phase = 15
Last process data after
4248.712402 9038.991211 31354.748047 16857.742188 32359.974609 20886.302734 31330.298828 First : 18393.089844 
(last)phase = 16
Last process data after
9038.991211 18393.089844 16857.742188 31354.748047 20886.302734 32359.974609 31330.298828 First : 9038.991211 
(last)phase = 17
Last process data after
-29639.796875 -29430.537109 -29165.416016 -27992.589844 -25720.439453 -22763.521484 (first)phase = 16
First : -29329.533203 
First process data after
-29639.796875 -29430.537109 -29165.416016 -27992.589844 -29329.533203 -25720.439453 (first)phase = 17
First : -25720.439453 
First process data after
-29639.796875 -29430.537109 -29165.416016 -29329.533203 -27992.589844 -25720.439453 (first)phase = 18
First : -25720.439453 
First process data after
-29329.533203 -25720.439453 -22763.521484 -14799.581055 -10845.235352 -7091.641602 -5240.214844 (middle)phase = 17
middle process data after
-29329.533203 -25720.439453 -22763.521484 -14799.581055 -10845.235352 -7091.641602 -5240.214844 (middle)phase = 18
middle process data after
-7091.641602 -5240.214844 -3532.090576 4248.712402 5330.070801 9038.991211 18393.089844 (middle)phase = 17
middle process data after
-7091.641602 -5240.214844 -3532.090576 4248.712402 5330.070801 9038.991211 18393.089844 (middle)phase = 18
middle process data after
-7091.641602 -5240.214844 -3532.090576 4248.712402 5330.070801 9038.991211 16857.742188 (middle)phase = 19
middle process data after
9038.991211 16857.742188 18393.089844 20886.302734 31354.748047 31330.298828 32359.974609 First : 9038.991211 
(last)phase = 18
Last process data after
9038.991211 16857.742188 18393.089844 20886.302734 31330.298828 31354.748047 32359.974609 First : 9038.991211 
(last)phase = 19
Last process data after
-29639.796875 -29430.537109 -29329.533203 -29165.416016 -27992.589844 -25720.439453 (first)phase = 19
First : -25720.439453 
First process data after
-27992.589844 -25720.439453 -22763.521484 -14799.581055 -10845.235352 -7091.641602 -5240.214844 (middle)phase = 19
middle process data after
9038.991211 16857.742188 18393.089844 20886.302734 31330.298828 31354.748047 32359.974609 -27992.589844 -25720.439453 -22763.521484 -14799.581055 -10845.235352 -7091.641602 -5240.214844 -29639.796875 -29430.537109 -29329.533203 -29165.416016 -27992.589844 -25720.439453 -7091.641602 -5240.214844 -3532.090576 4248.712402 5330.070801 9038.991211 16857.742188 
real	0m0.215s
user	0m0.008s
sys	0m0.015s
