Proc 0: range = [0, 40)
Proc 1: range = [40, 80)
Proc 2: range = [80, 120)
Proc 3: range = [120, 160)
Proc 4: range = [160, 200)
phase=0
phase=0
middle(2) local_buf:
phase=0
-32117.964844 -22126.712891 -14536.532227 5870.926270 7449.831543 8344.556641 15027.083008 23750.562500 29624.509766 32333.935547 
middle(2) Received(right):
-31083.173828 -26400.710938 -18147.199219 -10034.288086 -6002.769531 -1121.709473 -543.894043 13934.287109 17794.689453 30835.427734 
phase=1
phase=1
middle(2) local_buf:
-32117.964844 -31083.173828 -26400.710938 -22126.712891 -18147.199219 -14536.532227 -10034.288086 -6002.769531 -1121.709473 -543.894043 
middle(2) Received(left):
phase=1
17794.689453 19721.718750 20367.748047 23750.562500 24180.521484 24435.716797 26045.666016 29624.509766 30835.427734 32333.935547 
phase=2
-5569.204102 -4728.757812 -3011.495117 686.012939 3293.504395 4938.522461 15647.874023 18194.359375 20426.523438 29151.101562 
phase=2
middle(2) local_buf:
phase=2
-3011.495117 -1121.709473 -543.894043 686.012939 3293.504395 4938.522461 15647.874023 18194.359375 20426.523438 29151.101562 
middle(2) Received(right):
phase=3
-13060.541016 -868.449646 2602.093018 5586.949707 5870.926270 7449.831543 8344.556641 13704.689453 13934.287109 15027.083008 
phase=3
middle(2) local_buf:
phase=3
20367.748047 20426.523438 23750.562500 24180.521484 24435.716797 26045.666016 29151.101562 29624.509766 30835.427734 32333.935547 
-13060.541016 -3011.495117 -1121.709473 -868.449646 -543.894043 686.012939 2602.093018 3293.504395 4938.522461 5586.949707 
middle(2) Received(left):
phase=4
-14120.008789 -11855.858398 -11189.071289 -10034.288086 -8970.042969 -7488.499023 -7210.073730 -6002.769531 -5569.204102 -4728.757812 
phase=4
middle(2) local_buf:
phase=4
-4728.757812 -3011.495117 -1121.709473 -868.449646 -543.894043 686.012939 2602.093018 3293.504395 4938.522461 5586.949707 
middle(2) Received(right):
5870.926270 7449.831543 8344.556641 13704.689453 13934.287109 15027.083008 15647.874023 17794.689453 18194.359375 19721.718750 

real	0m0.226s
user	0m0.009s
sys	0m0.014s
