Proc 0: range = [0, 76)
Proc 1: range = [60, 144)
Proc 2: range = [128, 200)
-6002.769531 30835.427734 -18147.199219 17794.689453 -26400.710938 -543.894043 -10034.288086 -1121.709473 20367.748047 19721.718750 24435.716797 26045.666016 2602.093018 -13060.541016 13704.689453 24180.521484 5586.949707 -868.449646 
3293.504395 -5569.204102 29151.101562 686.012939 -8970.042969 -24468.636719 -15164.196289 4938.522461 -7488.499023 -11855.858398 -3011.495117 -7210.073730 -27089.582031 15647.874023 -4728.757812 20426.523438 -11189.071289 -14120.008789 18194.359375 
20426.523438 -11189.071289 -14120.008789 18194.359375 -19008.119141 7449.831543 -32117.964844 -14536.532227 5870.926270 15027.083008 8344.556641 29624.509766 23750.562500 -22126.712891 32333.935547 -31083.173828 13934.287109 -6002.769531 30835.427734 -18147.199219 17794.689453 
Received data for process first:
-19008.119141 -11189.071289  
Received data for process middle:
-14120.008789 20426.523438  
30835.427734 -26400.710938  
-14120.008789 20426.523438 -19008.119141 -11189.071289 -32117.964844 18194.359375 -14536.532227 7449.831543 5870.926270 8344.556641 15027.083008 23750.562500 -22126.712891 29624.509766 -31083.173828 32333.935547 -6002.769531 13934.287109 -18147.199219 30835.427734 -26400.710938 
Received data for process last:
13934.287109 -18147.199219  
Received data for process last:
32333.935547 -26400.710938  
Received data for process first:
-32117.964844 20426.523438  
Received data for process middle:
-19008.119141 15647.874023  
13934.287109 -10034.288086  
-19008.119141 15647.874023 -32117.964844 20426.523438 -14536.532227 -11189.071289 5870.926270 18194.359375 7449.831543 8344.556641 -22126.712891 15027.083008 -31083.173828 23750.562500 -6002.769531 29624.509766 -18147.199219 32333.935547 -26400.710938 13934.287109 -10034.288086 
Received data for process first:
-14536.532227 15647.874023  
Received data for process middle:
-32117.964844 -3011.495117  
32333.935547 -1121.709473  
Received data for process last:
29624.509766 -10034.288086  
-32117.964844 -3011.495117 -14536.532227 15647.874023 -11189.071289 20426.523438 5870.926270 7449.831543 -22126.712891 18194.359375 -31083.173828 8344.556641 -6002.769531 15027.083008 -18147.199219 23750.562500 -26400.710938 29624.509766 -10034.288086 32333.935547 -1121.709473 
Received data for process first:
-11189.071289 -3011.495117  
Received data for process middle:
-14536.532227 -4728.757812  
29624.509766 -543.894043  
Received data for process last:
23750.562500 -1121.709473  
-14536.532227 -4728.757812 -11189.071289 -3011.495117 5870.926270 15647.874023 -22126.712891 20426.523438 -31083.173828 7449.831543 -6002.769531 18194.359375 -18147.199219 8344.556641 -26400.710938 15027.083008 -10034.288086 23750.562500 -1121.709473 29624.509766 -543.894043 
Received data for process middle:
Received data for process last:
15027.083008 -543.894043  
Received data for process first:
-4728.757812 -3011.495117  
-11189.071289 4938.522461  
23750.562500 -13060.541016  
Received data for process first:
-11189.071289 4938.522461 -4728.757812 -3011.495117 -22126.712891 5870.926270 -31083.173828 15647.874023 -6002.769531 20426.523438 -18147.199219 7449.831543 -26400.710938 18194.359375 -10034.288086 8344.556641 -1121.709473 15027.083008 -543.894043 23750.562500 -13060.541016 
Received data for process middle:
-7210.073730 -4728.757812  
Received data for process last:
8344.556641 -13060.541016  
-22126.712891 4938.522461  
15027.083008 2602.093018  
-7210.073730 -4728.757812 -22126.712891 4938.522461 -31083.173828 -3011.495117 -6002.769531 5870.926270 -18147.199219 15647.874023 -26400.710938 20426.523438 -10034.288086 7449.831543 -1121.709473 18194.359375 -543.894043 8344.556641 -13060.541016 15027.083008 2602.093018 
Received data for process first:
-31083.173828 -4728.757812  
Received data for process middle:
-22126.712891 29151.101562  
8344.556641 -868.449646  
Received data for process last:
18194.359375 2602.093018  
-22126.712891 29151.101562 -31083.173828 -4728.757812 -6002.769531 4938.522461 -18147.199219 -3011.495117 -26400.710938 5870.926270 -10034.288086 15647.874023 -1121.709473 20426.523438 -543.894043 7449.831543 -13060.541016 18194.359375 2602.093018 8344.556641 -868.449646 
Received data for process first:
-6002.769531 29151.101562  
Received data for process middle:
-31083.173828 3293.504395  
18194.359375 5586.949707  
Received data for process last:
7449.831543 -868.449646  
-31083.173828 3293.504395 -6002.769531 29151.101562 -18147.199219 -4728.757812 -26400.710938 4938.522461 -10034.288086 -3011.495117 -1121.709473 5870.926270 -543.894043 15647.874023 -13060.541016 20426.523438 2602.093018 7449.831543 -868.449646 18194.359375 5586.949707 
Received data for process first:
-18147.199219 3293.504395  
Received data for process middle:
-6002.769531 686.012939  
7449.831543 8344.556641  
Received data for process last:
20426.523438 5586.949707  
-6002.769531 686.012939 -18147.199219 3293.504395 -26400.710938 29151.101562 -10034.288086 -4728.757812 -3011.495117 4938.522461 -1121.709473 -543.894043 -13060.541016 5870.926270 2602.093018 15647.874023 -868.449646 20426.523438 5586.949707 7449.831543 8344.556641 
Received data for process first:
-26400.710938 686.012939  
Received data for process middle:
-18147.199219 -5569.204102  
20426.523438 8344.556641  
Received data for process last:
15647.874023 7449.831543  
-18147.199219 -5569.204102 -26400.710938 686.012939 -10034.288086 3293.504395 -4728.757812 29151.101562 -3011.495117 -1121.709473 -13060.541016 4938.522461 -543.894043 2602.093018 -868.449646 5870.926270 5586.949707 15647.874023 7449.831543 20426.523438 8344.556641 
Received data for process first:
-10034.288086 -5569.204102  
Received data for process middle:
-26400.710938 -6002.769531  
15647.874023 13704.689453  
Received data for process last:
7449.831543 8344.556641  
-26400.710938 -6002.769531 -10034.288086 -5569.204102 -4728.757812 686.012939 -3011.495117 3293.504395 -13060.541016 29151.101562 -1121.709473 -543.894043 -868.449646 4938.522461 2602.093018 5586.949707 5870.926270 7449.831543 8344.556641 15647.874023 13704.689453 
Received data for process first:
Received data for process middle:
-10034.288086 -7210.073730  
13704.689453 13934.287109  
Received data for process last:
7449.831543 8344.556641  
-6002.769531 -5569.204102  
-10034.288086 -7210.073730 -6002.769531 -5569.204102 -4728.757812 -3011.495117 -13060.541016 686.012939 -1121.709473 3293.504395 -868.449646 29151.101562 -543.894043 2602.093018 4938.522461 5586.949707 5870.926270 7449.831543 8344.556641 13704.689453 13934.287109 
Received data for process first:
-6002.769531 -5569.204102  
Received data for process middle:
-7488.499023 -7210.073730  
13704.689453 13934.287109  
Received data for process last:
7449.831543 8344.556641  
-7488.499023 -7210.073730 -6002.769531 -5569.204102 -13060.541016 -4728.757812 -3011.495117 -1121.709473 -868.449646 686.012939 -543.894043 3293.504395 2602.093018 29151.101562 4938.522461 5586.949707 5870.926270 7449.831543 8344.556641 13704.689453 13934.287109 
Received data for process first:
-13060.541016 -6002.769531  
Received data for process middle:
-7488.499023 -7210.073730  
13704.689453 13934.287109  
Received data for process last:
7449.831543 8344.556641  
-7488.499023 -7210.073730 -13060.541016 -6002.769531 -5569.204102 -4728.757812 -3011.495117 -1121.709473 -868.449646 -543.894043 686.012939 2602.093018 3293.504395 4938.522461 5586.949707 29151.101562 5870.926270 7449.831543 8344.556641 13704.689453 13934.287109 
Received data for process first:
-7210.073730 -6002.769531  
Received data for process middle:
-13060.541016 -7488.499023  
13704.689453 13934.287109  
Received data for process last:
29151.101562 8344.556641  
-13060.541016 -7488.499023 -7210.073730 -6002.769531 -5569.204102 -4728.757812 -3011.495117 -1121.709473 -868.449646 -543.894043 686.012939 2602.093018 3293.504395 4938.522461 5586.949707 5870.926270 7449.831543 29151.101562 8344.556641 13704.689453 13934.287109 
Received data for process first:
-7210.073730 -6002.769531  
Received data for process middle:
-8970.042969 -7488.499023  
29151.101562 13934.287109  
Received data for process last:
8344.556641 13704.689453  
-8970.042969 -7488.499023 -7210.073730 -6002.769531 -5569.204102 -4728.757812 -3011.495117 -1121.709473 -868.449646 -543.894043 686.012939 2602.093018 3293.504395 4938.522461 5586.949707 5870.926270 7449.831543 8344.556641 13704.689453 29151.101562 13934.287109 
Received data for process first:
-7210.073730 -6002.769531  
Received data for process middle:
-8970.042969 -7488.499023  
13934.287109 15027.083008  
Received data for process last:
8344.556641 13704.689453  
-8970.042969 -7488.499023 -7210.073730 -6002.769531 -5569.204102 -4728.757812 -3011.495117 -1121.709473 -868.449646 -543.894043 686.012939 2602.093018 3293.504395 4938.522461 5586.949707 5870.926270 7449.831543 8344.556641 13704.689453 13934.287109 15027.083008 
Received data for process first:
-7210.073730 -6002.769531  
Received data for process middle:
-8970.042969 -7488.499023  
13934.287109 15027.083008  
Received data for process last:
8344.556641 13704.689453  
-8970.042969 -7488.499023 -7210.073730 -6002.769531 -5569.204102 -4728.757812 -3011.495117 -1121.709473 -868.449646 -543.894043 686.012939 2602.093018 3293.504395 4938.522461 5586.949707 5870.926270 7449.831543 8344.556641 13704.689453 13934.287109 15027.083008 
Received data for process first:
-7210.073730 -6002.769531  
Received data for process middle:
-8970.042969 -7488.499023  
13934.287109 15027.083008  
Received data for process last:
8344.556641 13704.689453  
-8970.042969 -7488.499023 -7210.073730 -6002.769531 -5569.204102 -4728.757812 -3011.495117 -1121.709473 -868.449646 -543.894043 686.012939 2602.093018 3293.504395 4938.522461 5586.949707 5870.926270 7449.831543 8344.556641 13704.689453 13934.287109 15027.083008 
Received data for process first:
-7210.073730 -6002.769531  
Received data for process middle:
-8970.042969 -7488.499023  
13934.287109 15027.083008  
Received data for process last:
8344.556641 13704.689453  
Received data for process first:
-8970.042969 -7488.499023 -7210.073730 -6002.769531 -5569.204102 -4728.757812 -3011.495117 -1121.709473 -868.449646 -543.894043 686.012939 2602.093018 3293.504395 4938.522461 5586.949707 5870.926270 7449.831543 8344.556641 13704.689453 13934.287109 15027.083008 
Received data for process middle:
-8970.042969 -7488.499023  
Received data for process last:
8344.556641 13704.689453  
-7210.073730 -6002.769531  
13934.287109 15027.083008  
-8970.042969 -7488.499023 -7210.073730 -6002.769531 -5569.204102 -4728.757812 -3011.495117 -1121.709473 -868.449646 -543.894043 686.012939 2602.093018 3293.504395 4938.522461 5586.949707 5870.926270 7449.831543 8344.556641 13704.689453 13934.287109 15027.083008 
Received data for process first:
-7210.073730 -6002.769531  
Received data for process middle:
-8970.042969 -7488.499023  
13934.287109 15027.083008  
Received data for process last:
8344.556641 13704.689453  
-8970.042969 -7488.499023 -7210.073730 -6002.769531 -5569.204102 -4728.757812 -3011.495117 -1121.709473 -868.449646 -543.894043 686.012939 2602.093018 3293.504395 4938.522461 5586.949707 5870.926270 7449.831543 8344.556641 13704.689453 13934.287109 15027.083008 

real	0m0.213s
user	0m0.009s
sys	0m0.013s
