Proc 0: range = [0, 40)
Proc 1: range = [24, 60)
12229.836914 -30519.386719 -9970.113281 -30362.396484 -13902.499023 20308.919922 2977.763184 -3938.008301 14568.960938 
22976.742188 -3565.328369 -9229.855469 6123.410645 -6881.037598 24220.068359 12229.836914 -30519.386719 -9970.113281 -30362.396484 
Received data for process first:
-30362.396484 -9970.113281  
-9229.855469 22976.742188 -6881.037598 -3565.328369 6123.410645 12229.836914 -30519.386719 24220.068359 -30362.396484 -9970.113281 
Received data for process last:
-30519.386719 24220.068359  
-30519.386719 24220.068359 -30362.396484 -9970.113281 -13902.499023 2977.763184 -3938.008301 20308.919922 14568.960938 
Received data for process last:
-30362.396484 12229.836914  
Received data for process first:
-13902.499023 24220.068359  
-9229.855469 -6881.037598 -3565.328369 22976.742188 -30519.386719 6123.410645 -30362.396484 12229.836914 -13902.499023 24220.068359 
Received data for process first:
-9970.113281 12229.836914  
-30362.396484 12229.836914 -13902.499023 24220.068359 -9970.113281 -3938.008301 2977.763184 14568.960938 20308.919922 
Received data for process last:
-13902.499023 6123.410645  
-13902.499023 6123.410645 -9970.113281 12229.836914 -3938.008301 24220.068359 2977.763184 14568.960938 20308.919922 
-9229.855469 -6881.037598 -30519.386719 -3565.328369 -30362.396484 22976.742188 -13902.499023 6123.410645 -9970.113281 12229.836914 
Received data for process first:
-3938.008301 6123.410645  
Received data for process last:
-9970.113281 22976.742188  
-9970.113281 22976.742188 -3938.008301 6123.410645 2977.763184 12229.836914 14568.960938 24220.068359 20308.919922 
-30519.386719 -9229.855469 -30362.396484 -6881.037598 -13902.499023 -3565.328369 -9970.113281 22976.742188 -3938.008301 6123.410645 
Received data for process first:
2977.763184 22976.742188  
Received data for process last:
-3938.008301 -3565.328369  
-3938.008301 -3565.328369 2977.763184 22976.742188 6123.410645 12229.836914 14568.960938 20308.919922 24220.068359 
-30519.386719 -30362.396484 -13902.499023 -9229.855469 -9970.113281 -6881.037598 -3938.008301 -3565.328369 2977.763184 22976.742188 
Received data for process first:
Received data for process last:
-3938.008301 -3565.328369  
2977.763184 6123.410645  
-3938.008301 -3565.328369 2977.763184 6123.410645 12229.836914 22976.742188 14568.960938 20308.919922 24220.068359 
-30519.386719 -30362.396484 -13902.499023 -9970.113281 -9229.855469 -6881.037598 -3938.008301 -3565.328369 2977.763184 6123.410645 

real	0m0.195s
user	0m0.006s
sys	0m0.012s
