7Number of tasks = 3 My rank = 0
7Number of tasks = 3 My rank = 1
7Number of tasks = 3 My rank = 2

received data for process one : -14799.581055 -10845.235352
Second process data in phase = 0
4248.712402 5330.070801 9038.991211 16857.742188 18393.089844 20886.302734 31330.298828 31354.748047 32359.974609 
Received data for process last:
4248.712402 5330.070801  
Second process data in phase = 1
4248.712402 5330.070801 9038.991211 16857.742188 18393.089844 20886.302734 31330.298828 31354.748047 32359.974609 

received data for process one : -14799.581055 -10845.235352

received data for process one : -14799.581055 -10845.235352
Received data for process last:
4248.712402 5330.070801  
Second process data in phase = 2

received data for process one : 0.000000 -10845.235352
4248.712402 5330.070801 9038.991211 16857.742188 18393.089844 20886.302734 31330.298828 31354.748047 32359.974609 
Received data for process last:
4248.712402 5330.070801  
Second process data in phase = 3
4248.712402 5330.070801 9038.991211 16857.742188 18393.089844 20886.302734 31330.298828 31354.748047 32359.974609 
Received data for process last:
4248.712402 5330.070801  
Second process data in phase = 4

received data for process one : 0.000000 -7091.641602
4248.712402 5330.070801 9038.991211 16857.742188 18393.089844 20886.302734 31330.298828 31354.748047 32359.974609 
Received data for process last:

4248.712402 5330.070801  
Second process data in phase = 5
received data for process one : 0.000000 -5240.214844
4248.712402 5330.070801 9038.991211 16857.742188 18393.089844 20886.302734 31330.298828 31354.748047 32359.974609 
Received data for process last:

received data for process one : 0.000000 -3532.090576
4248.712402 5330.070801  
Second process data in phase = 6
4248.712402 5330.070801 9038.991211 16857.742188 18393.089844 20886.302734 31330.298828 31354.748047 32359.974609 
Received data for process last:
4248.712402 5330.070801  

received data for process one : 0.000000 0.000000
Second process data in phase = 7
4248.712402 5330.070801 9038.991211 16857.742188 18393.089844 20886.302734 31330.298828 31354.748047 32359.974609 
Received data for process last:
4248.712402 5330.070801  

received data for process one : 0.000000 0.000000
Second process data in phase = 8
4248.712402 5330.070801 9038.991211 16857.742188 18393.089844 20886.302734 31330.298828 31354.748047 32359.974609 
Received data for process last:
4248.712402 5330.070801  
Second process data in phase = 9
First Process' result: -5240.214844 0.000000 -3532.090576 0.000000 0.000000 0.000000 0.000000 
Middle Process' Results: 0.000000 0.000000 0.000000 0.000000 0.000000 4248.712402 5330.070801 
4248.712402 5330.070801 9038.991211 16857.742188 18393.089844 20886.302734 31330.298828 31354.748047 32359.974609 
Last Processor's Result :9038.991211 16857.742188 18393.089844 20886.302734 31330.298828 31354.748047 32359.974609 

real	0m0.209s
user	0m0.008s
sys	0m0.014s
