Proc 0: range = [0, 36)
Proc 1: range = [20, 56)
Proc 2: range = [48, 84)
-25720.439453 -10845.235352 -7091.641602 4248.712402 -22763.521484 31330.298828 -3532.090576 9038.991211 -29329.533203 
31354.748047 18393.089844 32359.974609 5330.070801 -29165.416016 16857.742188 -29639.796875 -29430.537109 -14799.581055 
16857.742188 -29639.796875 -29430.537109 -14799.581055 -27992.589844 -5240.214844 20886.302734 -25720.439453 -10845.235352 
Received data for process first:
-29430.537109 -27992.589844  
18393.089844 5330.070801 31354.748047 -29165.416016 32359.974609 -29639.796875 16857.742188 -29430.537109 -27992.589844 
Received data for process middle:
-29639.796875 16857.742188  
-7091.641602 -22763.521484  
-29639.796875 16857.742188 -29430.537109 -27992.589844 -14799.581055 -5240.214844 -25720.439453 -7091.641602 -22763.521484 
Received data for process last:
-27992.589844 -14799.581055  
-27992.589844 -14799.581055 -7091.641602 -22763.521484 4248.712402 -3532.090576 31330.298828 -29329.533203 9038.991211 
Received data for process last:
16857.742188 -25720.439453  
Received data for process first:
-27992.589844 16857.742188  
5330.070801 -29165.416016 18393.089844 -29639.796875 31354.748047 -29430.537109 32359.974609 -27992.589844 16857.742188 
Received data for process middle:
-29430.537109 32359.974609  
-14799.581055 -7091.641602  
-29430.537109 32359.974609 -27992.589844 16857.742188 -25720.439453 -14799.581055 -22763.521484 -14799.581055 -7091.641602 
16857.742188 -25720.439453 -14799.581055 -7091.641602 -3532.090576 -29329.533203 4248.712402 9038.991211 31330.298828 
Received data for process last:
Received data for process first:
-25720.439453 32359.974609  
Received data for process middle:
-27992.589844 31354.748047  
16857.742188 -29329.533203  
-27992.589844 31354.748047 -25720.439453 32359.974609 -22763.521484 16857.742188 -14799.581055 16857.742188 -29329.533203 
32359.974609 -22763.521484  
32359.974609 -22763.521484 16857.742188 -29329.533203 -7091.641602 -3532.090576 4248.712402 9038.991211 31330.298828 
Received data for process last:
-29165.416016 -29639.796875 5330.070801 -29430.537109 18393.089844 -27992.589844 31354.748047 -25720.439453 32359.974609 
Received data for process first:
-22763.521484 31354.748047  
Received data for process middle:
-25720.439453 18393.089844  
32359.974609 -7091.641602  
-25720.439453 18393.089844 -22763.521484 31354.748047 -14799.581055 32359.974609 -29329.533203 32359.974609 -7091.641602 
31354.748047 -14799.581055  
31354.748047 -14799.581055 32359.974609 -7091.641602 16857.742188 -3532.090576 4248.712402 9038.991211 31330.298828 
-29639.796875 -29430.537109 -29165.416016 -27992.589844 5330.070801 -25720.439453 18393.089844 -22763.521484 31354.748047 
Received data for process first:
-14799.581055 18393.089844  
Received data for process middle:
-22763.521484 5330.070801  
31354.748047 -3532.090576  
Received data for process last:
18393.089844 -29329.533203  
18393.089844 -29329.533203 31354.748047 -3532.090576 32359.974609 4248.712402 16857.742188 9038.991211 31330.298828 
-29639.796875 -29430.537109 -29165.416016 -27992.589844 -25720.439453 -22763.521484 5330.070801 -14799.581055 18393.089844 
Received data for process first:
-22763.521484 5330.070801 -14799.581055 18393.089844 -29329.533203 31354.748047 -7091.641602 31354.748047 -3532.090576 
Received data for process middle:
-22763.521484 -14799.581055  
18393.089844 4248.712402  
Received data for process last:
5330.070801 -7091.641602  
-29329.533203 5330.070801  
-29639.796875 -29430.537109 -29165.416016 -27992.589844 -25720.439453 -22763.521484 -14799.581055 -29329.533203 5330.070801 
Received data for process first:
-22763.521484 -14799.581055 -29329.533203 5330.070801 -7091.641602 18393.089844 -3532.090576 18393.089844 4248.712402 
Received data for process middle:
-29329.533203 -22763.521484  
5330.070801 9038.991211  
5330.070801 -7091.641602 18393.089844 4248.712402 31354.748047 9038.991211 32359.974609 16857.742188 31330.298828 
Received data for process last:
-7091.641602 -3532.090576  
-14799.581055 -7091.641602  
-29639.796875 -29430.537109 -29165.416016 -27992.589844 -25720.439453 -29329.533203 -22763.521484 -14799.581055 -7091.641602 
Received data for process first:
-29329.533203 -22763.521484 -14799.581055 -7091.641602 -3532.090576 5330.070801 4248.712402 5330.070801 9038.991211 
Received data for process middle:
-25720.439453 -22763.521484  
5330.070801 9038.991211  
-7091.641602 -3532.090576 5330.070801 9038.991211 18393.089844 16857.742188 31354.748047 31330.298828 32359.974609 
Received data for process last:
-7091.641602 -3532.090576  
-14799.581055 -7091.641602  
-29639.796875 -29430.537109 -29165.416016 -29329.533203 -27992.589844 -25720.439453 -22763.521484 -14799.581055 -7091.641602 
-25720.439453 -22763.521484 -14799.581055 -7091.641602 -3532.090576 4248.712402 5330.070801 5330.070801 9038.991211 
Received data for process middle:
-7091.641602 -3532.090576 5330.070801 9038.991211 16857.742188 18393.089844 31330.298828 31354.748047 32359.974609 
Received data for process last:
-7091.641602 -3532.090576  
Received data for process first:
-14799.581055 -7091.641602  
-29639.796875 -29430.537109 -29329.533203 -29165.416016 -27992.589844 -25720.439453 -22763.521484 -14799.581055 -7091.641602 
-25720.439453 -22763.521484  
5330.070801 9038.991211  
-25720.439453 -22763.521484 -14799.581055 -7091.641602 -3532.090576 4248.712402 5330.070801 5330.070801 9038.991211 
-7091.641602 -3532.090576 5330.070801 9038.991211 16857.742188 18393.089844 31330.298828 31354.748047 32359.974609 

real	0m0.214s
user	0m0.012s
sys	0m0.010s
