Proc 0: range = [0, 8)
-17513.746094 23779.464844 
Proc 1: range = [0, 12)
-17513.746094 23779.464844 -14053.322266 
Proc 2: range = [4, 16)
23779.464844 -14053.322266 -13574.291016 
Proc 3: range = [8, 16)
-14053.322266 -13574.291016 
(first)phase = 0
First process data after
-17513.746094 23779.464844 (first)phase = 1
First : 23779.464844 
First process data after
(middle)phase = 0
middle process data after
-17513.746094 23779.464844 -14053.322266 (middle)phase = 1
middle process data after
(middle)phase = 0
middle process data after
23779.464844 -14053.322266 -13574.291016 (middle)phase = 1
middle process data after
-14053.322266 23779.464844 -13574.291016 (middle)phase = 2
middle process data after
(last)phase = 0
Last process data after
-14053.322266 -13574.291016 First : -14053.322266 
(last)phase = 1
Last process data after
-14053.322266 -13574.291016 First : 23779.464844 
(last)phase = 2
Last process data after
-17513.746094 23779.464844 (first)phase = 2
First : -14053.322266 
First process data after
-17513.746094 -14053.322266 (first)phase = 3
First : -14053.322266 
First process data after
-17513.746094 -14053.322266 23779.464844 (middle)phase = 2
middle process data after
-17513.746094 -14053.322266 23779.464844 (middle)phase = 3
middle process data after
-14053.322266 -13574.291016 23779.464844 (middle)phase = 3
middle process data after
-13574.291016 23779.464844 First : -13574.291016 
(last)phase = 3
Last process data after
-13574.291016 23779.464844 -17513.746094 -14053.322266 -14053.322266 -13574.291016 23779.464844 -17513.746094 -14053.322266 -13574.291016 
real	0m0.219s
user	0m0.007s
sys	0m0.015s
