Information for /home/pp17/ta/hw1/samples/testcase03
---------------------------
File Size: 		84 bytes
the initial data 
Information for /home/pp17/ta/hw1/samples/testcase03
---------------------------
File Size: 		84 bytes
the initial data 
Information for /home/pp17/ta/hw1/samples/testcase03
---------------------------
File Size: 		84 bytes
the initial data 
31354.748047 18393.089844 32359.974609 5330.070801 -29165.416016 16857.742188 -29639.796875 -29430.537109 -14799.581055 -27992.589844 -5240.214844 20886.302734 -25720.439453 -10845.235352 -7091.641602 4248.712402 -22763.521484 31330.298828 -3532.090576 9038.991211 -29329.533203 7Number of tasks = 3 My rank = 0
31354.748047 18393.089844 32359.974609 5330.070801 -29165.416016 16857.742188 -29639.796875 -29430.537109 -14799.581055 -27992.589844 -5240.214844 20886.302734 -25720.439453 -10845.235352 -7091.641602 4248.712402 -22763.521484 31330.298828 -3532.090576 9038.991211 -29329.533203 7Number of tasks = 3 My rank = 1
31354.748047 18393.089844 32359.974609 5330.070801 -29165.416016 16857.742188 -29639.796875 -29430.537109 -14799.581055 -27992.589844 -5240.214844 20886.302734 -25720.439453 -10845.235352 -7091.641602 4248.712402 -22763.521484 31330.298828 -3532.090576 9038.991211 -29329.533203 7Number of tasks = 3 My rank = 2

phase = 0:
18393.089844 31354.748047 -29165.416016 32359.974609 -29639.796875 5330.070801 -29430.537109 16857.742188 -14799.581055 
Middle Process in phase 0 : -29639.796875 -29430.537109 16857.742188 -27992.589844 -14799.581055 -25720.439453 -5240.214844 -10845.235352 20886.302734 -7091.641602 4248.712402 
Second process data in phase = 0
-25720.439453 -10845.235352 -22763.521484 -7091.641602 -3532.090576 4248.712402 -29329.533203 31330.298828 9038.991211 
Received data for process last:
-10845.235352 20886.302734  
Second process data in phase = 1
-22763.521484 -10845.235352 -7091.641602 20886.302734 -29329.533203 -3532.090576 4248.712402 9038.991211 31330.298828 
Received data for process last:

received data for process one : 16857.742188 -27992.589844

phase = 1:
-29165.416016 18393.089844 -29639.796875 31354.748047 -29430.537109 32359.974609 -27992.589844 5330.070801 16857.742188 

received data for process one : 5330.070801 -25720.439453

phase = 2:
Middle Process in phase 1 : -29430.537109 -27992.589844 5330.070801 -25720.439453 16857.742188 -14799.581055 -10845.235352 -22763.521484 -5240.214844 -7091.641602 20886.302734 
-22763.521484 -5240.214844  
Second process data in phase = 2
-22763.521484 -7091.641602 -29329.533203 -5240.214844 -3532.090576 20886.302734 4248.712402 9038.991211 31330.298828 
Received data for process last:
-10845.235352 -7091.641602  
Second process data in phase = 3
-29639.796875 -29165.416016 -29430.537109 18393.089844 -27992.589844 31354.748047 -25720.439453 32359.974609 5330.070801 

received data for process one : 32359.974609 -14799.581055

phase = 3:
Middle Process in phase 2 : -27992.589844 -25720.439453 32359.974609 -14799.581055 5330.070801 -22763.521484 16857.742188 -10845.235352 -7091.641602 -5240.214844 20886.302734 
Middle Process in phase 3 : -25720.439453 -14799.581055 31354.748047 -22763.521484 32359.974609 -10845.235352 5330.070801 -29329.533203 16857.742188 -7091.641602 -5240.214844 
-29329.533203 -10845.235352 -7091.641602 -5240.214844 -3532.090576 4248.712402 9038.991211 20886.302734 31330.298828 
Received data for process last:
-29329.533203 16857.742188  
Second process data in phase = 4
-29639.796875 -29430.537109 -29165.416016 -27992.589844 -25720.439453 18393.089844 -14799.581055 31354.748047 32359.974609 

received data for process one : 31354.748047 -22763.521484

phase = 4:
-29639.796875 -29430.537109 -29165.416016 -27992.589844 -25720.439453 -14799.581055 -22763.521484 18393.089844 31354.748047 

received data for process one : 18393.089844 -10845.235352

phase = 5:
Middle Process in phase 4 : -14799.581055 -22763.521484 18393.089844 -10845.235352 31354.748047 -29329.533203 32359.974609 -7091.641602 5330.070801 -5240.214844 16857.742188 
-29329.533203 -7091.641602 -5240.214844 16857.742188 -3532.090576 4248.712402 9038.991211 20886.302734 31330.298828 
Received data for process last:
-7091.641602 5330.070801  
Second process data in phase = 5
-7091.641602 -5240.214844 -3532.090576 5330.070801 4248.712402 16857.742188 9038.991211 20886.302734 31330.298828 
Received data for process last:
-5240.214844 32359.974609  
Second process data in phase = 6
-29639.796875 -29430.537109 -29165.416016 -27992.589844 -25720.439453 -22763.521484 -14799.581055 -10845.235352 18393.089844 

received data for process one : -10845.235352 -29329.533203

phase = 6:
-29639.796875 -29430.537109 -29165.416016 -27992.589844 -25720.439453 -22763.521484 -29329.533203 -14799.581055 -10845.235352 
Middle Process in phase 5 : -22763.521484 -14799.581055 -10845.235352 -29329.533203 18393.089844 -7091.641602 31354.748047 -5240.214844 32359.974609 5330.070801 16857.742188 
Middle Process in phase 6 : -22763.521484 -29329.533203 -14799.581055 -10845.235352 -7091.641602 -5240.214844 18393.089844 -3532.090576 31354.748047 5330.070801 32359.974609 
-5240.214844 -3532.090576 4248.712402 32359.974609 5330.070801 9038.991211 16857.742188 20886.302734 31330.298828 
Received data for process last:
-3532.090576 31354.748047  
Second process data in phase = 7

received data for process one : -14799.581055 -10845.235352

phase = 7:
-29639.796875 -29430.537109 -29165.416016 -27992.589844 -29329.533203 -25720.439453 -22763.521484 -14799.581055 -10845.235352 

received data for process one : -14799.581055 -10845.235352
Middle Process in phase 7 : -29329.533203 -22763.521484 -14799.581055 -10845.235352 -7091.641602 -5240.214844 -3532.090576 4248.712402 18393.089844 31354.748047 32359.974609 
-3532.090576 4248.712402 5330.070801 31354.748047 9038.991211 32359.974609 16857.742188 20886.302734 31330.298828 
Received data for process last:
4248.712402 18393.089844  
Second process data in phase = 8

phase = 8:
-29639.796875 -29430.537109 -29329.533203 -29165.416016 -27992.589844 -25720.439453 -22763.521484 -14799.581055 -10845.235352 

received data for process one : -14799.581055 -10845.235352
Middle Process in phase 8 : -25720.439453 -22763.521484 -14799.581055 -10845.235352 -7091.641602 -5240.214844 -3532.090576 4248.712402 5330.070801 18393.089844 31354.748047 
4248.712402 5330.070801 9038.991211 18393.089844 16857.742188 31354.748047 20886.302734 32359.974609 31330.298828 
Received data for process last:
4248.712402 5330.070801  

phase = 9:
-29639.796875 -29430.537109 -29329.533203 -29165.416016 -27992.589844 -25720.439453 -22763.521484 -14799.581055 -10845.235352 
Middle Process in phase 9 : -25720.439453 -22763.521484 -14799.581055 -10845.235352 -7091.641602 -5240.214844 -3532.090576 4248.712402 5330.070801 9038.991211 18393.089844 
Middle Process' Results: -14799.581055 -10845.235352 -7091.641602 -5240.214844 -3532.090576 4248.712402 5330.070801 
Final Answer:-29639.796875 -29430.537109 -29329.533203 -29165.416016 -27992.589844 -25720.439453 -22763.521484 -14799.581055 -10845.235352 -7091.641602 -5240.214844 -3532.090576 4248.712402 5330.070801 9038.991211 16857.742188 18393.089844 20886.302734 31330.298828 31354.748047 32359.974609 
Second process data in phase = 9
4248.712402 5330.070801 9038.991211 16857.742188 18393.089844 20886.302734 31330.298828 31354.748047 32359.974609 

real	0m0.206s
user	0m0.008s
sys	0m0.013s
