Proc 0: range = [0, 36)
Proc 1: range = [20, 56)
Proc 2: range = [48, 84)
-25720.439453 -10845.235352 -7091.641602 4248.712402 -22763.521484 31330.298828 -3532.090576 9038.991211 -29329.533203 
31354.748047 18393.089844 32359.974609 5330.070801 -29165.416016 16857.742188 -29639.796875 -29430.537109 -14799.581055 
16857.742188 -29639.796875 -29430.537109 -14799.581055 -27992.589844 -5240.214844 20886.302734 -25720.439453 -10845.235352 
Received data for process first:
16857.742188 -27992.589844  
Received data for process middle:
-29639.796875 16857.742188  
-7091.641602 -22763.521484  
-29639.796875 16857.742188 16857.742188 -27992.589844 -14799.581055 -25720.439453 -5240.214844 -7091.641602 -22763.521484 
Received data for process last:
-27992.589844 -14799.581055  
Received data for process last:
-25720.439453 16857.742188  
Received data for process first:
16857.742188 -25720.439453  
Received data for process middle:
16857.742188 32359.974609  
-14799.581055 -7091.641602  
16857.742188 32359.974609 16857.742188 -25720.439453 16857.742188 -14799.581055 -7091.641602 -14799.581055 -7091.641602 
Received data for process first:
32359.974609 -14799.581055  
Received data for process middle:
16857.742188 31354.748047  
16857.742188 -29329.533203  
Received data for process last:
-14799.581055 16857.742188  
Received data for process first:
31354.748047 -14799.581055  
16857.742188 31354.748047 32359.974609 -14799.581055 16857.742188 -14799.581055 16857.742188 16857.742188 -29329.533203 
Received data for process middle:
18393.089844 31354.748047  
16857.742188 -7091.641602  
Received data for process last:
-14799.581055 32359.974609  
18393.089844 31354.748047 31354.748047 -14799.581055 32359.974609 16857.742188 16857.742188 16857.742188 -7091.641602 
Received data for process first:
31354.748047 16857.742188  
Received data for process middle:
18393.089844 31354.748047  
32359.974609 -3532.090576  
Received data for process last:
16857.742188 31354.748047  
18393.089844 31354.748047 31354.748047 16857.742188 31354.748047 16857.742188 32359.974609 32359.974609 -3532.090576 
Received data for process first:
31354.748047 16857.742188  
Received data for process middle:
18393.089844 31354.748047  
31354.748047 4248.712402  
Received data for process last:
16857.742188 31354.748047  
18393.089844 31354.748047 31354.748047 16857.742188 31354.748047 31354.748047 32359.974609 31354.748047 4248.712402 
Received data for process first:
31354.748047 31354.748047  
Received data for process middle:
18393.089844 31354.748047  
31354.748047 9038.991211  
Received data for process last:
31354.748047 31354.748047  
18393.089844 31354.748047 31354.748047 31354.748047 31354.748047 31354.748047 31354.748047 31354.748047 9038.991211 
Received data for process first:
31354.748047 31354.748047  
Received data for process middle:
18393.089844 31354.748047  
31354.748047 16857.742188  
18393.089844 31354.748047 31354.748047 31354.748047 31354.748047 31354.748047 31354.748047 31354.748047 16857.742188 
Received data for process last:
31354.748047 31354.748047  
Received data for process first:
31354.748047 31354.748047  
Received data for process middle:
18393.089844 31354.748047  
31354.748047 16857.742188  
Received data for process last:
31354.748047 31354.748047  
18393.089844 31354.748047 31354.748047 31354.748047 31354.748047 31354.748047 31354.748047 31354.748047 16857.742188 

real	0m0.215s
user	0m0.009s
sys	0m0.011s
