Proc 0: range = [0, 52)
Proc 1: range = [36, 84)
31354.748047 18393.089844 32359.974609 5330.070801 -29165.416016 16857.742188 -29639.796875 -29430.537109 -14799.581055 -27992.589844 -5240.214844 20886.302734 -25720.439453 
-27992.589844 -5240.214844 20886.302734 -25720.439453 -10845.235352 -7091.641602 4248.712402 -22763.521484 31330.298828 -3532.090576 9038.991211 -29329.533203 
Received data for process first:
-25720.439453 20886.302734  
18393.089844 5330.070801 31354.748047 -29165.416016 32359.974609 -29639.796875 16857.742188 -29430.537109 -27992.589844 -14799.581055 -5240.214844 -25720.439453 20886.302734 
Received data for process last:
-14799.581055 -5240.214844  
-14799.581055 -5240.214844 -25720.439453 20886.302734 -10845.235352 -7091.641602 -22763.521484 4248.712402 -3532.090576 31330.298828 -29329.533203 9038.991211 
Received data for process first:
-10845.235352 -5240.214844  
Received data for process last:
-25720.439453 -14799.581055  
-25720.439453 -14799.581055 -10845.235352 -5240.214844 -22763.521484 20886.302734 -7091.641602 -3532.090576 -29329.533203 4248.712402 9038.991211 31330.298828 
5330.070801 -29165.416016 18393.089844 -29639.796875 31354.748047 -29430.537109 32359.974609 -27992.589844 16857.742188 -25720.439453 -14799.581055 -10845.235352 -5240.214844 
Received data for process first:
-22763.521484 -10845.235352  
Received data for process last:
-14799.581055 16857.742188  
-29165.416016 -29639.796875 5330.070801 -29430.537109 18393.089844 -27992.589844 31354.748047 -25720.439453 32359.974609 -14799.581055 16857.742188 -22763.521484 -10845.235352 
Received data for process first:
-14799.581055 16857.742188 -22763.521484 -10845.235352 -7091.641602 -5240.214844 -29329.533203 20886.302734 -3532.090576 4248.712402 9038.991211 31330.298828 
Received data for process last:
-22763.521484 32359.974609  
-10845.235352 16857.742188  
-29639.796875 -29430.537109 -29165.416016 -27992.589844 5330.070801 -25720.439453 18393.089844 -14799.581055 31354.748047 -22763.521484 32359.974609 -10845.235352 16857.742188 
-22763.521484 32359.974609 -10845.235352 16857.742188 -29329.533203 -7091.641602 -5240.214844 -3532.090576 4248.712402 20886.302734 9038.991211 31330.298828 
Received data for process first:
-29329.533203 32359.974609  
Received data for process last:
-10845.235352 31354.748047  
-10845.235352 31354.748047 -29329.533203 32359.974609 -7091.641602 16857.742188 -5240.214844 -3532.090576 4248.712402 9038.991211 20886.302734 31330.298828 
-29639.796875 -29430.537109 -29165.416016 -27992.589844 -25720.439453 -14799.581055 5330.070801 -22763.521484 18393.089844 -10845.235352 31354.748047 -29329.533203 32359.974609 
Received data for process first:
-7091.641602 31354.748047  
Received data for process last:
-29329.533203 18393.089844  
-29639.796875 -29430.537109 -29165.416016 -27992.589844 -25720.439453 -22763.521484 -14799.581055 -10845.235352 5330.070801 -29329.533203 18393.089844 -7091.641602 31354.748047 
Received data for process first:
-29329.533203 18393.089844 -7091.641602 31354.748047 -5240.214844 32359.974609 -3532.090576 16857.742188 4248.712402 9038.991211 20886.302734 31330.298828 
Received data for process last:
-7091.641602 5330.070801  
-5240.214844 18393.089844  
-7091.641602 5330.070801 -5240.214844 18393.089844 -3532.090576 31354.748047 4248.712402 32359.974609 9038.991211 16857.742188 20886.302734 31330.298828 
Received data for process last:
-29639.796875 -29430.537109 -29165.416016 -27992.589844 -25720.439453 -22763.521484 -14799.581055 -29329.533203 -10845.235352 -7091.641602 5330.070801 -5240.214844 18393.089844 
Received data for process first:
-3532.090576 5330.070801  
-7091.641602 -5240.214844  
-29639.796875 -29430.537109 -29165.416016 -27992.589844 -25720.439453 -29329.533203 -22763.521484 -14799.581055 -10845.235352 -7091.641602 -5240.214844 -3532.090576 5330.070801 
Received data for process first:
-3532.090576 4248.712402  
-7091.641602 -5240.214844 -3532.090576 5330.070801 4248.712402 18393.089844 9038.991211 31354.748047 16857.742188 32359.974609 20886.302734 31330.298828 
Received data for process last:
-7091.641602 -5240.214844  
-29639.796875 -29430.537109 -29165.416016 -29329.533203 -27992.589844 -25720.439453 -22763.521484 -14799.581055 -10845.235352 -7091.641602 -5240.214844 -3532.090576 4248.712402 
-7091.641602 -5240.214844 -3532.090576 4248.712402 5330.070801 9038.991211 16857.742188 18393.089844 20886.302734 31354.748047 31330.298828 32359.974609 

real	0m0.193s
user	0m0.007s
sys	0m0.012s
