Proc 0: range = [0, 8)
22976.742188 -3565.328369 
Proc 5: range = [16, 28)
-6881.037598 24220.068359 12229.836914 
Proc 6: range = [20, 32)
24220.068359 12229.836914 -30519.386719 
Proc 7: range = [24, 36)
12229.836914 -30519.386719 -9970.113281 
Proc 8: range = [28, 40)
-30519.386719 -9970.113281 -30362.396484 
Proc 9: range = [32, 60)
-9970.113281 -30362.396484 -13902.499023 20308.919922 2977.763184 -3938.008301 14568.960938 
(middle)phase = 0
middle process data after
-6881.037598 24220.068359 12229.836914 (middle)phase = 1
middle process data after
(middle)phase = 0
middle process data after
24220.068359 -30519.386719 12229.836914 (middle)phase = 1
middle process data after
(middle)phase = 0
middle process data after
-30519.386719 12229.836914 -9970.113281 (middle)phase = 1
middle process data after
(middle)phase = 0
middle process data after
-30519.386719 -30362.396484 -9970.113281 (middle)phase = 1
middle process data after
(last)phase = 0
Last process data after
-30362.396484 -9970.113281 -13902.499023 20308.919922 -3938.008301 2977.763184 14568.960938 First : -30362.396484 
(last)phase = 1
Last process data after
-6881.037598 -30519.386719 24220.068359 (middle)phase = 2
middle process data after
-30519.386719 6123.410645 24220.068359 (middle)phase = 3
middle process data after
-30519.386719 24220.068359 12229.836914 (middle)phase = 2
middle process data after
-30519.386719 -30362.396484 24220.068359 (middle)phase = 3
middle process data after
-30519.386719 -30362.396484 12229.836914 (middle)phase = 2
middle process data after
-30362.396484 24220.068359 12229.836914 (middle)phase = 3
middle process data after
-30362.396484 -13902.499023 24220.068359 (middle)phase = 4
middle process data after
-30362.396484 12229.836914 -9970.113281 (middle)phase = 2
middle process data after
-30362.396484 -13902.499023 12229.836914 (middle)phase = 3
middle process data after
-13902.499023 24220.068359 12229.836914 (middle)phase = 4
middle process data after
-30362.396484 -13902.499023 -9970.113281 -3938.008301 20308.919922 2977.763184 14568.960938 First : 12229.836914 
(last)phase = 2
Last process data after
-13902.499023 12229.836914 -9970.113281 -3938.008301 2977.763184 20308.919922 14568.960938 First : -13902.499023 
(last)phase = 3
Last process data after
-13902.499023 -9970.113281 12229.836914 -3938.008301 2977.763184 14568.960938 20308.919922 First : 24220.068359 
(last)phase = 4
Last process data after
-9970.113281 24220.068359 -3938.008301 12229.836914 2977.763184 14568.960938 20308.919922 First : -9970.113281 
(last)phase = 5
Last process data after
-30519.386719 -30362.396484 6123.410645 (middle)phase = 4
middle process data after
-30362.396484 22976.742188 6123.410645 (middle)phase = 5
middle process data after
-30362.396484 -13902.499023 22976.742188 (middle)phase = 6
-30362.396484 6123.410645 24220.068359 (middle)phase = 4
middle process data after
-30362.396484 -13902.499023 6123.410645 (middle)phase = 5
middle process data after
-13902.499023 22976.742188 6123.410645 (middle)phase = 6
middle process data after
-13902.499023 6123.410645 24220.068359 (middle)phase = 5
middle process data after
-13902.499023 -9970.113281 6123.410645 (middle)phase = 6
middle process data after
-13902.499023 -9970.113281 24220.068359 (middle)phase = 5
middle process data after
-9970.113281 6123.410645 24220.068359 (middle)phase = 6
middle process data after
-9970.113281 -3938.008301 24220.068359 2977.763184 12229.836914 14568.960938 20308.919922 First : 6123.410645 
(last)phase = 6
Last process data after
-3938.008301 6123.410645 2977.763184 24220.068359 12229.836914 14568.960938 20308.919922 First : -3938.008301 
(last)phase = 7
Last process data after
middle process data after
-13902.499023 -3565.328369 22976.742188 (middle)phase = 7
middle process data after
-13902.499023 -9970.113281 22976.742188 (middle)phase = 7
middle process data after
-9970.113281 -3565.328369 22976.742188 (middle)phase = 8
middle process data after
-9970.113281 22976.742188 6123.410645 (middle)phase = 7
middle process data after
-9970.113281 -3938.008301 22976.742188 (middle)phase = 8
middle process data after
-9970.113281 -3938.008301 6123.410645 (middle)phase = 7
middle process data after
-3938.008301 22976.742188 6123.410645 (middle)phase = 8
middle process data after
-3938.008301 2977.763184 6123.410645 12229.836914 24220.068359 14568.960938 20308.919922 First : 22976.742188 
(last)phase = 8
Last process data after
-13902.499023 -9970.113281 -3565.328369 (middle)phase = 8
middle process data after
-9970.113281 -6881.037598 -3565.328369 (middle)phase = 9
middle process data after
-9970.113281 -3938.008301 -3565.328369 (middle)phase = 9
middle process data after
-6881.037598 -3938.008301 -3565.328369 (middle)phase = 10
middle process data after
-3938.008301 -3565.328369 22976.742188 (middle)phase = 9
middle process data after
-3938.008301 -3565.328369 2977.763184 (middle)phase = 10
middle process data after
-3938.008301 2977.763184 22976.742188 (middle)phase = 9
middle process data after
-3565.328369 2977.763184 22976.742188 (middle)phase = 10
middle process data after
2977.763184 22976.742188 6123.410645 12229.836914 14568.960938 24220.068359 20308.919922 First : 2977.763184 
(last)phase = 9
Last process data after
2977.763184 6123.410645 22976.742188 12229.836914 14568.960938 20308.919922 24220.068359 First : 2977.763184 
(last)phase = 10
Last process data after
-9970.113281 -6881.037598 -3938.008301 (middle)phase = 10
middle process data after
-9229.855469 -6881.037598 -3938.008301 (middle)phase = 11
middle process data after
-6881.037598 -3938.008301 -3565.328369 (middle)phase = 11
middle process data after
-3938.008301 -3565.328369 2977.763184 (middle)phase = 11
middle process data after
-3565.328369 2977.763184 6123.410645 (middle)phase = 11
middle process data after
2977.763184 6123.410645 12229.836914 22976.742188 14568.960938 20308.919922 24220.068359 First : 2977.763184 
(last)phase = 11
Last process data after
-9229.855469 -6881.037598 -3938.008301 (middle)phase = 12
middle process data after
-6881.037598 -3938.008301 -3565.328369 (middle)phase = 12
middle process data after
-3938.008301 -3565.328369 2977.763184 (middle)phase = 12
middle process data after
-3565.328369 2977.763184 6123.410645 (middle)phase = 12
middle process data after
2977.763184 6123.410645 12229.836914 14568.960938 22976.742188 20308.919922 24220.068359 First : 2977.763184 
(last)phase = 12
Last process data after
2977.763184 6123.410645 12229.836914 14568.960938 20308.919922 22976.742188 24220.068359 First : 2977.763184 
(last)phase = 13
-9229.855469 -6881.037598 -3938.008301 (middle)phase = 13
middle process data after
-6881.037598 -3938.008301 -3565.328369 (middle)phase = 13
middle process data after
-3938.008301 -3565.328369 2977.763184 (middle)phase = 13
middle process data after
-3565.328369 2977.763184 6123.410645 (middle)phase = 13
middle process data after
Last process data after
-6881.037598 -3938.008301 -3565.328369 Proc 1: range = [0, 12)
22976.742188 -3565.328369 -9229.855469 
Proc 2: range = [4, 16)
-3565.328369 -9229.855469 6123.410645 
Proc 3: range = [8, 20)
-9229.855469 6123.410645 -6881.037598 
Proc 4: range = [12, 24)
6123.410645 -6881.037598 24220.068359 
(first)phase = 0
First process data after
-3565.328369 22976.742188 (first)phase = 1
First : 22976.742188 
First process data after
(middle)phase = 0
middle process data after
-3565.328369 22976.742188 -9229.855469 (middle)phase = 1
middle process data after
(middle)phase = 0
middle process data after
-3565.328369 -9229.855469 6123.410645 (middle)phase = 1
middle process data after
(middle)phase = 0
middle process data after
-9229.855469 6123.410645 -6881.037598 (middle)phase = 1
middle process data after
(middle)phase = 0
middle process data after
6123.410645 -6881.037598 24220.068359 (middle)phase = 1
middle process data after
-3565.328369 22976.742188 (first)phase = 2
First : -9229.855469 
First process data after
-9229.855469 -3565.328369 (first)phase = 3
First : -3565.328369 
First process data after
-3565.328369 -9229.855469 22976.742188 (middle)phase = 2
middle process data after
-9229.855469 -3565.328369 22976.742188 (middle)phase = 3
middle process data after
-9229.855469 -6881.037598 -3565.328369 (middle)phase = 4
-9229.855469 22976.742188 6123.410645 (middle)phase = 2
middle process data after
-9229.855469 -6881.037598 22976.742188 (middle)phase = 3
middle process data after
-6881.037598 -3565.328369 22976.742188 (middle)phase = 4
middle process data after
-9229.855469 -6881.037598 6123.410645 (middle)phase = 2
middle process data after
-6881.037598 22976.742188 6123.410645 (middle)phase = 3
middle process data after
-6881.037598 -30519.386719 22976.742188 (middle)phase = 4
middle process data after
-6881.037598 6123.410645 24220.068359 (middle)phase = 2
middle process data after
-6881.037598 -30519.386719 6123.410645 (middle)phase = 3
middle process data after
-30519.386719 22976.742188 6123.410645 (middle)phase = 4
middle process data after
-30519.386719 -30362.396484 22976.742188 (middle)phase = 5
middle process data after
-9229.855469 -3565.328369 (first)phase = 4
First : -6881.037598 
First process data after
-9229.855469 -6881.037598 (first)phase = 5
First : -6881.037598 
First process data after
middle process data after
-9229.855469 -6881.037598 -3565.328369 (middle)phase = 5
middle process data after
-9229.855469 -30519.386719 -6881.037598 (middle)phase = 6
-6881.037598 -30519.386719 -3565.328369 (middle)phase = 5
middle process data after
-30519.386719 -6881.037598 -3565.328369 (middle)phase = 6
middle process data after
-30519.386719 -3565.328369 22976.742188 (middle)phase = 5
middle process data after
-30519.386719 -30362.396484 -3565.328369 (middle)phase = 6
middle process data after
-30362.396484 -3565.328369 22976.742188 (middle)phase = 6
middle process data after
-9229.855469 -6881.037598 (first)phase = 6
First : -30519.386719 
First process data after
-30519.386719 -9229.855469 (first)phase = 7
First : -9229.855469 
First process data after
middle process data after
-30519.386719 -9229.855469 -6881.037598 (middle)phase = 7
middle process data after
-30519.386719 -30362.396484 -6881.037598 (middle)phase = 7
middle process data after
-30362.396484 -9229.855469 -6881.037598 (middle)phase = 8
-30362.396484 -6881.037598 -3565.328369 (middle)phase = 7
middle process data after
-30362.396484 -13902.499023 -6881.037598 (middle)phase = 8
middle process data after
-30362.396484 -13902.499023 -3565.328369 (middle)phase = 7
middle process data after
-13902.499023 -6881.037598 -3565.328369 (middle)phase = 8
middle process data after
-30519.386719 -9229.855469 (first)phase = 8
First : -30362.396484 
First process data after
-30519.386719 -30362.396484 -9229.855469 (middle)phase = 8
middle process data after
-30519.386719 -30362.396484 -9229.855469 (middle)phase = 9
middle process data after
middle process data after
-30362.396484 -13902.499023 -9229.855469 (middle)phase = 9
middle process data after
-13902.499023 -9229.855469 -6881.037598 (middle)phase = 9
middle process data after
-30519.386719 -30362.396484 (first)phase = 9
First : -30362.396484 
First process data after
-30519.386719 -30362.396484 (first)phase = 10
First : -30362.396484 
First process data after
-30519.386719 -30362.396484 -13902.499023 (middle)phase = 10
middle process data after
-30362.396484 -13902.499023 -9229.855469 (middle)phase = 10
middle process data after
-13902.499023 -9970.113281 -9229.855469 (middle)phase = 10
middle process data after
-13902.499023 -9970.113281 -9229.855469 (middle)phase = 11
middle process data after
-13902.499023 -9970.113281 -6881.037598 (middle)phase = 9
middle process data after
-9970.113281 -9229.855469 -6881.037598 (middle)phase = 10
middle process data after
-9970.113281 -9229.855469 -6881.037598 (middle)phase = 11
middle process data after
-30519.386719 -30362.396484 (first)phase = 11
First : -30362.396484 
First process data after
-30519.386719 -30362.396484 -13902.499023 (middle)phase = 11
middle process data after
-30362.396484 -13902.499023 -9970.113281 (middle)phase = 11
middle process data after
-30519.386719 -30362.396484 (first)phase = 12
-30519.386719 -30362.396484 -13902.499023 (middle)phase = 12
middle process data after
-30362.396484 -13902.499023 -9970.113281 (middle)phase = 12
middle process data after
-13902.499023 -9970.113281 -9229.855469 (middle)phase = 12
middle process data after
-9970.113281 -9229.855469 -6881.037598 (middle)phase = 12
middle process data after
First : -30362.396484 
First process data after
-30519.386719 -30362.396484 (first)phase = 13
First : -30362.396484 
First process data after
-30519.386719 -30362.396484 -13902.499023 (middle)phase = 13
middle process data after
-30362.396484 -13902.499023 -9970.113281 (middle)phase = 13
middle process data after
-13902.499023 -9970.113281 -9229.855469 (middle)phase = 13
middle process data after
-9970.113281 -9229.855469 -6881.037598 (middle)phase = 13
middle process data after
-30519.386719 -30362.396484 -13902.499023 -30519.386719 -30362.396484 -9970.113281 -9229.855469 -6881.037598 -30362.396484 -13902.499023 -9970.113281 -13902.499023 -9970.113281 -9229.855469 -3938.008301 -3565.328369 2977.763184 -9229.855469 -6881.037598 -3938.008301 -3565.328369 2977.763184 6123.410645 2977.763184 6123.410645 12229.836914 14568.960938 20308.919922 22976.742188 24220.068359 
real	0m0.403s
user	0m0.015s
sys	0m0.021s
